{"/home/jdperla/VSCode_Linux/SoftwareDesign/AdvisingHub-fresh1/backend/src/app.js": {"path":"/home/jdperla/VSCode_Linux/SoftwareDesign/AdvisingHub-fresh1/backend/src/app.js","statementMap":{"0":{"start":{"line":1,"column":16},"end":{"line":1,"column":34}},"1":{"start":{"line":2,"column":13},"end":{"line":2,"column":28}},"2":{"start":{"line":4,"column":25},"end":{"line":4,"column":61}},"3":{"start":{"line":5,"column":20},"end":{"line":5,"column":51}},"4":{"start":{"line":6,"column":29},"end":{"line":6,"column":69}},"5":{"start":{"line":7,"column":26},"end":{"line":7,"column":63}},"6":{"start":{"line":8,"column":31},"end":{"line":8,"column":73}},"7":{"start":{"line":9,"column":12},"end":{"line":9,"column":21}},"8":{"start":{"line":11,"column":0},"end":{"line":11,"column":16}},"9":{"start":{"line":12,"column":0},"end":{"line":12,"column":24}},"10":{"start":{"line":14,"column":0},"end":{"line":19,"column":3}},"11":{"start":{"line":15,"column":2},"end":{"line":18,"column":5}},"12":{"start":{"line":21,"column":0},"end":{"line":21,"column":46}},"13":{"start":{"line":22,"column":0},"end":{"line":22,"column":35}},"14":{"start":{"line":23,"column":0},"end":{"line":23,"column":47}},"15":{"start":{"line":24,"column":0},"end":{"line":24,"column":48}},"16":{"start":{"line":25,"column":0},"end":{"line":25,"column":59}},"17":{"start":{"line":29,"column":0},"end":{"line":34,"column":3}},"18":{"start":{"line":30,"column":2},"end":{"line":33,"column":5}},"19":{"start":{"line":37,"column":0},"end":{"line":45,"column":3}},"20":{"start":{"line":38,"column":2},"end":{"line":38,"column":21}},"21":{"start":{"line":40,"column":21},"end":{"line":40,"column":42}},"22":{"start":{"line":41,"column":2},"end":{"line":44,"column":5}},"23":{"start":{"line":47,"column":0},"end":{"line":47,"column":21}}},"fnMap":{"0":{"name":"(anonymous_0)","decl":{"start":{"line":14,"column":23},"end":{"line":14,"column":24}},"loc":{"start":{"line":14,"column":37},"end":{"line":19,"column":1}},"line":14},"1":{"name":"(anonymous_1)","decl":{"start":{"line":29,"column":8},"end":{"line":29,"column":9}},"loc":{"start":{"line":29,"column":22},"end":{"line":34,"column":1}},"line":29},"2":{"name":"(anonymous_2)","decl":{"start":{"line":37,"column":8},"end":{"line":37,"column":9}},"loc":{"start":{"line":37,"column":33},"end":{"line":45,"column":1}},"line":37}},"branchMap":{"0":{"loc":{"start":{"line":40,"column":21},"end":{"line":40,"column":42}},"type":"binary-expr","locations":[{"start":{"line":40,"column":21},"end":{"line":40,"column":35}},{"start":{"line":40,"column":39},"end":{"line":40,"column":42}}],"line":40},"1":{"loc":{"start":{"line":43,"column":11},"end":{"line":43,"column":49}},"type":"binary-expr","locations":[{"start":{"line":43,"column":11},"end":{"line":43,"column":22}},{"start":{"line":43,"column":26},"end":{"line":43,"column":49}}],"line":43}},"s":{"0":4,"1":4,"2":4,"3":4,"4":4,"5":4,"6":4,"7":4,"8":4,"9":4,"10":4,"11":0,"12":4,"13":4,"14":4,"15":4,"16":4,"17":4,"18":0,"19":4,"20":4,"21":4,"22":4,"23":4},"f":{"0":0,"1":0,"2":4},"b":{"0":[4,0],"1":[4,0]},"_coverageSchema":"1a1c01bbd47fc00a2c39e90264f33305004495a9","hash":"d4aa4feaa27585dc25192cf80bd9d18833242dfb"}
,"/home/jdperla/VSCode_Linux/SoftwareDesign/AdvisingHub-fresh1/backend/src/controllers/adminQueueController.js": {"path":"/home/jdperla/VSCode_Linux/SoftwareDesign/AdvisingHub-fresh1/backend/src/controllers/adminQueueController.js","statementMap":{"0":{"start":{"line":1,"column":21},"end":{"line":1,"column":56}},"1":{"start":{"line":4,"column":2},"end":{"line":13,"column":3}},"2":{"start":{"line":5,"column":18},"end":{"line":5,"column":54}},"3":{"start":{"line":7,"column":4},"end":{"line":10,"column":7}},"4":{"start":{"line":12,"column":4},"end":{"line":12,"column":16}},"5":{"start":{"line":17,"column":2},"end":{"line":27,"column":3}},"6":{"start":{"line":18,"column":23},"end":{"line":18,"column":57}},"7":{"start":{"line":20,"column":4},"end":{"line":24,"column":7}},"8":{"start":{"line":26,"column":4},"end":{"line":26,"column":16}},"9":{"start":{"line":30,"column":2},"end":{"line":40,"column":3}},"10":{"start":{"line":31,"column":24},"end":{"line":31,"column":73}},"11":{"start":{"line":33,"column":4},"end":{"line":37,"column":7}},"12":{"start":{"line":39,"column":4},"end":{"line":39,"column":16}},"13":{"start":{"line":44,"column":2},"end":{"line":54,"column":3}},"14":{"start":{"line":45,"column":26},"end":{"line":45,"column":80}},"15":{"start":{"line":47,"column":4},"end":{"line":51,"column":7}},"16":{"start":{"line":53,"column":4},"end":{"line":53,"column":16}},"17":{"start":{"line":57,"column":0},"end":{"line":62,"column":2}}},"fnMap":{"0":{"name":"getCurrentQueue","decl":{"start":{"line":3,"column":15},"end":{"line":3,"column":30}},"loc":{"start":{"line":3,"column":47},"end":{"line":14,"column":1}},"line":3},"1":{"name":"serveNextUser","decl":{"start":{"line":16,"column":15},"end":{"line":16,"column":28}},"loc":{"start":{"line":16,"column":45},"end":{"line":28,"column":1}},"line":16},"2":{"name":"markNoShow","decl":{"start":{"line":29,"column":15},"end":{"line":29,"column":25}},"loc":{"start":{"line":29,"column":42},"end":{"line":41,"column":1}},"line":29},"3":{"name":"completeServing","decl":{"start":{"line":43,"column":15},"end":{"line":43,"column":30}},"loc":{"start":{"line":43,"column":47},"end":{"line":55,"column":1}},"line":43}},"branchMap":{},"s":{"0":4,"1":1,"2":1,"3":1,"4":0,"5":2,"6":2,"7":1,"8":1,"9":1,"10":1,"11":1,"12":0,"13":1,"14":1,"15":1,"16":0,"17":4},"f":{"0":1,"1":2,"2":1,"3":1},"b":{},"_coverageSchema":"1a1c01bbd47fc00a2c39e90264f33305004495a9","hash":"f66fdd0ada45b4e4efb98b3eff70d89b911cf026"}
,"/home/jdperla/VSCode_Linux/SoftwareDesign/AdvisingHub-fresh1/backend/src/controllers/appointmentController.js": {"path":"/home/jdperla/VSCode_Linux/SoftwareDesign/AdvisingHub-fresh1/backend/src/controllers/appointmentController.js","statementMap":{"0":{"start":{"line":1,"column":27},"end":{"line":1,"column":68}},"1":{"start":{"line":4,"column":2},"end":{"line":14,"column":3}},"2":{"start":{"line":5,"column":24},"end":{"line":5,"column":76}},"3":{"start":{"line":7,"column":4},"end":{"line":11,"column":7}},"4":{"start":{"line":13,"column":4},"end":{"line":13,"column":16}},"5":{"start":{"line":18,"column":2},"end":{"line":27,"column":3}},"6":{"start":{"line":19,"column":25},"end":{"line":19,"column":96}},"7":{"start":{"line":21,"column":4},"end":{"line":24,"column":7}},"8":{"start":{"line":26,"column":4},"end":{"line":26,"column":16}},"9":{"start":{"line":31,"column":2},"end":{"line":40,"column":3}},"10":{"start":{"line":32,"column":25},"end":{"line":32,"column":72}},"11":{"start":{"line":34,"column":4},"end":{"line":37,"column":7}},"12":{"start":{"line":39,"column":4},"end":{"line":39,"column":16}},"13":{"start":{"line":43,"column":0},"end":{"line":47,"column":2}}},"fnMap":{"0":{"name":"createAppointment","decl":{"start":{"line":3,"column":15},"end":{"line":3,"column":32}},"loc":{"start":{"line":3,"column":49},"end":{"line":15,"column":1}},"line":3},"1":{"name":"getAppointmentsForStudent","decl":{"start":{"line":17,"column":15},"end":{"line":17,"column":40}},"loc":{"start":{"line":17,"column":57},"end":{"line":28,"column":1}},"line":17},"2":{"name":"getAdminAppointments","decl":{"start":{"line":30,"column":15},"end":{"line":30,"column":35}},"loc":{"start":{"line":30,"column":52},"end":{"line":41,"column":1}},"line":30}},"branchMap":{},"s":{"0":4,"1":2,"2":2,"3":1,"4":1,"5":1,"6":1,"7":1,"8":0,"9":1,"10":1,"11":1,"12":0,"13":4},"f":{"0":2,"1":1,"2":1},"b":{},"_coverageSchema":"1a1c01bbd47fc00a2c39e90264f33305004495a9","hash":"a5a105f1ada96906cec26c8607e28728bef61beb"}
,"/home/jdperla/VSCode_Linux/SoftwareDesign/AdvisingHub-fresh1/backend/src/controllers/queueController.js": {"path":"/home/jdperla/VSCode_Linux/SoftwareDesign/AdvisingHub-fresh1/backend/src/controllers/queueController.js","statementMap":{"0":{"start":{"line":1,"column":21},"end":{"line":1,"column":56}},"1":{"start":{"line":4,"column":2},"end":{"line":14,"column":3}},"2":{"start":{"line":5,"column":22},"end":{"line":5,"column":60}},"3":{"start":{"line":7,"column":4},"end":{"line":11,"column":7}},"4":{"start":{"line":13,"column":4},"end":{"line":13,"column":16}},"5":{"start":{"line":18,"column":2},"end":{"line":28,"column":3}},"6":{"start":{"line":19,"column":22},"end":{"line":19,"column":71}},"7":{"start":{"line":21,"column":4},"end":{"line":25,"column":7}},"8":{"start":{"line":27,"column":4},"end":{"line":27,"column":16}},"9":{"start":{"line":31,"column":0},"end":{"line":34,"column":2}}},"fnMap":{"0":{"name":"joinQueue","decl":{"start":{"line":3,"column":15},"end":{"line":3,"column":24}},"loc":{"start":{"line":3,"column":41},"end":{"line":15,"column":1}},"line":3},"1":{"name":"leaveQueue","decl":{"start":{"line":17,"column":15},"end":{"line":17,"column":25}},"loc":{"start":{"line":17,"column":42},"end":{"line":29,"column":1}},"line":17}},"branchMap":{},"s":{"0":4,"1":2,"2":2,"3":1,"4":1,"5":2,"6":2,"7":1,"8":1,"9":4},"f":{"0":2,"1":2},"b":{},"_coverageSchema":"1a1c01bbd47fc00a2c39e90264f33305004495a9","hash":"defd660a3d11acf8cdf546f829d4c959c43106c1"}
,"/home/jdperla/VSCode_Linux/SoftwareDesign/AdvisingHub-fresh1/backend/src/controllers/serviceCatalogController.js": {"path":"/home/jdperla/VSCode_Linux/SoftwareDesign/AdvisingHub-fresh1/backend/src/controllers/serviceCatalogController.js","statementMap":{"0":{"start":{"line":1,"column":30},"end":{"line":1,"column":74}},"1":{"start":{"line":4,"column":2},"end":{"line":13,"column":3}},"2":{"start":{"line":5,"column":21},"end":{"line":5,"column":65}},"3":{"start":{"line":7,"column":4},"end":{"line":10,"column":7}},"4":{"start":{"line":12,"column":4},"end":{"line":12,"column":16}},"5":{"start":{"line":16,"column":0},"end":{"line":18,"column":2}}},"fnMap":{"0":{"name":"getServices","decl":{"start":{"line":3,"column":15},"end":{"line":3,"column":26}},"loc":{"start":{"line":3,"column":43},"end":{"line":14,"column":1}},"line":3}},"branchMap":{},"s":{"0":4,"1":1,"2":1,"3":1,"4":0,"5":4},"f":{"0":1},"b":{},"_coverageSchema":"1a1c01bbd47fc00a2c39e90264f33305004495a9","hash":"ce530bff72d6f8c6d142044d82601d34fe210618"}
,"/home/jdperla/VSCode_Linux/SoftwareDesign/AdvisingHub-fresh1/backend/src/data/appointmentsStore.js": {"path":"/home/jdperla/VSCode_Linux/SoftwareDesign/AdvisingHub-fresh1/backend/src/data/appointmentsStore.js","statementMap":{"0":{"start":{"line":1,"column":21},"end":{"line":27,"column":1}},"1":{"start":{"line":29,"column":0},"end":{"line":31,"column":2}}},"fnMap":{},"branchMap":{},"s":{"0":5,"1":5},"f":{},"b":{},"_coverageSchema":"1a1c01bbd47fc00a2c39e90264f33305004495a9","hash":"38b4b452dcabfa665e72a6df16794e3c1ec65ce1"}
,"/home/jdperla/VSCode_Linux/SoftwareDesign/AdvisingHub-fresh1/backend/src/data/queueStore.js": {"path":"/home/jdperla/VSCode_Linux/SoftwareDesign/AdvisingHub-fresh1/backend/src/data/queueStore.js","statementMap":{"0":{"start":{"line":1,"column":19},"end":{"line":35,"column":1}},"1":{"start":{"line":37,"column":0},"end":{"line":39,"column":2}}},"fnMap":{},"branchMap":{},"s":{"0":5,"1":5},"f":{},"b":{},"_coverageSchema":"1a1c01bbd47fc00a2c39e90264f33305004495a9","hash":"9f7c0b22dbe5076c72015f695f9f06a1c811ee98"}
,"/home/jdperla/VSCode_Linux/SoftwareDesign/AdvisingHub-fresh1/backend/src/data/servicesStores.js": {"path":"/home/jdperla/VSCode_Linux/SoftwareDesign/AdvisingHub-fresh1/backend/src/data/servicesStores.js","statementMap":{"0":{"start":{"line":1,"column":17},"end":{"line":30,"column":1}},"1":{"start":{"line":32,"column":0},"end":{"line":34,"column":2}}},"fnMap":{},"branchMap":{},"s":{"0":5,"1":5},"f":{},"b":{},"_coverageSchema":"1a1c01bbd47fc00a2c39e90264f33305004495a9","hash":"1104f78a508edcf3173b8de07eef9626f4a5587e"}
,"/home/jdperla/VSCode_Linux/SoftwareDesign/AdvisingHub-fresh1/backend/src/repositories/appointmentRepository.js": {"path":"/home/jdperla/VSCode_Linux/SoftwareDesign/AdvisingHub-fresh1/backend/src/repositories/appointmentRepository.js","statementMap":{"0":{"start":{"line":1,"column":25},"end":{"line":1,"column":61}},"1":{"start":{"line":5,"column":4},"end":{"line":5,"column":29}},"2":{"start":{"line":9,"column":4},"end":{"line":9,"column":55}},"3":{"start":{"line":9,"column":34},"end":{"line":9,"column":45}},"4":{"start":{"line":13,"column":4},"end":{"line":13,"column":63}},"5":{"start":{"line":13,"column":36},"end":{"line":13,"column":61}},"6":{"start":{"line":17,"column":4},"end":{"line":17,"column":35}},"7":{"start":{"line":18,"column":4},"end":{"line":18,"column":23}},"8":{"start":{"line":22,"column":0},"end":{"line":22,"column":45}}},"fnMap":{"0":{"name":"(anonymous_0)","decl":{"start":{"line":4,"column":2},"end":{"line":4,"column":3}},"loc":{"start":{"line":4,"column":18},"end":{"line":6,"column":3}},"line":4},"1":{"name":"(anonymous_1)","decl":{"start":{"line":8,"column":2},"end":{"line":8,"column":3}},"loc":{"start":{"line":8,"column":21},"end":{"line":10,"column":3}},"line":8},"2":{"name":"(anonymous_2)","decl":{"start":{"line":9,"column":29},"end":{"line":9,"column":30}},"loc":{"start":{"line":9,"column":34},"end":{"line":9,"column":45}},"line":9},"3":{"name":"(anonymous_3)","decl":{"start":{"line":12,"column":2},"end":{"line":12,"column":3}},"loc":{"start":{"line":12,"column":35},"end":{"line":14,"column":3}},"line":12},"4":{"name":"(anonymous_4)","decl":{"start":{"line":13,"column":31},"end":{"line":13,"column":32}},"loc":{"start":{"line":13,"column":36},"end":{"line":13,"column":61}},"line":13},"5":{"name":"(anonymous_5)","decl":{"start":{"line":16,"column":2},"end":{"line":16,"column":3}},"loc":{"start":{"line":16,"column":28},"end":{"line":19,"column":3}},"line":16}},"branchMap":{"0":{"loc":{"start":{"line":9,"column":11},"end":{"line":9,"column":54}},"type":"binary-expr","locations":[{"start":{"line":9,"column":11},"end":{"line":9,"column":46}},{"start":{"line":9,"column":50},"end":{"line":9,"column":54}}],"line":9}},"s":{"0":5,"1":2,"2":0,"3":0,"4":2,"5":2,"6":2,"7":2,"8":5},"f":{"0":2,"1":0,"2":0,"3":2,"4":2,"5":2},"b":{"0":[0,0]},"_coverageSchema":"1a1c01bbd47fc00a2c39e90264f33305004495a9","hash":"b0bfbef970ef9de4be7e7f2d23d1cd4bf37a4ce5"}
,"/home/jdperla/VSCode_Linux/SoftwareDesign/AdvisingHub-fresh1/backend/src/repositories/queueRepository.js": {"path":"/home/jdperla/VSCode_Linux/SoftwareDesign/AdvisingHub-fresh1/backend/src/repositories/queueRepository.js","statementMap":{"0":{"start":{"line":1,"column":23},"end":{"line":1,"column":52}},"1":{"start":{"line":5,"column":4},"end":{"line":5,"column":27}},"2":{"start":{"line":9,"column":4},"end":{"line":9,"column":59}},"3":{"start":{"line":9,"column":35},"end":{"line":9,"column":49}},"4":{"start":{"line":13,"column":4},"end":{"line":13,"column":73}},"5":{"start":{"line":13,"column":35},"end":{"line":13,"column":63}},"6":{"start":{"line":17,"column":4},"end":{"line":17,"column":31}},"7":{"start":{"line":18,"column":4},"end":{"line":18,"column":21}},"8":{"start":{"line":22,"column":18},"end":{"line":22,"column":62}},"9":{"start":{"line":22,"column":47},"end":{"line":22,"column":61}},"10":{"start":{"line":23,"column":4},"end":{"line":23,"column":34}},"11":{"start":{"line":23,"column":22},"end":{"line":23,"column":34}},"12":{"start":{"line":25,"column":4},"end":{"line":25,"column":61}},"13":{"start":{"line":26,"column":4},"end":{"line":26,"column":29}},"14":{"start":{"line":30,"column":18},"end":{"line":30,"column":62}},"15":{"start":{"line":30,"column":47},"end":{"line":30,"column":61}},"16":{"start":{"line":31,"column":4},"end":{"line":31,"column":35}},"17":{"start":{"line":31,"column":22},"end":{"line":31,"column":35}},"18":{"start":{"line":33,"column":4},"end":{"line":33,"column":32}},"19":{"start":{"line":34,"column":4},"end":{"line":34,"column":16}},"20":{"start":{"line":38,"column":0},"end":{"line":38,"column":39}}},"fnMap":{"0":{"name":"(anonymous_0)","decl":{"start":{"line":4,"column":2},"end":{"line":4,"column":3}},"loc":{"start":{"line":4,"column":18},"end":{"line":6,"column":3}},"line":4},"1":{"name":"(anonymous_1)","decl":{"start":{"line":8,"column":2},"end":{"line":8,"column":3}},"loc":{"start":{"line":8,"column":21},"end":{"line":10,"column":3}},"line":8},"2":{"name":"(anonymous_2)","decl":{"start":{"line":9,"column":27},"end":{"line":9,"column":28}},"loc":{"start":{"line":9,"column":35},"end":{"line":9,"column":49}},"line":9},"3":{"name":"(anonymous_3)","decl":{"start":{"line":12,"column":2},"end":{"line":12,"column":3}},"loc":{"start":{"line":12,"column":35},"end":{"line":14,"column":3}},"line":12},"4":{"name":"(anonymous_4)","decl":{"start":{"line":13,"column":27},"end":{"line":13,"column":28}},"loc":{"start":{"line":13,"column":35},"end":{"line":13,"column":63}},"line":13},"5":{"name":"(anonymous_5)","decl":{"start":{"line":16,"column":2},"end":{"line":16,"column":3}},"loc":{"start":{"line":16,"column":26},"end":{"line":19,"column":3}},"line":16},"6":{"name":"(anonymous_6)","decl":{"start":{"line":21,"column":2},"end":{"line":21,"column":3}},"loc":{"start":{"line":21,"column":32},"end":{"line":27,"column":3}},"line":21},"7":{"name":"(anonymous_7)","decl":{"start":{"line":22,"column":39},"end":{"line":22,"column":40}},"loc":{"start":{"line":22,"column":47},"end":{"line":22,"column":61}},"line":22},"8":{"name":"(anonymous_8)","decl":{"start":{"line":29,"column":2},"end":{"line":29,"column":3}},"loc":{"start":{"line":29,"column":23},"end":{"line":35,"column":3}},"line":29},"9":{"name":"(anonymous_9)","decl":{"start":{"line":30,"column":39},"end":{"line":30,"column":40}},"loc":{"start":{"line":30,"column":47},"end":{"line":30,"column":61}},"line":30}},"branchMap":{"0":{"loc":{"start":{"line":9,"column":11},"end":{"line":9,"column":58}},"type":"binary-expr","locations":[{"start":{"line":9,"column":11},"end":{"line":9,"column":50}},{"start":{"line":9,"column":54},"end":{"line":9,"column":58}}],"line":9},"1":{"loc":{"start":{"line":13,"column":11},"end":{"line":13,"column":72}},"type":"binary-expr","locations":[{"start":{"line":13,"column":11},"end":{"line":13,"column":64}},{"start":{"line":13,"column":68},"end":{"line":13,"column":72}}],"line":13},"2":{"loc":{"start":{"line":23,"column":4},"end":{"line":23,"column":34}},"type":"if","locations":[{"start":{"line":23,"column":4},"end":{"line":23,"column":34}},{"start":{},"end":{}}],"line":23},"3":{"loc":{"start":{"line":31,"column":4},"end":{"line":31,"column":35}},"type":"if","locations":[{"start":{"line":31,"column":4},"end":{"line":31,"column":35}},{"start":{},"end":{}}],"line":31}},"s":{"0":5,"1":9,"2":11,"3":10,"4":3,"5":4,"6":2,"7":2,"8":9,"9":12,"10":9,"11":0,"12":9,"13":9,"14":0,"15":0,"16":0,"17":0,"18":0,"19":0,"20":5},"f":{"0":9,"1":11,"2":10,"3":3,"4":4,"5":2,"6":9,"7":12,"8":0,"9":0},"b":{"0":[11,1],"1":[3,2],"2":[0,9],"3":[0,0]},"_coverageSchema":"1a1c01bbd47fc00a2c39e90264f33305004495a9","hash":"8814aa6003c9d9334e8594c06fc727a15c17fd4b"}
,"/home/jdperla/VSCode_Linux/SoftwareDesign/AdvisingHub-fresh1/backend/src/repositories/serviceRepository.js": {"path":"/home/jdperla/VSCode_Linux/SoftwareDesign/AdvisingHub-fresh1/backend/src/repositories/serviceRepository.js","statementMap":{"0":{"start":{"line":1,"column":21},"end":{"line":1,"column":54}},"1":{"start":{"line":5,"column":4},"end":{"line":5,"column":25}},"2":{"start":{"line":9,"column":4},"end":{"line":9,"column":51}},"3":{"start":{"line":9,"column":30},"end":{"line":9,"column":41}},"4":{"start":{"line":13,"column":0},"end":{"line":13,"column":41}}},"fnMap":{"0":{"name":"(anonymous_0)","decl":{"start":{"line":4,"column":2},"end":{"line":4,"column":3}},"loc":{"start":{"line":4,"column":18},"end":{"line":6,"column":3}},"line":4},"1":{"name":"(anonymous_1)","decl":{"start":{"line":8,"column":2},"end":{"line":8,"column":3}},"loc":{"start":{"line":8,"column":21},"end":{"line":10,"column":3}},"line":8},"2":{"name":"(anonymous_2)","decl":{"start":{"line":9,"column":25},"end":{"line":9,"column":26}},"loc":{"start":{"line":9,"column":30},"end":{"line":9,"column":41}},"line":9}},"branchMap":{"0":{"loc":{"start":{"line":9,"column":11},"end":{"line":9,"column":50}},"type":"binary-expr","locations":[{"start":{"line":9,"column":11},"end":{"line":9,"column":42}},{"start":{"line":9,"column":46},"end":{"line":9,"column":50}}],"line":9}},"s":{"0":5,"1":1,"2":3,"3":5,"4":5},"f":{"0":1,"1":3,"2":5},"b":{"0":[3,1]},"_coverageSchema":"1a1c01bbd47fc00a2c39e90264f33305004495a9","hash":"be7dc8b985746279ff0a7aaf9851b1e009a8b447"}
,"/home/jdperla/VSCode_Linux/SoftwareDesign/AdvisingHub-fresh1/backend/src/routes/adminAppointmentRoutes.js": {"path":"/home/jdperla/VSCode_Linux/SoftwareDesign/AdvisingHub-fresh1/backend/src/routes/adminAppointmentRoutes.js","statementMap":{"0":{"start":{"line":1,"column":16},"end":{"line":1,"column":34}},"1":{"start":{"line":2,"column":33},"end":{"line":2,"column":80}},"2":{"start":{"line":4,"column":15},"end":{"line":4,"column":31}},"3":{"start":{"line":6,"column":0},"end":{"line":6,"column":38}},"4":{"start":{"line":8,"column":0},"end":{"line":8,"column":24}}},"fnMap":{},"branchMap":{},"s":{"0":4,"1":4,"2":4,"3":4,"4":4},"f":{},"b":{},"_coverageSchema":"1a1c01bbd47fc00a2c39e90264f33305004495a9","hash":"13609c5bae3a2b7e87af96bd99c2b58536fd4577"}
,"/home/jdperla/VSCode_Linux/SoftwareDesign/AdvisingHub-fresh1/backend/src/routes/adminQueueRoutes.js": {"path":"/home/jdperla/VSCode_Linux/SoftwareDesign/AdvisingHub-fresh1/backend/src/routes/adminQueueRoutes.js","statementMap":{"0":{"start":{"line":1,"column":16},"end":{"line":1,"column":34}},"1":{"start":{"line":7,"column":4},"end":{"line":7,"column":50}},"2":{"start":{"line":9,"column":15},"end":{"line":9,"column":31}},"3":{"start":{"line":11,"column":0},"end":{"line":11,"column":33}},"4":{"start":{"line":12,"column":0},"end":{"line":12,"column":42}},"5":{"start":{"line":13,"column":0},"end":{"line":13,"column":51}},"6":{"start":{"line":14,"column":0},"end":{"line":14,"column":44}},"7":{"start":{"line":16,"column":0},"end":{"line":16,"column":24}}},"fnMap":{},"branchMap":{},"s":{"0":4,"1":4,"2":4,"3":4,"4":4,"5":4,"6":4,"7":4},"f":{},"b":{},"_coverageSchema":"1a1c01bbd47fc00a2c39e90264f33305004495a9","hash":"26c924eb34f5ac1bdbefc13d4bc4a1387d9f24a1"}
,"/home/jdperla/VSCode_Linux/SoftwareDesign/AdvisingHub-fresh1/backend/src/routes/appointmentRoutes.js": {"path":"/home/jdperla/VSCode_Linux/SoftwareDesign/AdvisingHub-fresh1/backend/src/routes/appointmentRoutes.js","statementMap":{"0":{"start":{"line":1,"column":16},"end":{"line":1,"column":34}},"1":{"start":{"line":6,"column":4},"end":{"line":6,"column":51}},"2":{"start":{"line":8,"column":15},"end":{"line":8,"column":31}},"3":{"start":{"line":10,"column":0},"end":{"line":10,"column":36}},"4":{"start":{"line":11,"column":0},"end":{"line":11,"column":43}},"5":{"start":{"line":12,"column":0},"end":{"line":12,"column":47}},"6":{"start":{"line":14,"column":0},"end":{"line":14,"column":24}}},"fnMap":{},"branchMap":{},"s":{"0":4,"1":4,"2":4,"3":4,"4":4,"5":4,"6":4},"f":{},"b":{},"_coverageSchema":"1a1c01bbd47fc00a2c39e90264f33305004495a9","hash":"4939468e64e3b7b2b48954049a3fd2e25356981f"}
,"/home/jdperla/VSCode_Linux/SoftwareDesign/AdvisingHub-fresh1/backend/src/routes/queueRoutes.js": {"path":"/home/jdperla/VSCode_Linux/SoftwareDesign/AdvisingHub-fresh1/backend/src/routes/queueRoutes.js","statementMap":{"0":{"start":{"line":1,"column":16},"end":{"line":1,"column":34}},"1":{"start":{"line":5,"column":4},"end":{"line":5,"column":45}},"2":{"start":{"line":7,"column":15},"end":{"line":7,"column":31}},"3":{"start":{"line":9,"column":0},"end":{"line":9,"column":32}},"4":{"start":{"line":10,"column":0},"end":{"line":10,"column":43}},"5":{"start":{"line":12,"column":0},"end":{"line":12,"column":24}}},"fnMap":{},"branchMap":{},"s":{"0":4,"1":4,"2":4,"3":4,"4":4,"5":4},"f":{},"b":{},"_coverageSchema":"1a1c01bbd47fc00a2c39e90264f33305004495a9","hash":"42517650d9cc9d676af81b5f8a0f6da27bcdc760"}
,"/home/jdperla/VSCode_Linux/SoftwareDesign/AdvisingHub-fresh1/backend/src/routes/serviceCatalogRoutes.js": {"path":"/home/jdperla/VSCode_Linux/SoftwareDesign/AdvisingHub-fresh1/backend/src/routes/serviceCatalogRoutes.js","statementMap":{"0":{"start":{"line":1,"column":16},"end":{"line":1,"column":34}},"1":{"start":{"line":2,"column":24},"end":{"line":2,"column":74}},"2":{"start":{"line":4,"column":15},"end":{"line":4,"column":31}},"3":{"start":{"line":6,"column":0},"end":{"line":6,"column":29}},"4":{"start":{"line":8,"column":0},"end":{"line":8,"column":24}}},"fnMap":{},"branchMap":{},"s":{"0":4,"1":4,"2":4,"3":4,"4":4},"f":{},"b":{},"_coverageSchema":"1a1c01bbd47fc00a2c39e90264f33305004495a9","hash":"1b488e855e7cea7d7de02fe1ccab9f812f3b62e5"}
,"/home/jdperla/VSCode_Linux/SoftwareDesign/AdvisingHub-fresh1/backend/src/services/appointmentService.js": {"path":"/home/jdperla/VSCode_Linux/SoftwareDesign/AdvisingHub-fresh1/backend/src/services/appointmentService.js","statementMap":{"0":{"start":{"line":1,"column":30},"end":{"line":1,"column":78}},"1":{"start":{"line":2,"column":26},"end":{"line":2,"column":70}},"2":{"start":{"line":3,"column":45},"end":{"line":3,"column":91}},"3":{"start":{"line":4,"column":22},"end":{"line":4,"column":51}},"4":{"start":{"line":8,"column":4},"end":{"line":10,"column":5}},"5":{"start":{"line":9,"column":6},"end":{"line":9,"column":53}},"6":{"start":{"line":12,"column":4},"end":{"line":12,"column":60}},"7":{"start":{"line":16,"column":4},"end":{"line":16,"column":43}},"8":{"start":{"line":20,"column":19},"end":{"line":20,"column":60}},"9":{"start":{"line":21,"column":4},"end":{"line":23,"column":5}},"10":{"start":{"line":22,"column":6},"end":{"line":22,"column":45}},"11":{"start":{"line":25,"column":20},"end":{"line":25,"column":71}},"12":{"start":{"line":26,"column":4},"end":{"line":28,"column":5}},"13":{"start":{"line":27,"column":6},"end":{"line":27,"column":58}},"14":{"start":{"line":30,"column":24},"end":{"line":42,"column":5}},"15":{"start":{"line":44,"column":4},"end":{"line":44,"column":53}},"16":{"start":{"line":48,"column":0},"end":{"line":48,"column":42}}},"fnMap":{"0":{"name":"(anonymous_0)","decl":{"start":{"line":7,"column":2},"end":{"line":7,"column":3}},"loc":{"start":{"line":7,"column":45},"end":{"line":13,"column":3}},"line":7},"1":{"name":"(anonymous_1)","decl":{"start":{"line":15,"column":2},"end":{"line":15,"column":3}},"loc":{"start":{"line":15,"column":31},"end":{"line":17,"column":3}},"line":15},"2":{"name":"(anonymous_2)","decl":{"start":{"line":19,"column":2},"end":{"line":19,"column":3}},"loc":{"start":{"line":19,"column":35},"end":{"line":45,"column":3}},"line":19}},"branchMap":{"0":{"loc":{"start":{"line":8,"column":4},"end":{"line":10,"column":5}},"type":"if","locations":[{"start":{"line":8,"column":4},"end":{"line":10,"column":5}},{"start":{},"end":{}}],"line":8},"1":{"loc":{"start":{"line":21,"column":4},"end":{"line":23,"column":5}},"type":"if","locations":[{"start":{"line":21,"column":4},"end":{"line":23,"column":5}},{"start":{},"end":{}}],"line":21},"2":{"loc":{"start":{"line":26,"column":4},"end":{"line":28,"column":5}},"type":"if","locations":[{"start":{"line":26,"column":4},"end":{"line":28,"column":5}},{"start":{},"end":{}}],"line":26},"3":{"loc":{"start":{"line":41,"column":13},"end":{"line":41,"column":47}},"type":"binary-expr","locations":[{"start":{"line":41,"column":13},"end":{"line":41,"column":34}},{"start":{"line":41,"column":38},"end":{"line":41,"column":47}}],"line":41}},"s":{"0":5,"1":5,"2":5,"3":5,"4":3,"5":1,"6":2,"7":2,"8":5,"9":5,"10":2,"11":3,"12":3,"13":1,"14":2,"15":2,"16":5},"f":{"0":3,"1":2,"2":5},"b":{"0":[1,2],"1":[2,3],"2":[1,2],"3":[2,0]},"_coverageSchema":"1a1c01bbd47fc00a2c39e90264f33305004495a9","hash":"fc1e22532c8edf924ede0dc051c699689bc01e69"}
,"/home/jdperla/VSCode_Linux/SoftwareDesign/AdvisingHub-fresh1/backend/src/services/queueService.js": {"path":"/home/jdperla/VSCode_Linux/SoftwareDesign/AdvisingHub-fresh1/backend/src/services/queueService.js","statementMap":{"0":{"start":{"line":1,"column":24},"end":{"line":1,"column":66}},"1":{"start":{"line":2,"column":22},"end":{"line":2,"column":51}},"2":{"start":{"line":3,"column":28},"end":{"line":3,"column":59}},"3":{"start":{"line":4,"column":37},"end":{"line":4,"column":77}},"4":{"start":{"line":8,"column":18},"end":{"line":14,"column":5}},"5":{"start":{"line":16,"column":4},"end":{"line":16,"column":32}},"6":{"start":{"line":20,"column":4},"end":{"line":25,"column":7}},"7":{"start":{"line":21,"column":27},"end":{"line":21,"column":94}},"8":{"start":{"line":22,"column":6},"end":{"line":22,"column":50}},"9":{"start":{"line":22,"column":30},"end":{"line":22,"column":50}},"10":{"start":{"line":24,"column":6},"end":{"line":24,"column":77}},"11":{"start":{"line":29,"column":18},"end":{"line":29,"column":49}},"12":{"start":{"line":30,"column":24},"end":{"line":32,"column":5}},"13":{"start":{"line":31,"column":14},"end":{"line":31,"column":68}},"14":{"start":{"line":34,"column":4},"end":{"line":34,"column":39}},"15":{"start":{"line":38,"column":29},"end":{"line":38,"column":62}},"16":{"start":{"line":39,"column":4},"end":{"line":41,"column":5}},"17":{"start":{"line":40,"column":6},"end":{"line":40,"column":55}},"18":{"start":{"line":43,"column":31},"end":{"line":43,"column":87}},"19":{"start":{"line":44,"column":4},"end":{"line":46,"column":5}},"20":{"start":{"line":45,"column":6},"end":{"line":45,"column":63}},"21":{"start":{"line":48,"column":25},"end":{"line":58,"column":5}},"22":{"start":{"line":60,"column":4},"end":{"line":60,"column":48}},"23":{"start":{"line":64,"column":22},"end":{"line":64,"column":61}},"24":{"start":{"line":65,"column":4},"end":{"line":67,"column":5}},"25":{"start":{"line":66,"column":6},"end":{"line":66,"column":52}},"26":{"start":{"line":69,"column":4},"end":{"line":71,"column":5}},"27":{"start":{"line":70,"column":6},"end":{"line":70,"column":70}},"28":{"start":{"line":73,"column":20},"end":{"line":75,"column":6}},"29":{"start":{"line":77,"column":4},"end":{"line":77,"column":19}},"30":{"start":{"line":81,"column":18},"end":{"line":81,"column":49}},"31":{"start":{"line":83,"column":29},"end":{"line":83,"column":74}},"32":{"start":{"line":83,"column":48},"end":{"line":83,"column":73}},"33":{"start":{"line":84,"column":4},"end":{"line":86,"column":5}},"34":{"start":{"line":85,"column":6},"end":{"line":85,"column":62}},"35":{"start":{"line":88,"column":25},"end":{"line":88,"column":72}},"36":{"start":{"line":88,"column":46},"end":{"line":88,"column":71}},"37":{"start":{"line":89,"column":4},"end":{"line":91,"column":5}},"38":{"start":{"line":90,"column":6},"end":{"line":90,"column":61}},"39":{"start":{"line":93,"column":31},"end":{"line":93,"column":59}},"40":{"start":{"line":94,"column":21},"end":{"line":94,"column":42}},"41":{"start":{"line":96,"column":4},"end":{"line":98,"column":7}},"42":{"start":{"line":101,"column":22},"end":{"line":101,"column":61}},"43":{"start":{"line":102,"column":6},"end":{"line":104,"column":7}},"44":{"start":{"line":103,"column":8},"end":{"line":103,"column":54}},"45":{"start":{"line":106,"column":6},"end":{"line":108,"column":7}},"46":{"start":{"line":107,"column":8},"end":{"line":107,"column":88}},"47":{"start":{"line":110,"column":6},"end":{"line":112,"column":9}},"48":{"start":{"line":116,"column":22},"end":{"line":116,"column":61}},"49":{"start":{"line":117,"column":4},"end":{"line":119,"column":5}},"50":{"start":{"line":118,"column":6},"end":{"line":118,"column":52}},"51":{"start":{"line":121,"column":4},"end":{"line":123,"column":5}},"52":{"start":{"line":122,"column":6},"end":{"line":122,"column":68}},"53":{"start":{"line":125,"column":4},"end":{"line":127,"column":7}},"54":{"start":{"line":131,"column":0},"end":{"line":131,"column":36}}},"fnMap":{"0":{"name":"(anonymous_0)","decl":{"start":{"line":7,"column":2},"end":{"line":7,"column":3}},"loc":{"start":{"line":7,"column":28},"end":{"line":17,"column":3}},"line":7},"1":{"name":"(anonymous_1)","decl":{"start":{"line":19,"column":2},"end":{"line":19,"column":3}},"loc":{"start":{"line":19,"column":24},"end":{"line":26,"column":3}},"line":19},"2":{"name":"(anonymous_2)","decl":{"start":{"line":20,"column":32},"end":{"line":20,"column":33}},"loc":{"start":{"line":20,"column":42},"end":{"line":25,"column":5}},"line":20},"3":{"name":"(anonymous_3)","decl":{"start":{"line":28,"column":2},"end":{"line":28,"column":3}},"loc":{"start":{"line":28,"column":26},"end":{"line":35,"column":3}},"line":28},"4":{"name":"(anonymous_4)","decl":{"start":{"line":31,"column":6},"end":{"line":31,"column":7}},"loc":{"start":{"line":31,"column":14},"end":{"line":31,"column":68}},"line":31},"5":{"name":"(anonymous_5)","decl":{"start":{"line":37,"column":2},"end":{"line":37,"column":3}},"loc":{"start":{"line":37,"column":27},"end":{"line":61,"column":3}},"line":37},"6":{"name":"(anonymous_6)","decl":{"start":{"line":63,"column":2},"end":{"line":63,"column":3}},"loc":{"start":{"line":63,"column":28},"end":{"line":78,"column":3}},"line":63},"7":{"name":"(anonymous_7)","decl":{"start":{"line":80,"column":2},"end":{"line":80,"column":3}},"loc":{"start":{"line":80,"column":24},"end":{"line":99,"column":3}},"line":80},"8":{"name":"(anonymous_8)","decl":{"start":{"line":83,"column":40},"end":{"line":83,"column":41}},"loc":{"start":{"line":83,"column":48},"end":{"line":83,"column":73}},"line":83},"9":{"name":"(anonymous_9)","decl":{"start":{"line":88,"column":38},"end":{"line":88,"column":39}},"loc":{"start":{"line":88,"column":46},"end":{"line":88,"column":71}},"line":88},"10":{"name":"(anonymous_10)","decl":{"start":{"line":100,"column":2},"end":{"line":100,"column":3}},"loc":{"start":{"line":100,"column":28},"end":{"line":113,"column":3}},"line":100},"11":{"name":"(anonymous_11)","decl":{"start":{"line":115,"column":2},"end":{"line":115,"column":3}},"loc":{"start":{"line":115,"column":33},"end":{"line":128,"column":3}},"line":115}},"branchMap":{"0":{"loc":{"start":{"line":16,"column":11},"end":{"line":16,"column":31}},"type":"binary-expr","locations":[{"start":{"line":16,"column":11},"end":{"line":16,"column":26}},{"start":{"line":16,"column":30},"end":{"line":16,"column":31}}],"line":16},"1":{"loc":{"start":{"line":22,"column":6},"end":{"line":22,"column":50}},"type":"if","locations":[{"start":{"line":22,"column":6},"end":{"line":22,"column":50}},{"start":{},"end":{}}],"line":22},"2":{"loc":{"start":{"line":31,"column":14},"end":{"line":31,"column":68}},"type":"binary-expr","locations":[{"start":{"line":31,"column":14},"end":{"line":31,"column":39}},{"start":{"line":31,"column":43},"end":{"line":31,"column":68}}],"line":31},"3":{"loc":{"start":{"line":39,"column":4},"end":{"line":41,"column":5}},"type":"if","locations":[{"start":{"line":39,"column":4},"end":{"line":41,"column":5}},{"start":{},"end":{}}],"line":39},"4":{"loc":{"start":{"line":44,"column":4},"end":{"line":46,"column":5}},"type":"if","locations":[{"start":{"line":44,"column":4},"end":{"line":46,"column":5}},{"start":{},"end":{}}],"line":44},"5":{"loc":{"start":{"line":44,"column":8},"end":{"line":44,"column":114}},"type":"binary-expr","locations":[{"start":{"line":44,"column":8},"end":{"line":44,"column":26}},{"start":{"line":44,"column":31},"end":{"line":44,"column":70}},{"start":{"line":44,"column":74},"end":{"line":44,"column":113}}],"line":44},"6":{"loc":{"start":{"line":55,"column":16},"end":{"line":55,"column":44}},"type":"binary-expr","locations":[{"start":{"line":55,"column":16},"end":{"line":55,"column":32}},{"start":{"line":55,"column":36},"end":{"line":55,"column":44}}],"line":55},"7":{"loc":{"start":{"line":65,"column":4},"end":{"line":67,"column":5}},"type":"if","locations":[{"start":{"line":65,"column":4},"end":{"line":67,"column":5}},{"start":{},"end":{}}],"line":65},"8":{"loc":{"start":{"line":69,"column":4},"end":{"line":71,"column":5}},"type":"if","locations":[{"start":{"line":69,"column":4},"end":{"line":71,"column":5}},{"start":{},"end":{}}],"line":69},"9":{"loc":{"start":{"line":84,"column":4},"end":{"line":86,"column":5}},"type":"if","locations":[{"start":{"line":84,"column":4},"end":{"line":86,"column":5}},{"start":{},"end":{}}],"line":84},"10":{"loc":{"start":{"line":89,"column":4},"end":{"line":91,"column":5}},"type":"if","locations":[{"start":{"line":89,"column":4},"end":{"line":91,"column":5}},{"start":{},"end":{}}],"line":89},"11":{"loc":{"start":{"line":102,"column":6},"end":{"line":104,"column":7}},"type":"if","locations":[{"start":{"line":102,"column":6},"end":{"line":104,"column":7}},{"start":{},"end":{}}],"line":102},"12":{"loc":{"start":{"line":106,"column":6},"end":{"line":108,"column":7}},"type":"if","locations":[{"start":{"line":106,"column":6},"end":{"line":108,"column":7}},{"start":{},"end":{}}],"line":106},"13":{"loc":{"start":{"line":106,"column":10},"end":{"line":106,"column":74}},"type":"binary-expr","locations":[{"start":{"line":106,"column":10},"end":{"line":106,"column":40}},{"start":{"line":106,"column":44},"end":{"line":106,"column":74}}],"line":106},"14":{"loc":{"start":{"line":117,"column":4},"end":{"line":119,"column":5}},"type":"if","locations":[{"start":{"line":117,"column":4},"end":{"line":119,"column":5}},{"start":{},"end":{}}],"line":117},"15":{"loc":{"start":{"line":121,"column":4},"end":{"line":123,"column":5}},"type":"if","locations":[{"start":{"line":121,"column":4},"end":{"line":123,"column":5}},{"start":{},"end":{}}],"line":121}},"s":{"0":5,"1":5,"2":5,"3":5,"4":28,"5":28,"6":6,"7":14,"8":14,"9":9,"10":5,"11":4,"12":4,"13":11,"14":4,"15":4,"16":4,"17":1,"18":3,"19":3,"20":1,"21":2,"22":2,"23":4,"24":4,"25":1,"26":3,"27":1,"28":2,"29":2,"30":5,"31":5,"32":10,"33":5,"34":2,"35":3,"36":8,"37":3,"38":1,"39":2,"40":2,"41":2,"42":4,"43":4,"44":0,"45":4,"46":1,"47":3,"48":3,"49":3,"50":0,"51":3,"52":1,"53":2,"54":5},"f":{"0":28,"1":6,"2":14,"3":4,"4":11,"5":4,"6":4,"7":5,"8":10,"9":8,"10":4,"11":3},"b":{"0":[28,0],"1":[9,5],"2":[11,0],"3":[1,3],"4":[1,2],"5":[3,1,0],"6":[2,0],"7":[1,3],"8":[1,2],"9":[2,3],"10":[1,2],"11":[0,4],"12":[1,3],"13":[4,2],"14":[0,3],"15":[1,2]},"_coverageSchema":"1a1c01bbd47fc00a2c39e90264f33305004495a9","hash":"5e64e9fb03729d290cede8415e15e5e81181d0f0"}
,"/home/jdperla/VSCode_Linux/SoftwareDesign/AdvisingHub-fresh1/backend/src/services/serviceCatalogService.js": {"path":"/home/jdperla/VSCode_Linux/SoftwareDesign/AdvisingHub-fresh1/backend/src/services/serviceCatalogService.js","statementMap":{"0":{"start":{"line":1,"column":26},"end":{"line":1,"column":70}},"1":{"start":{"line":5,"column":4},"end":{"line":5,"column":39}},"2":{"start":{"line":9,"column":0},"end":{"line":9,"column":45}}},"fnMap":{"0":{"name":"(anonymous_0)","decl":{"start":{"line":4,"column":2},"end":{"line":4,"column":3}},"loc":{"start":{"line":4,"column":25},"end":{"line":6,"column":3}},"line":4}},"branchMap":{},"s":{"0":4,"1":1,"2":4},"f":{"0":1},"b":{},"_coverageSchema":"1a1c01bbd47fc00a2c39e90264f33305004495a9","hash":"1585404528f879b3e5783ccd687d5f4d541e07b5"}
,"/home/jdperla/VSCode_Linux/SoftwareDesign/AdvisingHub-fresh1/backend/src/utils/httpError.js": {"path":"/home/jdperla/VSCode_Linux/SoftwareDesign/AdvisingHub-fresh1/backend/src/utils/httpError.js","statementMap":{"0":{"start":{"line":2,"column":18},"end":{"line":2,"column":36}},"1":{"start":{"line":3,"column":4},"end":{"line":3,"column":34}},"2":{"start":{"line":4,"column":4},"end":{"line":4,"column":17}},"3":{"start":{"line":8,"column":0},"end":{"line":10,"column":2}}},"fnMap":{"0":{"name":"httpError","decl":{"start":{"line":1,"column":9},"end":{"line":1,"column":18}},"loc":{"start":{"line":1,"column":39},"end":{"line":6,"column":1}},"line":1}},"branchMap":{},"s":{"0":13,"1":13,"2":13,"3":6},"f":{"0":13},"b":{},"_coverageSchema":"1a1c01bbd47fc00a2c39e90264f33305004495a9","hash":"4229c5b477a0b35ac984dadae128e26f9caee146"}
,"/home/jdperla/VSCode_Linux/SoftwareDesign/AdvisingHub-fresh1/backend/src/utils/idGenerator.js": {"path":"/home/jdperla/VSCode_Linux/SoftwareDesign/AdvisingHub-fresh1/backend/src/utils/idGenerator.js","statementMap":{"0":{"start":{"line":2,"column":4},"end":{"line":2,"column":66}},"1":{"start":{"line":5,"column":0},"end":{"line":7,"column":2}}},"fnMap":{"0":{"name":"generateQueueId","decl":{"start":{"line":1,"column":9},"end":{"line":1,"column":24}},"loc":{"start":{"line":1,"column":26},"end":{"line":3,"column":1}},"line":1}},"branchMap":{},"s":{"0":2,"1":5},"f":{"0":2},"b":{},"_coverageSchema":"1a1c01bbd47fc00a2c39e90264f33305004495a9","hash":"aba76958e4f9769036eea4d290a84d41e62bb12f"}
,"/home/jdperla/VSCode_Linux/SoftwareDesign/AdvisingHub-fresh1/backend/src/validators/appointmentValidators.js": {"path":"/home/jdperla/VSCode_Linux/SoftwareDesign/AdvisingHub-fresh1/backend/src/validators/appointmentValidators.js","statementMap":{"0":{"start":{"line":2,"column":17},"end":{"line":2,"column":19}},"1":{"start":{"line":4,"column":2},"end":{"line":8,"column":3}},"2":{"start":{"line":5,"column":4},"end":{"line":5,"column":44}},"3":{"start":{"line":6,"column":9},"end":{"line":8,"column":3}},"4":{"start":{"line":7,"column":4},"end":{"line":7,"column":63}},"5":{"start":{"line":10,"column":2},"end":{"line":12,"column":3}},"6":{"start":{"line":11,"column":4},"end":{"line":11,"column":42}},"7":{"start":{"line":14,"column":2},"end":{"line":16,"column":3}},"8":{"start":{"line":15,"column":4},"end":{"line":15,"column":42}},"9":{"start":{"line":18,"column":2},"end":{"line":20,"column":3}},"10":{"start":{"line":19,"column":4},"end":{"line":19,"column":48}},"11":{"start":{"line":22,"column":2},"end":{"line":24,"column":3}},"12":{"start":{"line":23,"column":4},"end":{"line":23,"column":48}},"13":{"start":{"line":26,"column":2},"end":{"line":28,"column":3}},"14":{"start":{"line":27,"column":4},"end":{"line":27,"column":43}},"15":{"start":{"line":30,"column":2},"end":{"line":30,"column":16}},"16":{"start":{"line":33,"column":0},"end":{"line":35,"column":2}}},"fnMap":{"0":{"name":"validateCreateAppointmentPayload","decl":{"start":{"line":1,"column":9},"end":{"line":1,"column":41}},"loc":{"start":{"line":1,"column":48},"end":{"line":31,"column":1}},"line":1}},"branchMap":{"0":{"loc":{"start":{"line":4,"column":2},"end":{"line":8,"column":3}},"type":"if","locations":[{"start":{"line":4,"column":2},"end":{"line":8,"column":3}},{"start":{"line":6,"column":9},"end":{"line":8,"column":3}}],"line":4},"1":{"loc":{"start":{"line":4,"column":6},"end":{"line":4,"column":103}},"type":"binary-expr","locations":[{"start":{"line":4,"column":6},"end":{"line":4,"column":23}},{"start":{"line":4,"column":27},"end":{"line":4,"column":63}},{"start":{"line":4,"column":67},"end":{"line":4,"column":103}}],"line":4},"2":{"loc":{"start":{"line":6,"column":9},"end":{"line":8,"column":3}},"type":"if","locations":[{"start":{"line":6,"column":9},"end":{"line":8,"column":3}},{"start":{},"end":{}}],"line":6},"3":{"loc":{"start":{"line":10,"column":2},"end":{"line":12,"column":3}},"type":"if","locations":[{"start":{"line":10,"column":2},"end":{"line":12,"column":3}},{"start":{},"end":{}}],"line":10},"4":{"loc":{"start":{"line":10,"column":6},"end":{"line":10,"column":59}},"type":"binary-expr","locations":[{"start":{"line":10,"column":6},"end":{"line":10,"column":21}},{"start":{"line":10,"column":25},"end":{"line":10,"column":59}}],"line":10},"5":{"loc":{"start":{"line":14,"column":2},"end":{"line":16,"column":3}},"type":"if","locations":[{"start":{"line":14,"column":2},"end":{"line":16,"column":3}},{"start":{},"end":{}}],"line":14},"6":{"loc":{"start":{"line":14,"column":6},"end":{"line":14,"column":59}},"type":"binary-expr","locations":[{"start":{"line":14,"column":6},"end":{"line":14,"column":21}},{"start":{"line":14,"column":25},"end":{"line":14,"column":59}}],"line":14},"7":{"loc":{"start":{"line":18,"column":2},"end":{"line":20,"column":3}},"type":"if","locations":[{"start":{"line":18,"column":2},"end":{"line":20,"column":3}},{"start":{},"end":{}}],"line":18},"8":{"loc":{"start":{"line":18,"column":6},"end":{"line":18,"column":71}},"type":"binary-expr","locations":[{"start":{"line":18,"column":6},"end":{"line":18,"column":27}},{"start":{"line":18,"column":31},"end":{"line":18,"column":71}}],"line":18},"9":{"loc":{"start":{"line":22,"column":2},"end":{"line":24,"column":3}},"type":"if","locations":[{"start":{"line":22,"column":2},"end":{"line":24,"column":3}},{"start":{},"end":{}}],"line":22},"10":{"loc":{"start":{"line":22,"column":6},"end":{"line":22,"column":71}},"type":"binary-expr","locations":[{"start":{"line":22,"column":6},"end":{"line":22,"column":27}},{"start":{"line":22,"column":31},"end":{"line":22,"column":71}}],"line":22},"11":{"loc":{"start":{"line":26,"column":2},"end":{"line":28,"column":3}},"type":"if","locations":[{"start":{"line":26,"column":2},"end":{"line":28,"column":3}},{"start":{},"end":{}}],"line":26},"12":{"loc":{"start":{"line":26,"column":6},"end":{"line":26,"column":64}},"type":"binary-expr","locations":[{"start":{"line":26,"column":6},"end":{"line":26,"column":30}},{"start":{"line":26,"column":34},"end":{"line":26,"column":64}}],"line":26}},"s":{"0":13,"1":13,"2":3,"3":10,"4":1,"5":13,"6":3,"7":13,"8":3,"9":13,"10":3,"11":13,"12":3,"13":13,"14":1,"15":13,"16":6},"f":{"0":13},"b":{"0":[3,10],"1":[13,10,10],"2":[1,9],"3":[3,10],"4":[13,10],"5":[3,10],"6":[13,10],"7":[3,10],"8":[13,10],"9":[3,10],"10":[13,10],"11":[1,12],"12":[13,4]},"_coverageSchema":"1a1c01bbd47fc00a2c39e90264f33305004495a9","hash":"b8eb1743cc0562cec112296bc102698c42a865a0"}
,"/home/jdperla/VSCode_Linux/SoftwareDesign/AdvisingHub-fresh1/backend/src/validators/queueValidators.js": {"path":"/home/jdperla/VSCode_Linux/SoftwareDesign/AdvisingHub-fresh1/backend/src/validators/queueValidators.js","statementMap":{"0":{"start":{"line":1,"column":27},"end":{"line":1,"column":62}},"1":{"start":{"line":4,"column":17},"end":{"line":4,"column":19}},"2":{"start":{"line":6,"column":2},"end":{"line":8,"column":3}},"3":{"start":{"line":7,"column":4},"end":{"line":7,"column":60}},"4":{"start":{"line":10,"column":2},"end":{"line":16,"column":3}},"5":{"start":{"line":11,"column":4},"end":{"line":11,"column":58}},"6":{"start":{"line":12,"column":9},"end":{"line":16,"column":3}},"7":{"start":{"line":13,"column":4},"end":{"line":13,"column":41}},"8":{"start":{"line":14,"column":9},"end":{"line":16,"column":3}},"9":{"start":{"line":15,"column":4},"end":{"line":15,"column":56}},"10":{"start":{"line":18,"column":2},"end":{"line":20,"column":3}},"11":{"start":{"line":19,"column":4},"end":{"line":19,"column":63}},"12":{"start":{"line":22,"column":2},"end":{"line":24,"column":3}},"13":{"start":{"line":23,"column":4},"end":{"line":23,"column":63}},"14":{"start":{"line":26,"column":2},"end":{"line":32,"column":3}},"15":{"start":{"line":27,"column":4},"end":{"line":27,"column":65}},"16":{"start":{"line":28,"column":9},"end":{"line":32,"column":3}},"17":{"start":{"line":29,"column":4},"end":{"line":29,"column":48}},"18":{"start":{"line":30,"column":9},"end":{"line":32,"column":3}},"19":{"start":{"line":31,"column":4},"end":{"line":31,"column":63}},"20":{"start":{"line":34,"column":2},"end":{"line":38,"column":3}},"21":{"start":{"line":35,"column":4},"end":{"line":37,"column":5}},"22":{"start":{"line":36,"column":6},"end":{"line":36,"column":73}},"23":{"start":{"line":40,"column":2},"end":{"line":40,"column":16}},"24":{"start":{"line":43,"column":0},"end":{"line":46,"column":2}}},"fnMap":{"0":{"name":"validateJoinQueuePayload","decl":{"start":{"line":3,"column":9},"end":{"line":3,"column":33}},"loc":{"start":{"line":3,"column":40},"end":{"line":41,"column":1}},"line":3}},"branchMap":{"0":{"loc":{"start":{"line":6,"column":2},"end":{"line":8,"column":3}},"type":"if","locations":[{"start":{"line":6,"column":2},"end":{"line":8,"column":3}},{"start":{},"end":{}}],"line":6},"1":{"loc":{"start":{"line":6,"column":6},"end":{"line":6,"column":53}},"type":"binary-expr","locations":[{"start":{"line":6,"column":6},"end":{"line":6,"column":18}},{"start":{"line":6,"column":22},"end":{"line":6,"column":53}}],"line":6},"2":{"loc":{"start":{"line":10,"column":2},"end":{"line":16,"column":3}},"type":"if","locations":[{"start":{"line":10,"column":2},"end":{"line":16,"column":3}},{"start":{"line":12,"column":9},"end":{"line":16,"column":3}}],"line":10},"3":{"loc":{"start":{"line":10,"column":6},"end":{"line":10,"column":49}},"type":"binary-expr","locations":[{"start":{"line":10,"column":6},"end":{"line":10,"column":16}},{"start":{"line":10,"column":20},"end":{"line":10,"column":49}}],"line":10},"4":{"loc":{"start":{"line":12,"column":9},"end":{"line":16,"column":3}},"type":"if","locations":[{"start":{"line":12,"column":9},"end":{"line":16,"column":3}},{"start":{"line":14,"column":9},"end":{"line":16,"column":3}}],"line":12},"5":{"loc":{"start":{"line":14,"column":9},"end":{"line":16,"column":3}},"type":"if","locations":[{"start":{"line":14,"column":9},"end":{"line":16,"column":3}},{"start":{},"end":{}}],"line":14},"6":{"loc":{"start":{"line":18,"column":2},"end":{"line":20,"column":3}},"type":"if","locations":[{"start":{"line":18,"column":2},"end":{"line":20,"column":3}},{"start":{},"end":{}}],"line":18},"7":{"loc":{"start":{"line":18,"column":6},"end":{"line":18,"column":59}},"type":"binary-expr","locations":[{"start":{"line":18,"column":6},"end":{"line":18,"column":21}},{"start":{"line":18,"column":25},"end":{"line":18,"column":59}}],"line":18},"8":{"loc":{"start":{"line":22,"column":2},"end":{"line":24,"column":3}},"type":"if","locations":[{"start":{"line":22,"column":2},"end":{"line":24,"column":3}},{"start":{},"end":{}}],"line":22},"9":{"loc":{"start":{"line":22,"column":6},"end":{"line":22,"column":59}},"type":"binary-expr","locations":[{"start":{"line":22,"column":6},"end":{"line":22,"column":21}},{"start":{"line":22,"column":25},"end":{"line":22,"column":59}}],"line":22},"10":{"loc":{"start":{"line":26,"column":2},"end":{"line":32,"column":3}},"type":"if","locations":[{"start":{"line":26,"column":2},"end":{"line":32,"column":3}},{"start":{"line":28,"column":9},"end":{"line":32,"column":3}}],"line":26},"11":{"loc":{"start":{"line":26,"column":6},"end":{"line":26,"column":63}},"type":"binary-expr","locations":[{"start":{"line":26,"column":6},"end":{"line":26,"column":23}},{"start":{"line":26,"column":27},"end":{"line":26,"column":63}}],"line":26},"12":{"loc":{"start":{"line":28,"column":9},"end":{"line":32,"column":3}},"type":"if","locations":[{"start":{"line":28,"column":9},"end":{"line":32,"column":3}},{"start":{"line":30,"column":9},"end":{"line":32,"column":3}}],"line":28},"13":{"loc":{"start":{"line":30,"column":9},"end":{"line":32,"column":3}},"type":"if","locations":[{"start":{"line":30,"column":9},"end":{"line":32,"column":3}},{"start":{},"end":{}}],"line":30},"14":{"loc":{"start":{"line":34,"column":2},"end":{"line":38,"column":3}},"type":"if","locations":[{"start":{"line":34,"column":2},"end":{"line":38,"column":3}},{"start":{},"end":{}}],"line":34},"15":{"loc":{"start":{"line":35,"column":4},"end":{"line":37,"column":5}},"type":"if","locations":[{"start":{"line":35,"column":4},"end":{"line":37,"column":5}},{"start":{},"end":{}}],"line":35},"16":{"loc":{"start":{"line":35,"column":8},"end":{"line":35,"column":88}},"type":"binary-expr","locations":[{"start":{"line":35,"column":8},"end":{"line":35,"column":41}},{"start":{"line":35,"column":45},"end":{"line":35,"column":88}}],"line":35}},"s":{"0":6,"1":12,"2":12,"3":2,"4":12,"5":2,"6":10,"7":0,"8":10,"9":1,"10":12,"11":2,"12":12,"13":2,"14":12,"15":2,"16":10,"17":0,"18":10,"19":0,"20":12,"21":5,"22":1,"23":12,"24":6},"f":{"0":12},"b":{"0":[2,10],"1":[12,10],"2":[2,10],"3":[12,10],"4":[0,10],"5":[1,9],"6":[2,10],"7":[12,10],"8":[2,10],"9":[12,10],"10":[2,10],"11":[12,10],"12":[0,10],"13":[0,10],"14":[5,7],"15":[1,4],"16":[5,5]},"_coverageSchema":"1a1c01bbd47fc00a2c39e90264f33305004495a9","hash":"19e622276e00e03b7276b9c5db42d37559d34abe"}
}
