{"/home/jdperla/VSCode_Linux/SoftwareDesign/AdvisingHub-fresh1/backend/src/app.js": {"path":"/home/jdperla/VSCode_Linux/SoftwareDesign/AdvisingHub-fresh1/backend/src/app.js","statementMap":{"0":{"start":{"line":1,"column":16},"end":{"line":1,"column":34}},"1":{"start":{"line":2,"column":13},"end":{"line":2,"column":28}},"2":{"start":{"line":4,"column":19},"end":{"line":4,"column":50}},"3":{"start":{"line":5,"column":25},"end":{"line":5,"column":61}},"4":{"start":{"line":6,"column":20},"end":{"line":6,"column":51}},"5":{"start":{"line":7,"column":29},"end":{"line":7,"column":69}},"6":{"start":{"line":8,"column":26},"end":{"line":8,"column":63}},"7":{"start":{"line":9,"column":31},"end":{"line":9,"column":73}},"8":{"start":{"line":10,"column":29},"end":{"line":10,"column":69}},"9":{"start":{"line":11,"column":22},"end":{"line":11,"column":55}},"10":{"start":{"line":12,"column":28},"end":{"line":12,"column":67}},"11":{"start":{"line":13,"column":12},"end":{"line":13,"column":21}},"12":{"start":{"line":15,"column":0},"end":{"line":15,"column":16}},"13":{"start":{"line":16,"column":0},"end":{"line":16,"column":24}},"14":{"start":{"line":18,"column":0},"end":{"line":23,"column":3}},"15":{"start":{"line":19,"column":2},"end":{"line":22,"column":5}},"16":{"start":{"line":25,"column":0},"end":{"line":25,"column":33}},"17":{"start":{"line":26,"column":0},"end":{"line":26,"column":46}},"18":{"start":{"line":27,"column":0},"end":{"line":27,"column":35}},"19":{"start":{"line":28,"column":0},"end":{"line":28,"column":47}},"20":{"start":{"line":29,"column":0},"end":{"line":29,"column":48}},"21":{"start":{"line":30,"column":0},"end":{"line":30,"column":59}},"22":{"start":{"line":31,"column":0},"end":{"line":31,"column":54}},"23":{"start":{"line":32,"column":0},"end":{"line":32,"column":39}},"24":{"start":{"line":33,"column":0},"end":{"line":33,"column":51}},"25":{"start":{"line":37,"column":0},"end":{"line":42,"column":3}},"26":{"start":{"line":38,"column":2},"end":{"line":41,"column":5}},"27":{"start":{"line":45,"column":0},"end":{"line":53,"column":3}},"28":{"start":{"line":46,"column":2},"end":{"line":46,"column":21}},"29":{"start":{"line":48,"column":21},"end":{"line":48,"column":42}},"30":{"start":{"line":49,"column":2},"end":{"line":52,"column":5}},"31":{"start":{"line":58,"column":0},"end":{"line":58,"column":21}}},"fnMap":{"0":{"name":"(anonymous_0)","decl":{"start":{"line":18,"column":23},"end":{"line":18,"column":24}},"loc":{"start":{"line":18,"column":37},"end":{"line":23,"column":1}},"line":18},"1":{"name":"(anonymous_1)","decl":{"start":{"line":37,"column":8},"end":{"line":37,"column":9}},"loc":{"start":{"line":37,"column":22},"end":{"line":42,"column":1}},"line":37},"2":{"name":"(anonymous_2)","decl":{"start":{"line":45,"column":8},"end":{"line":45,"column":9}},"loc":{"start":{"line":45,"column":33},"end":{"line":53,"column":1}},"line":45}},"branchMap":{"0":{"loc":{"start":{"line":48,"column":21},"end":{"line":48,"column":42}},"type":"binary-expr","locations":[{"start":{"line":48,"column":21},"end":{"line":48,"column":35}},{"start":{"line":48,"column":39},"end":{"line":48,"column":42}}],"line":48},"1":{"loc":{"start":{"line":51,"column":11},"end":{"line":51,"column":49}},"type":"binary-expr","locations":[{"start":{"line":51,"column":11},"end":{"line":51,"column":22}},{"start":{"line":51,"column":26},"end":{"line":51,"column":49}}],"line":51}},"s":{"0":7,"1":7,"2":7,"3":7,"4":7,"5":7,"6":7,"7":7,"8":7,"9":7,"10":7,"11":7,"12":7,"13":7,"14":7,"15":0,"16":7,"17":7,"18":7,"19":7,"20":7,"21":7,"22":7,"23":7,"24":7,"25":7,"26":0,"27":7,"28":4,"29":4,"30":4,"31":7},"f":{"0":0,"1":0,"2":4},"b":{"0":[4,0],"1":[4,0]},"_coverageSchema":"1a1c01bbd47fc00a2c39e90264f33305004495a9","hash":"051870563ebb794e597356d2649657312d3107f2"}
,"/home/jdperla/VSCode_Linux/SoftwareDesign/AdvisingHub-fresh1/backend/src/config/db.js": {"path":"/home/jdperla/VSCode_Linux/SoftwareDesign/AdvisingHub-fresh1/backend/src/config/db.js","statementMap":{"0":{"start":{"line":1,"column":12},"end":{"line":1,"column":28}},"1":{"start":{"line":3,"column":15},"end":{"line":18,"column":1}},"2":{"start":{"line":23,"column":16},"end":{"line":23,"column":33}},"3":{"start":{"line":24,"column":2},"end":{"line":28,"column":3}},"4":{"start":{"line":25,"column":16},"end":{"line":25,"column":75}},"5":{"start":{"line":26,"column":4},"end":{"line":26,"column":25}},"6":{"start":{"line":27,"column":4},"end":{"line":27,"column":14}},"7":{"start":{"line":29,"column":2},"end":{"line":29,"column":15}},"8":{"start":{"line":33,"column":2},"end":{"line":33,"column":24}},"9":{"start":{"line":33,"column":12},"end":{"line":33,"column":24}},"10":{"start":{"line":34,"column":2},"end":{"line":34,"column":24}},"11":{"start":{"line":35,"column":2},"end":{"line":35,"column":28}},"12":{"start":{"line":36,"column":2},"end":{"line":36,"column":26}},"13":{"start":{"line":37,"column":2},"end":{"line":37,"column":24}},"14":{"start":{"line":38,"column":2},"end":{"line":38,"column":35}},"15":{"start":{"line":39,"column":2},"end":{"line":39,"column":14}},"16":{"start":{"line":42,"column":0},"end":{"line":42,"column":46}}},"fnMap":{"0":{"name":"requireEnv","decl":{"start":{"line":22,"column":9},"end":{"line":22,"column":19}},"loc":{"start":{"line":22,"column":26},"end":{"line":30,"column":1}},"line":22},"1":{"name":"getPool","decl":{"start":{"line":32,"column":15},"end":{"line":32,"column":22}},"loc":{"start":{"line":32,"column":25},"end":{"line":40,"column":1}},"line":32}},"branchMap":{"0":{"loc":{"start":{"line":8,"column":17},"end":{"line":8,"column":46}},"type":"binary-expr","locations":[{"start":{"line":8,"column":17},"end":{"line":8,"column":36}},{"start":{"line":8,"column":40},"end":{"line":8,"column":46}}],"line":8},"1":{"loc":{"start":{"line":24,"column":2},"end":{"line":28,"column":3}},"type":"if","locations":[{"start":{"line":24,"column":2},"end":{"line":28,"column":3}},{"start":{},"end":{}}],"line":24},"2":{"loc":{"start":{"line":24,"column":6},"end":{"line":24,"column":49}},"type":"binary-expr","locations":[{"start":{"line":24,"column":6},"end":{"line":24,"column":12}},{"start":{"line":24,"column":16},"end":{"line":24,"column":49}}],"line":24},"3":{"loc":{"start":{"line":33,"column":2},"end":{"line":33,"column":24}},"type":"if","locations":[{"start":{"line":33,"column":2},"end":{"line":33,"column":24}},{"start":{},"end":{}}],"line":33}},"s":{"0":9,"1":9,"2":2,"3":2,"4":1,"5":1,"6":1,"7":1,"8":0,"9":0,"10":0,"11":0,"12":0,"13":0,"14":0,"15":0,"16":9},"f":{"0":2,"1":0},"b":{"0":[9,9],"1":[1,1],"2":[2,1],"3":[0,0]},"_coverageSchema":"1a1c01bbd47fc00a2c39e90264f33305004495a9","hash":"0a55cd662375afe3b69a41c42f35b1404c9a81f9"}
,"/home/jdperla/VSCode_Linux/SoftwareDesign/AdvisingHub-fresh1/backend/src/controllers/adminAnalyticsController.js": {"path":"/home/jdperla/VSCode_Linux/SoftwareDesign/AdvisingHub-fresh1/backend/src/controllers/adminAnalyticsController.js","statementMap":{"0":{"start":{"line":1,"column":25},"end":{"line":1,"column":69}},"1":{"start":{"line":4,"column":2},"end":{"line":14,"column":3}},"2":{"start":{"line":5,"column":17},"end":{"line":10,"column":6}},"3":{"start":{"line":11,"column":4},"end":{"line":11,"column":50}},"4":{"start":{"line":13,"column":4},"end":{"line":13,"column":16}},"5":{"start":{"line":18,"column":2},"end":{"line":23,"column":3}},"6":{"start":{"line":19,"column":17},"end":{"line":19,"column":58}},"7":{"start":{"line":20,"column":4},"end":{"line":20,"column":50}},"8":{"start":{"line":22,"column":4},"end":{"line":22,"column":16}},"9":{"start":{"line":27,"column":2},"end":{"line":44,"column":3}},"10":{"start":{"line":28,"column":23},"end":{"line":28,"column":43}},"11":{"start":{"line":29,"column":20},"end":{"line":29,"column":43}},"12":{"start":{"line":30,"column":4},"end":{"line":35,"column":5}},"13":{"start":{"line":31,"column":6},"end":{"line":34,"column":9}},"14":{"start":{"line":37,"column":17},"end":{"line":37,"column":78}},"15":{"start":{"line":38,"column":4},"end":{"line":41,"column":7}},"16":{"start":{"line":43,"column":4},"end":{"line":43,"column":16}},"17":{"start":{"line":47,"column":0},"end":{"line":51,"column":2}}},"fnMap":{"0":{"name":"getOverview","decl":{"start":{"line":3,"column":15},"end":{"line":3,"column":26}},"loc":{"start":{"line":3,"column":43},"end":{"line":15,"column":1}},"line":3},"1":{"name":"getFilterOptions","decl":{"start":{"line":17,"column":15},"end":{"line":17,"column":31}},"loc":{"start":{"line":17,"column":48},"end":{"line":24,"column":1}},"line":17},"2":{"name":"generateReport","decl":{"start":{"line":26,"column":15},"end":{"line":26,"column":29}},"loc":{"start":{"line":26,"column":46},"end":{"line":45,"column":1}},"line":26}},"branchMap":{"0":{"loc":{"start":{"line":29,"column":20},"end":{"line":29,"column":43}},"type":"binary-expr","locations":[{"start":{"line":29,"column":20},"end":{"line":29,"column":37}},{"start":{"line":29,"column":41},"end":{"line":29,"column":43}}],"line":29},"1":{"loc":{"start":{"line":30,"column":4},"end":{"line":35,"column":5}},"type":"if","locations":[{"start":{"line":30,"column":4},"end":{"line":35,"column":5}},{"start":{},"end":{}}],"line":30}},"s":{"0":7,"1":1,"2":1,"3":1,"4":0,"5":1,"6":1,"7":1,"8":0,"9":2,"10":2,"11":2,"12":2,"13":1,"14":1,"15":1,"16":0,"17":7},"f":{"0":1,"1":1,"2":2},"b":{"0":[2,0],"1":[1,1]},"_coverageSchema":"1a1c01bbd47fc00a2c39e90264f33305004495a9","hash":"45acc4ea9012c4477e7b5609c05ba2d0b495f4a0"}
,"/home/jdperla/VSCode_Linux/SoftwareDesign/AdvisingHub-fresh1/backend/src/controllers/adminQueueController.js": {"path":"/home/jdperla/VSCode_Linux/SoftwareDesign/AdvisingHub-fresh1/backend/src/controllers/adminQueueController.js","statementMap":{"0":{"start":{"line":1,"column":21},"end":{"line":1,"column":56}},"1":{"start":{"line":4,"column":2},"end":{"line":17,"column":3}},"2":{"start":{"line":5,"column":18},"end":{"line":5,"column":67}},"3":{"start":{"line":6,"column":20},"end":{"line":6,"column":61}},"4":{"start":{"line":8,"column":4},"end":{"line":14,"column":7}},"5":{"start":{"line":16,"column":4},"end":{"line":16,"column":16}},"6":{"start":{"line":21,"column":2},"end":{"line":33,"column":3}},"7":{"start":{"line":22,"column":23},"end":{"line":24,"column":6}},"8":{"start":{"line":26,"column":4},"end":{"line":30,"column":7}},"9":{"start":{"line":32,"column":4},"end":{"line":32,"column":16}},"10":{"start":{"line":36,"column":2},"end":{"line":49,"column":3}},"11":{"start":{"line":37,"column":24},"end":{"line":40,"column":6}},"12":{"start":{"line":42,"column":4},"end":{"line":46,"column":7}},"13":{"start":{"line":48,"column":4},"end":{"line":48,"column":16}},"14":{"start":{"line":53,"column":2},"end":{"line":65,"column":3}},"15":{"start":{"line":54,"column":26},"end":{"line":56,"column":6}},"16":{"start":{"line":58,"column":4},"end":{"line":62,"column":7}},"17":{"start":{"line":64,"column":4},"end":{"line":64,"column":16}},"18":{"start":{"line":68,"column":0},"end":{"line":73,"column":2}}},"fnMap":{"0":{"name":"getCurrentQueue","decl":{"start":{"line":3,"column":15},"end":{"line":3,"column":30}},"loc":{"start":{"line":3,"column":47},"end":{"line":18,"column":1}},"line":3},"1":{"name":"serveNextUser","decl":{"start":{"line":20,"column":15},"end":{"line":20,"column":28}},"loc":{"start":{"line":20,"column":45},"end":{"line":34,"column":1}},"line":20},"2":{"name":"markNoShow","decl":{"start":{"line":35,"column":15},"end":{"line":35,"column":25}},"loc":{"start":{"line":35,"column":42},"end":{"line":50,"column":1}},"line":35},"3":{"name":"completeServing","decl":{"start":{"line":52,"column":15},"end":{"line":52,"column":30}},"loc":{"start":{"line":52,"column":47},"end":{"line":66,"column":1}},"line":52}},"branchMap":{},"s":{"0":7,"1":1,"2":1,"3":1,"4":1,"5":0,"6":2,"7":2,"8":1,"9":1,"10":1,"11":1,"12":1,"13":0,"14":1,"15":1,"16":1,"17":0,"18":7},"f":{"0":1,"1":2,"2":1,"3":1},"b":{},"_coverageSchema":"1a1c01bbd47fc00a2c39e90264f33305004495a9","hash":"6c9adb924eb3f28e0ffee4c76218a1c8d1428ce9"}
,"/home/jdperla/VSCode_Linux/SoftwareDesign/AdvisingHub-fresh1/backend/src/controllers/appointmentController.js": {"path":"/home/jdperla/VSCode_Linux/SoftwareDesign/AdvisingHub-fresh1/backend/src/controllers/appointmentController.js","statementMap":{"0":{"start":{"line":1,"column":27},"end":{"line":1,"column":68}},"1":{"start":{"line":4,"column":2},"end":{"line":14,"column":3}},"2":{"start":{"line":5,"column":24},"end":{"line":5,"column":76}},"3":{"start":{"line":7,"column":4},"end":{"line":11,"column":7}},"4":{"start":{"line":13,"column":4},"end":{"line":13,"column":16}},"5":{"start":{"line":18,"column":2},"end":{"line":27,"column":3}},"6":{"start":{"line":19,"column":25},"end":{"line":19,"column":96}},"7":{"start":{"line":21,"column":4},"end":{"line":24,"column":7}},"8":{"start":{"line":26,"column":4},"end":{"line":26,"column":16}},"9":{"start":{"line":31,"column":2},"end":{"line":40,"column":3}},"10":{"start":{"line":32,"column":25},"end":{"line":32,"column":72}},"11":{"start":{"line":34,"column":4},"end":{"line":37,"column":7}},"12":{"start":{"line":39,"column":4},"end":{"line":39,"column":16}},"13":{"start":{"line":43,"column":0},"end":{"line":47,"column":2}}},"fnMap":{"0":{"name":"createAppointment","decl":{"start":{"line":3,"column":15},"end":{"line":3,"column":32}},"loc":{"start":{"line":3,"column":49},"end":{"line":15,"column":1}},"line":3},"1":{"name":"getAppointmentsForStudent","decl":{"start":{"line":17,"column":15},"end":{"line":17,"column":40}},"loc":{"start":{"line":17,"column":57},"end":{"line":28,"column":1}},"line":17},"2":{"name":"getAdminAppointments","decl":{"start":{"line":30,"column":15},"end":{"line":30,"column":35}},"loc":{"start":{"line":30,"column":52},"end":{"line":41,"column":1}},"line":30}},"branchMap":{},"s":{"0":7,"1":2,"2":2,"3":1,"4":1,"5":1,"6":1,"7":1,"8":0,"9":1,"10":1,"11":1,"12":0,"13":7},"f":{"0":2,"1":1,"2":1},"b":{},"_coverageSchema":"1a1c01bbd47fc00a2c39e90264f33305004495a9","hash":"a5a105f1ada96906cec26c8607e28728bef61beb"}
,"/home/jdperla/VSCode_Linux/SoftwareDesign/AdvisingHub-fresh1/backend/src/controllers/auth.controller.js": {"path":"/home/jdperla/VSCode_Linux/SoftwareDesign/AdvisingHub-fresh1/backend/src/controllers/auth.controller.js","statementMap":{"0":{"start":{"line":1,"column":12},"end":{"line":1,"column":35}},"1":{"start":{"line":2,"column":15},"end":{"line":2,"column":34}},"2":{"start":{"line":3,"column":20},"end":{"line":3,"column":55}},"3":{"start":{"line":4,"column":31},"end":{"line":4,"column":80}},"4":{"start":{"line":6,"column":19},"end":{"line":6,"column":83}},"5":{"start":{"line":9,"column":14},"end":{"line":70,"column":1}},"6":{"start":{"line":10,"column":2},"end":{"line":69,"column":3}},"7":{"start":{"line":11,"column":32},"end":{"line":11,"column":40}},"8":{"start":{"line":13,"column":4},"end":{"line":18,"column":5}},"9":{"start":{"line":14,"column":6},"end":{"line":17,"column":9}},"10":{"start":{"line":20,"column":23},"end":{"line":20,"column":63}},"11":{"start":{"line":22,"column":4},"end":{"line":27,"column":5}},"12":{"start":{"line":23,"column":6},"end":{"line":26,"column":9}},"13":{"start":{"line":30,"column":28},"end":{"line":30,"column":81}},"14":{"start":{"line":31,"column":4},"end":{"line":36,"column":5}},"15":{"start":{"line":32,"column":6},"end":{"line":35,"column":9}},"16":{"start":{"line":38,"column":17},"end":{"line":38,"column":68}},"17":{"start":{"line":39,"column":4},"end":{"line":39,"column":86}},"18":{"start":{"line":42,"column":18},"end":{"line":50,"column":5}},"19":{"start":{"line":52,"column":4},"end":{"line":62,"column":7}},"20":{"start":{"line":64,"column":4},"end":{"line":64,"column":41}},"21":{"start":{"line":65,"column":4},"end":{"line":68,"column":7}},"22":{"start":{"line":73,"column":17},"end":{"line":131,"column":1}},"23":{"start":{"line":74,"column":2},"end":{"line":130,"column":3}},"24":{"start":{"line":75,"column":53},"end":{"line":75,"column":61}},"25":{"start":{"line":77,"column":4},"end":{"line":82,"column":5}},"26":{"start":{"line":78,"column":6},"end":{"line":81,"column":9}},"27":{"start":{"line":85,"column":25},"end":{"line":85,"column":65}},"28":{"start":{"line":86,"column":4},"end":{"line":91,"column":5}},"29":{"start":{"line":87,"column":6},"end":{"line":90,"column":9}},"30":{"start":{"line":94,"column":20},"end":{"line":99,"column":6}},"31":{"start":{"line":102,"column":18},"end":{"line":110,"column":5}},"32":{"start":{"line":112,"column":4},"end":{"line":123,"column":7}},"33":{"start":{"line":125,"column":4},"end":{"line":125,"column":48}},"34":{"start":{"line":126,"column":4},"end":{"line":129,"column":7}},"35":{"start":{"line":134,"column":22},"end":{"line":161,"column":1}},"36":{"start":{"line":135,"column":2},"end":{"line":160,"column":3}},"37":{"start":{"line":136,"column":23},"end":{"line":136,"column":48}},"38":{"start":{"line":137,"column":4},"end":{"line":142,"column":5}},"39":{"start":{"line":138,"column":6},"end":{"line":141,"column":9}},"40":{"start":{"line":144,"column":18},"end":{"line":144,"column":41}},"41":{"start":{"line":145,"column":20},"end":{"line":145,"column":49}},"42":{"start":{"line":147,"column":4},"end":{"line":154,"column":7}},"43":{"start":{"line":156,"column":4},"end":{"line":159,"column":7}},"44":{"start":{"line":163,"column":0},"end":{"line":167,"column":2}}},"fnMap":{"0":{"name":"(anonymous_0)","decl":{"start":{"line":9,"column":14},"end":{"line":9,"column":15}},"loc":{"start":{"line":9,"column":34},"end":{"line":70,"column":1}},"line":9},"1":{"name":"(anonymous_1)","decl":{"start":{"line":73,"column":17},"end":{"line":73,"column":18}},"loc":{"start":{"line":73,"column":37},"end":{"line":131,"column":1}},"line":73},"2":{"name":"(anonymous_2)","decl":{"start":{"line":134,"column":22},"end":{"line":134,"column":23}},"loc":{"start":{"line":134,"column":42},"end":{"line":161,"column":1}},"line":134}},"branchMap":{"0":{"loc":{"start":{"line":6,"column":19},"end":{"line":6,"column":83}},"type":"binary-expr","locations":[{"start":{"line":6,"column":19},"end":{"line":6,"column":41}},{"start":{"line":6,"column":45},"end":{"line":6,"column":83}}],"line":6},"1":{"loc":{"start":{"line":13,"column":4},"end":{"line":18,"column":5}},"type":"if","locations":[{"start":{"line":13,"column":4},"end":{"line":18,"column":5}},{"start":{},"end":{}}],"line":13},"2":{"loc":{"start":{"line":13,"column":8},"end":{"line":13,"column":27}},"type":"binary-expr","locations":[{"start":{"line":13,"column":8},"end":{"line":13,"column":14}},{"start":{"line":13,"column":18},"end":{"line":13,"column":27}}],"line":13},"3":{"loc":{"start":{"line":22,"column":4},"end":{"line":27,"column":5}},"type":"if","locations":[{"start":{"line":22,"column":4},"end":{"line":27,"column":5}},{"start":{},"end":{}}],"line":22},"4":{"loc":{"start":{"line":31,"column":4},"end":{"line":36,"column":5}},"type":"if","locations":[{"start":{"line":31,"column":4},"end":{"line":36,"column":5}},{"start":{},"end":{}}],"line":31},"5":{"loc":{"start":{"line":59,"column":14},"end":{"line":59,"column":32}},"type":"binary-expr","locations":[{"start":{"line":59,"column":14},"end":{"line":59,"column":24}},{"start":{"line":59,"column":28},"end":{"line":59,"column":32}}],"line":59},"6":{"loc":{"start":{"line":60,"column":19},"end":{"line":60,"column":42}},"type":"binary-expr","locations":[{"start":{"line":60,"column":19},"end":{"line":60,"column":34}},{"start":{"line":60,"column":38},"end":{"line":60,"column":42}}],"line":60},"7":{"loc":{"start":{"line":75,"column":35},"end":{"line":75,"column":48}},"type":"default-arg","locations":[{"start":{"line":75,"column":42},"end":{"line":75,"column":48}}],"line":75},"8":{"loc":{"start":{"line":77,"column":4},"end":{"line":82,"column":5}},"type":"if","locations":[{"start":{"line":77,"column":4},"end":{"line":82,"column":5}},{"start":{},"end":{}}],"line":77},"9":{"loc":{"start":{"line":77,"column":8},"end":{"line":77,"column":27}},"type":"binary-expr","locations":[{"start":{"line":77,"column":8},"end":{"line":77,"column":14}},{"start":{"line":77,"column":18},"end":{"line":77,"column":27}}],"line":77},"10":{"loc":{"start":{"line":86,"column":4},"end":{"line":91,"column":5}},"type":"if","locations":[{"start":{"line":86,"column":4},"end":{"line":91,"column":5}},{"start":{},"end":{}}],"line":86},"11":{"loc":{"start":{"line":97,"column":12},"end":{"line":97,"column":25}},"type":"binary-expr","locations":[{"start":{"line":97,"column":12},"end":{"line":97,"column":16}},{"start":{"line":97,"column":20},"end":{"line":97,"column":25}}],"line":97},"12":{"loc":{"start":{"line":98,"column":12},"end":{"line":98,"column":47}},"type":"cond-expr","locations":[{"start":{"line":98,"column":31},"end":{"line":98,"column":38}},{"start":{"line":98,"column":41},"end":{"line":98,"column":47}}],"line":98},"13":{"loc":{"start":{"line":121,"column":19},"end":{"line":121,"column":44}},"type":"binary-expr","locations":[{"start":{"line":121,"column":19},"end":{"line":121,"column":36}},{"start":{"line":121,"column":40},"end":{"line":121,"column":44}}],"line":121},"14":{"loc":{"start":{"line":137,"column":4},"end":{"line":142,"column":5}},"type":"if","locations":[{"start":{"line":137,"column":4},"end":{"line":142,"column":5}},{"start":{},"end":{}}],"line":137},"15":{"loc":{"start":{"line":137,"column":8},"end":{"line":137,"column":56}},"type":"binary-expr","locations":[{"start":{"line":137,"column":8},"end":{"line":137,"column":19}},{"start":{"line":137,"column":23},"end":{"line":137,"column":56}}],"line":137}},"s":{"0":8,"1":8,"2":8,"3":8,"4":8,"5":8,"6":3,"7":3,"8":3,"9":1,"10":2,"11":2,"12":0,"13":2,"14":2,"15":1,"16":1,"17":1,"18":1,"19":1,"20":0,"21":0,"22":8,"23":3,"24":3,"25":3,"26":1,"27":2,"28":2,"29":1,"30":1,"31":1,"32":1,"33":0,"34":0,"35":8,"36":0,"37":0,"38":0,"39":0,"40":0,"41":0,"42":0,"43":0,"44":8},"f":{"0":3,"1":3,"2":0},"b":{"0":[8,8],"1":[1,2],"2":[3,2],"3":[0,2],"4":[1,1],"5":[1,0],"6":[1,0],"7":[3],"8":[1,2],"9":[3,2],"10":[1,1],"11":[1,0],"12":[0,1],"13":[1,1],"14":[0,0],"15":[0,0]},"_coverageSchema":"1a1c01bbd47fc00a2c39e90264f33305004495a9","hash":"a7f2f060c2d254dded3ededf219b63d20b80e5e4"}
,"/home/jdperla/VSCode_Linux/SoftwareDesign/AdvisingHub-fresh1/backend/src/controllers/historyController.js": {"path":"/home/jdperla/VSCode_Linux/SoftwareDesign/AdvisingHub-fresh1/backend/src/controllers/historyController.js","statementMap":{"0":{"start":{"line":1,"column":23},"end":{"line":1,"column":60}},"1":{"start":{"line":4,"column":2},"end":{"line":14,"column":3}},"2":{"start":{"line":5,"column":23},"end":{"line":5,"column":33}},"3":{"start":{"line":6,"column":20},"end":{"line":6,"column":67}},"4":{"start":{"line":8,"column":4},"end":{"line":11,"column":7}},"5":{"start":{"line":13,"column":4},"end":{"line":13,"column":16}},"6":{"start":{"line":17,"column":0},"end":{"line":19,"column":2}}},"fnMap":{"0":{"name":"getUserHistory","decl":{"start":{"line":3,"column":15},"end":{"line":3,"column":29}},"loc":{"start":{"line":3,"column":46},"end":{"line":15,"column":1}},"line":3}},"branchMap":{},"s":{"0":7,"1":1,"2":1,"3":1,"4":1,"5":0,"6":7},"f":{"0":1},"b":{},"_coverageSchema":"1a1c01bbd47fc00a2c39e90264f33305004495a9","hash":"8b38d4dcec3ee7c39beb74eadece3921e07b8561"}
,"/home/jdperla/VSCode_Linux/SoftwareDesign/AdvisingHub-fresh1/backend/src/controllers/notificationsController.js": {"path":"/home/jdperla/VSCode_Linux/SoftwareDesign/AdvisingHub-fresh1/backend/src/controllers/notificationsController.js","statementMap":{"0":{"start":{"line":1,"column":31},"end":{"line":1,"column":80}},"1":{"start":{"line":4,"column":2},"end":{"line":11,"column":3}},"2":{"start":{"line":5,"column":23},"end":{"line":5,"column":33}},"3":{"start":{"line":6,"column":4},"end":{"line":6,"column":73}},"4":{"start":{"line":7,"column":17},"end":{"line":7,"column":66}},"5":{"start":{"line":8,"column":4},"end":{"line":8,"column":56}},"6":{"start":{"line":10,"column":4},"end":{"line":10,"column":12}},"7":{"start":{"line":15,"column":2},"end":{"line":21,"column":3}},"8":{"start":{"line":16,"column":39},"end":{"line":16,"column":49}},"9":{"start":{"line":17,"column":4},"end":{"line":17,"column":73}},"10":{"start":{"line":18,"column":4},"end":{"line":18,"column":44}},"11":{"start":{"line":20,"column":4},"end":{"line":20,"column":12}},"12":{"start":{"line":25,"column":2},"end":{"line":31,"column":3}},"13":{"start":{"line":26,"column":39},"end":{"line":26,"column":49}},"14":{"start":{"line":27,"column":4},"end":{"line":27,"column":72}},"15":{"start":{"line":28,"column":4},"end":{"line":28,"column":44}},"16":{"start":{"line":30,"column":4},"end":{"line":30,"column":12}},"17":{"start":{"line":35,"column":2},"end":{"line":41,"column":3}},"18":{"start":{"line":36,"column":23},"end":{"line":36,"column":33}},"19":{"start":{"line":37,"column":4},"end":{"line":37,"column":60}},"20":{"start":{"line":38,"column":4},"end":{"line":38,"column":44}},"21":{"start":{"line":40,"column":4},"end":{"line":40,"column":12}},"22":{"start":{"line":44,"column":0},"end":{"line":49,"column":2}}},"fnMap":{"0":{"name":"getForUser","decl":{"start":{"line":3,"column":15},"end":{"line":3,"column":25}},"loc":{"start":{"line":3,"column":42},"end":{"line":12,"column":1}},"line":3},"1":{"name":"markRead","decl":{"start":{"line":14,"column":15},"end":{"line":14,"column":23}},"loc":{"start":{"line":14,"column":40},"end":{"line":22,"column":1}},"line":14},"2":{"name":"dismiss","decl":{"start":{"line":24,"column":15},"end":{"line":24,"column":22}},"loc":{"start":{"line":24,"column":39},"end":{"line":32,"column":1}},"line":24},"3":{"name":"markAllRead","decl":{"start":{"line":34,"column":15},"end":{"line":34,"column":26}},"loc":{"start":{"line":34,"column":43},"end":{"line":42,"column":1}},"line":34}},"branchMap":{},"s":{"0":7,"1":1,"2":1,"3":1,"4":1,"5":1,"6":0,"7":1,"8":1,"9":1,"10":1,"11":0,"12":1,"13":1,"14":1,"15":1,"16":0,"17":1,"18":1,"19":1,"20":1,"21":0,"22":7},"f":{"0":1,"1":1,"2":1,"3":1},"b":{},"_coverageSchema":"1a1c01bbd47fc00a2c39e90264f33305004495a9","hash":"091b7e24b0574778782d043603ed9155ef73e81b"}
,"/home/jdperla/VSCode_Linux/SoftwareDesign/AdvisingHub-fresh1/backend/src/controllers/queueController.js": {"path":"/home/jdperla/VSCode_Linux/SoftwareDesign/AdvisingHub-fresh1/backend/src/controllers/queueController.js","statementMap":{"0":{"start":{"line":1,"column":21},"end":{"line":1,"column":56}},"1":{"start":{"line":4,"column":2},"end":{"line":19,"column":3}},"2":{"start":{"line":5,"column":19},"end":{"line":5,"column":57}},"3":{"start":{"line":7,"column":4},"end":{"line":16,"column":7}},"4":{"start":{"line":18,"column":4},"end":{"line":18,"column":16}},"5":{"start":{"line":23,"column":2},"end":{"line":40,"column":3}},"6":{"start":{"line":24,"column":19},"end":{"line":24,"column":35}},"7":{"start":{"line":25,"column":4},"end":{"line":30,"column":5}},"8":{"start":{"line":26,"column":6},"end":{"line":29,"column":9}},"9":{"start":{"line":32,"column":17},"end":{"line":32,"column":78}},"10":{"start":{"line":34,"column":4},"end":{"line":37,"column":7}},"11":{"start":{"line":39,"column":4},"end":{"line":39,"column":16}},"12":{"start":{"line":44,"column":2},"end":{"line":54,"column":3}},"13":{"start":{"line":45,"column":22},"end":{"line":45,"column":71}},"14":{"start":{"line":47,"column":4},"end":{"line":51,"column":7}},"15":{"start":{"line":53,"column":4},"end":{"line":53,"column":16}},"16":{"start":{"line":57,"column":0},"end":{"line":61,"column":2}}},"fnMap":{"0":{"name":"joinQueue","decl":{"start":{"line":3,"column":15},"end":{"line":3,"column":24}},"loc":{"start":{"line":3,"column":41},"end":{"line":20,"column":1}},"line":3},"1":{"name":"getActiveQueueEntry","decl":{"start":{"line":22,"column":15},"end":{"line":22,"column":34}},"loc":{"start":{"line":22,"column":51},"end":{"line":41,"column":1}},"line":22},"2":{"name":"leaveQueue","decl":{"start":{"line":43,"column":15},"end":{"line":43,"column":25}},"loc":{"start":{"line":43,"column":42},"end":{"line":55,"column":1}},"line":43}},"branchMap":{"0":{"loc":{"start":{"line":25,"column":4},"end":{"line":30,"column":5}},"type":"if","locations":[{"start":{"line":25,"column":4},"end":{"line":30,"column":5}},{"start":{},"end":{}}],"line":25}},"s":{"0":7,"1":2,"2":2,"3":1,"4":1,"5":2,"6":2,"7":2,"8":1,"9":1,"10":1,"11":0,"12":2,"13":2,"14":1,"15":1,"16":7},"f":{"0":2,"1":2,"2":2},"b":{"0":[1,1]},"_coverageSchema":"1a1c01bbd47fc00a2c39e90264f33305004495a9","hash":"b2159cb7bd83a91fad80a8b3cbcd4f94085b73b2"}
,"/home/jdperla/VSCode_Linux/SoftwareDesign/AdvisingHub-fresh1/backend/src/controllers/serviceCatalogController.js": {"path":"/home/jdperla/VSCode_Linux/SoftwareDesign/AdvisingHub-fresh1/backend/src/controllers/serviceCatalogController.js","statementMap":{"0":{"start":{"line":1,"column":30},"end":{"line":1,"column":74}},"1":{"start":{"line":5,"column":2},"end":{"line":14,"column":3}},"2":{"start":{"line":6,"column":21},"end":{"line":6,"column":58}},"3":{"start":{"line":7,"column":19},"end":{"line":10,"column":7}},"4":{"start":{"line":7,"column":38},"end":{"line":10,"column":5}},"5":{"start":{"line":11,"column":4},"end":{"line":11,"column":58}},"6":{"start":{"line":13,"column":4},"end":{"line":13,"column":16}},"7":{"start":{"line":19,"column":2},"end":{"line":32,"column":3}},"8":{"start":{"line":20,"column":20},"end":{"line":20,"column":71}},"9":{"start":{"line":21,"column":4},"end":{"line":21,"column":94}},"10":{"start":{"line":21,"column":18},"end":{"line":21,"column":94}},"11":{"start":{"line":23,"column":4},"end":{"line":29,"column":7}},"12":{"start":{"line":31,"column":4},"end":{"line":31,"column":16}},"13":{"start":{"line":37,"column":2},"end":{"line":64,"column":3}},"14":{"start":{"line":38,"column":65},"end":{"line":38,"column":73}},"15":{"start":{"line":40,"column":4},"end":{"line":42,"column":5}},"16":{"start":{"line":41,"column":6},"end":{"line":41,"column":106}},"17":{"start":{"line":44,"column":23},"end":{"line":49,"column":6}},"18":{"start":{"line":51,"column":4},"end":{"line":61,"column":7}},"19":{"start":{"line":63,"column":4},"end":{"line":63,"column":16}},"20":{"start":{"line":69,"column":2},"end":{"line":94,"column":3}},"21":{"start":{"line":70,"column":65},"end":{"line":70,"column":73}},"22":{"start":{"line":72,"column":20},"end":{"line":77,"column":6}},"23":{"start":{"line":79,"column":4},"end":{"line":79,"column":94}},"24":{"start":{"line":79,"column":18},"end":{"line":79,"column":94}},"25":{"start":{"line":81,"column":4},"end":{"line":91,"column":7}},"26":{"start":{"line":93,"column":4},"end":{"line":93,"column":16}},"27":{"start":{"line":99,"column":2},"end":{"line":109,"column":3}},"28":{"start":{"line":100,"column":23},"end":{"line":100,"column":31}},"29":{"start":{"line":101,"column":4},"end":{"line":101,"column":94}},"30":{"start":{"line":101,"column":17},"end":{"line":101,"column":94}},"31":{"start":{"line":103,"column":19},"end":{"line":103,"column":84}},"32":{"start":{"line":104,"column":4},"end":{"line":104,"column":93}},"33":{"start":{"line":104,"column":17},"end":{"line":104,"column":93}},"34":{"start":{"line":106,"column":4},"end":{"line":106,"column":58}},"35":{"start":{"line":108,"column":4},"end":{"line":108,"column":16}},"36":{"start":{"line":114,"column":2},"end":{"line":124,"column":3}},"37":{"start":{"line":115,"column":23},"end":{"line":115,"column":31}},"38":{"start":{"line":116,"column":4},"end":{"line":116,"column":94}},"39":{"start":{"line":116,"column":17},"end":{"line":116,"column":94}},"40":{"start":{"line":118,"column":20},"end":{"line":118,"column":90}},"41":{"start":{"line":119,"column":4},"end":{"line":119,"column":102}},"42":{"start":{"line":119,"column":18},"end":{"line":119,"column":102}},"43":{"start":{"line":121,"column":4},"end":{"line":121,"column":80}},"44":{"start":{"line":123,"column":4},"end":{"line":123,"column":16}},"45":{"start":{"line":129,"column":2},"end":{"line":136,"column":3}},"46":{"start":{"line":130,"column":20},"end":{"line":130,"column":76}},"47":{"start":{"line":131,"column":4},"end":{"line":131,"column":94}},"48":{"start":{"line":131,"column":18},"end":{"line":131,"column":94}},"49":{"start":{"line":133,"column":4},"end":{"line":133,"column":85}},"50":{"start":{"line":135,"column":4},"end":{"line":135,"column":16}},"51":{"start":{"line":139,"column":0},"end":{"line":147,"column":2}}},"fnMap":{"0":{"name":"getServices","decl":{"start":{"line":4,"column":15},"end":{"line":4,"column":26}},"loc":{"start":{"line":4,"column":43},"end":{"line":15,"column":1}},"line":4},"1":{"name":"(anonymous_1)","decl":{"start":{"line":7,"column":32},"end":{"line":7,"column":33}},"loc":{"start":{"line":7,"column":38},"end":{"line":10,"column":5}},"line":7},"2":{"name":"getServiceById","decl":{"start":{"line":18,"column":15},"end":{"line":18,"column":29}},"loc":{"start":{"line":18,"column":46},"end":{"line":33,"column":1}},"line":18},"3":{"name":"createService","decl":{"start":{"line":36,"column":15},"end":{"line":36,"column":28}},"loc":{"start":{"line":36,"column":45},"end":{"line":65,"column":1}},"line":36},"4":{"name":"updateService","decl":{"start":{"line":68,"column":15},"end":{"line":68,"column":28}},"loc":{"start":{"line":68,"column":45},"end":{"line":95,"column":1}},"line":68},"5":{"name":"joinQueue","decl":{"start":{"line":98,"column":15},"end":{"line":98,"column":24}},"loc":{"start":{"line":98,"column":41},"end":{"line":110,"column":1}},"line":98},"6":{"name":"leaveQueue","decl":{"start":{"line":113,"column":15},"end":{"line":113,"column":25}},"loc":{"start":{"line":113,"column":42},"end":{"line":125,"column":1}},"line":113},"7":{"name":"deleteService","decl":{"start":{"line":128,"column":15},"end":{"line":128,"column":28}},"loc":{"start":{"line":128,"column":45},"end":{"line":137,"column":1}},"line":128}},"branchMap":{"0":{"loc":{"start":{"line":9,"column":27},"end":{"line":9,"column":76}},"type":"binary-expr","locations":[{"start":{"line":9,"column":27},"end":{"line":9,"column":48}},{"start":{"line":9,"column":52},"end":{"line":9,"column":70}},{"start":{"line":9,"column":74},"end":{"line":9,"column":76}}],"line":9},"1":{"loc":{"start":{"line":21,"column":4},"end":{"line":21,"column":94}},"type":"if","locations":[{"start":{"line":21,"column":4},"end":{"line":21,"column":94}},{"start":{},"end":{}}],"line":21},"2":{"loc":{"start":{"line":27,"column":29},"end":{"line":27,"column":90}},"type":"binary-expr","locations":[{"start":{"line":27,"column":29},"end":{"line":27,"column":56}},{"start":{"line":27,"column":60},"end":{"line":27,"column":84}},{"start":{"line":27,"column":88},"end":{"line":27,"column":90}}],"line":27},"3":{"loc":{"start":{"line":40,"column":4},"end":{"line":42,"column":5}},"type":"if","locations":[{"start":{"line":40,"column":4},"end":{"line":42,"column":5}},{"start":{},"end":{}}],"line":40},"4":{"loc":{"start":{"line":40,"column":8},"end":{"line":40,"column":44}},"type":"binary-expr","locations":[{"start":{"line":40,"column":8},"end":{"line":40,"column":13}},{"start":{"line":40,"column":17},"end":{"line":40,"column":44}}],"line":40},"5":{"loc":{"start":{"line":46,"column":19},"end":{"line":46,"column":36}},"type":"binary-expr","locations":[{"start":{"line":46,"column":19},"end":{"line":46,"column":30}},{"start":{"line":46,"column":34},"end":{"line":46,"column":36}}],"line":46},"6":{"loc":{"start":{"line":48,"column":16},"end":{"line":48,"column":36}},"type":"binary-expr","locations":[{"start":{"line":48,"column":16},"end":{"line":48,"column":24}},{"start":{"line":48,"column":28},"end":{"line":48,"column":36}}],"line":48},"7":{"loc":{"start":{"line":57,"column":29},"end":{"line":57,"column":65}},"type":"binary-expr","locations":[{"start":{"line":57,"column":29},"end":{"line":57,"column":59}},{"start":{"line":57,"column":63},"end":{"line":57,"column":65}}],"line":57},"8":{"loc":{"start":{"line":58,"column":18},"end":{"line":58,"column":49}},"type":"binary-expr","locations":[{"start":{"line":58,"column":18},"end":{"line":58,"column":37}},{"start":{"line":58,"column":41},"end":{"line":58,"column":49}}],"line":58},"9":{"loc":{"start":{"line":79,"column":4},"end":{"line":79,"column":94}},"type":"if","locations":[{"start":{"line":79,"column":4},"end":{"line":79,"column":94}},{"start":{},"end":{}}],"line":79},"10":{"loc":{"start":{"line":87,"column":29},"end":{"line":87,"column":62}},"type":"binary-expr","locations":[{"start":{"line":87,"column":29},"end":{"line":87,"column":56}},{"start":{"line":87,"column":60},"end":{"line":87,"column":62}}],"line":87},"11":{"loc":{"start":{"line":88,"column":18},"end":{"line":88,"column":46}},"type":"binary-expr","locations":[{"start":{"line":88,"column":18},"end":{"line":88,"column":34}},{"start":{"line":88,"column":38},"end":{"line":88,"column":46}}],"line":88},"12":{"loc":{"start":{"line":101,"column":4},"end":{"line":101,"column":94}},"type":"if","locations":[{"start":{"line":101,"column":4},"end":{"line":101,"column":94}},{"start":{},"end":{}}],"line":101},"13":{"loc":{"start":{"line":104,"column":4},"end":{"line":104,"column":93}},"type":"if","locations":[{"start":{"line":104,"column":4},"end":{"line":104,"column":93}},{"start":{},"end":{}}],"line":104},"14":{"loc":{"start":{"line":116,"column":4},"end":{"line":116,"column":94}},"type":"if","locations":[{"start":{"line":116,"column":4},"end":{"line":116,"column":94}},{"start":{},"end":{}}],"line":116},"15":{"loc":{"start":{"line":119,"column":4},"end":{"line":119,"column":102}},"type":"if","locations":[{"start":{"line":119,"column":4},"end":{"line":119,"column":102}},{"start":{},"end":{}}],"line":119},"16":{"loc":{"start":{"line":131,"column":4},"end":{"line":131,"column":94}},"type":"if","locations":[{"start":{"line":131,"column":4},"end":{"line":131,"column":94}},{"start":{},"end":{}}],"line":131}},"s":{"0":7,"1":1,"2":1,"3":1,"4":2,"5":1,"6":0,"7":2,"8":2,"9":2,"10":1,"11":1,"12":0,"13":2,"14":2,"15":2,"16":1,"17":1,"18":1,"19":0,"20":2,"21":2,"22":2,"23":2,"24":1,"25":1,"26":0,"27":0,"28":0,"29":0,"30":0,"31":0,"32":0,"33":0,"34":0,"35":0,"36":0,"37":0,"38":0,"39":0,"40":0,"41":0,"42":0,"43":0,"44":0,"45":2,"46":2,"47":2,"48":1,"49":1,"50":0,"51":7},"f":{"0":1,"1":2,"2":2,"3":2,"4":2,"5":0,"6":0,"7":2},"b":{"0":[2,0,0],"1":[1,1],"2":[1,0,0],"3":[1,1],"4":[2,1],"5":[1,0],"6":[1,1],"7":[1,0],"8":[1,0],"9":[1,1],"10":[1,0],"11":[1,0],"12":[0,0],"13":[0,0],"14":[0,0],"15":[0,0],"16":[1,1]},"_coverageSchema":"1a1c01bbd47fc00a2c39e90264f33305004495a9","hash":"5fd98b9fa394323d1e4df47a75b048c96b600f93"}
,"/home/jdperla/VSCode_Linux/SoftwareDesign/AdvisingHub-fresh1/backend/src/repositories/adminAnalyticsRepository.js": {"path":"/home/jdperla/VSCode_Linux/SoftwareDesign/AdvisingHub-fresh1/backend/src/repositories/adminAnalyticsRepository.js","statementMap":{"0":{"start":{"line":1,"column":25},"end":{"line":1,"column":48}},"1":{"start":{"line":3,"column":21},"end":{"line":8,"column":1}},"2":{"start":{"line":10,"column":20},"end":{"line":10,"column":22}},"3":{"start":{"line":13,"column":2},"end":{"line":13,"column":39}},"4":{"start":{"line":13,"column":29},"end":{"line":13,"column":39}},"5":{"start":{"line":14,"column":2},"end":{"line":17,"column":27}},"6":{"start":{"line":15,"column":14},"end":{"line":15,"column":36}},"7":{"start":{"line":25,"column":2},"end":{"line":25,"column":46}},"8":{"start":{"line":25,"column":36},"end":{"line":25,"column":46}},"9":{"start":{"line":26,"column":18},"end":{"line":26,"column":50}},"10":{"start":{"line":27,"column":2},"end":{"line":27,"column":37}},"11":{"start":{"line":27,"column":22},"end":{"line":27,"column":37}},"12":{"start":{"line":28,"column":17},"end":{"line":28,"column":115}},"13":{"start":{"line":29,"column":2},"end":{"line":29,"column":32}},"14":{"start":{"line":33,"column":2},"end":{"line":33,"column":29}},"15":{"start":{"line":33,"column":22},"end":{"line":33,"column":29}},"16":{"start":{"line":34,"column":23},"end":{"line":38,"column":4}},"17":{"start":{"line":35,"column":17},"end":{"line":35,"column":38}},"18":{"start":{"line":36,"column":4},"end":{"line":36,"column":45}},"19":{"start":{"line":37,"column":4},"end":{"line":37,"column":22}},"20":{"start":{"line":39,"column":2},"end":{"line":39,"column":61}},"21":{"start":{"line":43,"column":2},"end":{"line":43,"column":61}},"22":{"start":{"line":43,"column":45},"end":{"line":43,"column":61}},"23":{"start":{"line":44,"column":2},"end":{"line":44,"column":50}},"24":{"start":{"line":48,"column":14},"end":{"line":48,"column":24}},"25":{"start":{"line":49,"column":19},"end":{"line":49,"column":52}},"26":{"start":{"line":51,"column":2},"end":{"line":56,"column":3}},"27":{"start":{"line":52,"column":4},"end":{"line":55,"column":6}},"28":{"start":{"line":58,"column":2},"end":{"line":66,"column":3}},"29":{"start":{"line":59,"column":18},"end":{"line":59,"column":67}},"30":{"start":{"line":60,"column":14},"end":{"line":60,"column":51}},"31":{"start":{"line":61,"column":14},"end":{"line":61,"column":58}},"32":{"start":{"line":62,"column":4},"end":{"line":65,"column":6}},"33":{"start":{"line":68,"column":19},"end":{"line":68,"column":54}},"34":{"start":{"line":69,"column":14},"end":{"line":69,"column":63}},"35":{"start":{"line":70,"column":2},"end":{"line":73,"column":4}},"36":{"start":{"line":88,"column":6},"end":{"line":88,"column":13}},"37":{"start":{"line":89,"column":18},"end":{"line":89,"column":20}},"38":{"start":{"line":91,"column":2},"end":{"line":94,"column":3}},"39":{"start":{"line":92,"column":4},"end":{"line":92,"column":60}},"40":{"start":{"line":93,"column":4},"end":{"line":93,"column":48}},"41":{"start":{"line":95,"column":2},"end":{"line":98,"column":3}},"42":{"start":{"line":96,"column":4},"end":{"line":96,"column":56}},"43":{"start":{"line":97,"column":4},"end":{"line":97,"column":46}},"44":{"start":{"line":100,"column":19},"end":{"line":100,"column":75}},"45":{"start":{"line":101,"column":2},"end":{"line":101,"column":88}},"46":{"start":{"line":101,"column":23},"end":{"line":101,"column":88}},"47":{"start":{"line":103,"column":2},"end":{"line":106,"column":3}},"48":{"start":{"line":104,"column":21},"end":{"line":104,"column":76}},"49":{"start":{"line":105,"column":4},"end":{"line":105,"column":87}},"50":{"start":{"line":105,"column":25},"end":{"line":105,"column":87}},"51":{"start":{"line":108,"column":2},"end":{"line":111,"column":3}},"52":{"start":{"line":109,"column":20},"end":{"line":109,"column":88}},"53":{"start":{"line":110,"column":4},"end":{"line":110,"column":87}},"54":{"start":{"line":110,"column":24},"end":{"line":110,"column":87}},"55":{"start":{"line":113,"column":19},"end":{"line":113,"column":75}},"56":{"start":{"line":114,"column":2},"end":{"line":114,"column":88}},"57":{"start":{"line":114,"column":23},"end":{"line":114,"column":88}},"58":{"start":{"line":116,"column":2},"end":{"line":119,"column":3}},"59":{"start":{"line":117,"column":23},"end":{"line":117,"column":84}},"60":{"start":{"line":118,"column":4},"end":{"line":118,"column":89}},"61":{"start":{"line":118,"column":27},"end":{"line":118,"column":89}},"62":{"start":{"line":121,"column":2},"end":{"line":121,"column":17}},"63":{"start":{"line":125,"column":18},"end":{"line":130,"column":4}},"64":{"start":{"line":132,"column":2},"end":{"line":137,"column":3}},"65":{"start":{"line":133,"column":4},"end":{"line":133,"column":80}},"66":{"start":{"line":134,"column":4},"end":{"line":136,"column":6}},"67":{"start":{"line":138,"column":2},"end":{"line":141,"column":3}},"68":{"start":{"line":139,"column":4},"end":{"line":139,"column":75}},"69":{"start":{"line":140,"column":4},"end":{"line":140,"column":59}},"70":{"start":{"line":143,"column":2},"end":{"line":148,"column":3}},"71":{"start":{"line":144,"column":4},"end":{"line":144,"column":84}},"72":{"start":{"line":145,"column":4},"end":{"line":147,"column":6}},"73":{"start":{"line":150,"column":2},"end":{"line":150,"column":17}},"74":{"start":{"line":155,"column":18},"end":{"line":160,"column":4}},"75":{"start":{"line":161,"column":2},"end":{"line":161,"column":17}},"76":{"start":{"line":165,"column":2},"end":{"line":169,"column":5}},"77":{"start":{"line":173,"column":15},"end":{"line":173,"column":30}},"78":{"start":{"line":174,"column":33},"end":{"line":179,"column":3}},"79":{"start":{"line":181,"column":27},"end":{"line":185,"column":42}},"80":{"start":{"line":182,"column":4},"end":{"line":185,"column":42}},"81":{"start":{"line":187,"column":73},"end":{"line":240,"column":4}},"82":{"start":{"line":242,"column":33},"end":{"line":247,"column":4}},"83":{"start":{"line":249,"column":25},"end":{"line":249,"column":69}},"84":{"start":{"line":250,"column":14},"end":{"line":250,"column":39}},"85":{"start":{"line":251,"column":17},"end":{"line":251,"column":45}},"86":{"start":{"line":253,"column":2},"end":{"line":273,"column":4}},"87":{"start":{"line":277,"column":15},"end":{"line":277,"column":30}},"88":{"start":{"line":278,"column":18},"end":{"line":278,"column":32}},"89":{"start":{"line":279,"column":18},"end":{"line":279,"column":64}},"90":{"start":{"line":280,"column":19},"end":{"line":280,"column":77}},"91":{"start":{"line":281,"column":18},"end":{"line":281,"column":64}},"92":{"start":{"line":282,"column":2},"end":{"line":282,"column":41}},"93":{"start":{"line":284,"column":17},"end":{"line":302,"column":4}},"94":{"start":{"line":304,"column":2},"end":{"line":304,"column":26}},"95":{"start":{"line":308,"column":15},"end":{"line":308,"column":30}},"96":{"start":{"line":309,"column":18},"end":{"line":309,"column":32}},"97":{"start":{"line":310,"column":18},"end":{"line":310,"column":59}},"98":{"start":{"line":312,"column":19},"end":{"line":312,"column":77}},"99":{"start":{"line":313,"column":18},"end":{"line":313,"column":94}},"100":{"start":{"line":314,"column":2},"end":{"line":314,"column":41}},"101":{"start":{"line":316,"column":17},"end":{"line":330,"column":4}},"102":{"start":{"line":332,"column":2},"end":{"line":332,"column":26}},"103":{"start":{"line":336,"column":15},"end":{"line":336,"column":30}},"104":{"start":{"line":337,"column":18},"end":{"line":337,"column":32}},"105":{"start":{"line":338,"column":18},"end":{"line":338,"column":57}},"106":{"start":{"line":341,"column":4},"end":{"line":347,"column":14}},"107":{"start":{"line":348,"column":2},"end":{"line":350,"column":3}},"108":{"start":{"line":349,"column":4},"end":{"line":349,"column":88}},"109":{"start":{"line":352,"column":19},"end":{"line":352,"column":77}},"110":{"start":{"line":353,"column":2},"end":{"line":353,"column":41}},"111":{"start":{"line":355,"column":19},"end":{"line":374,"column":3}},"112":{"start":{"line":376,"column":17},"end":{"line":380,"column":4}},"113":{"start":{"line":382,"column":2},"end":{"line":382,"column":26}},"114":{"start":{"line":386,"column":15},"end":{"line":386,"column":30}},"115":{"start":{"line":387,"column":18},"end":{"line":387,"column":32}},"116":{"start":{"line":388,"column":18},"end":{"line":388,"column":98}},"117":{"start":{"line":390,"column":18},"end":{"line":390,"column":59}},"118":{"start":{"line":391,"column":19},"end":{"line":391,"column":77}},"119":{"start":{"line":392,"column":2},"end":{"line":392,"column":41}},"120":{"start":{"line":394,"column":2},"end":{"line":407,"column":3}},"121":{"start":{"line":395,"column":19},"end":{"line":405,"column":6}},"122":{"start":{"line":406,"column":4},"end":{"line":406,"column":28}},"123":{"start":{"line":409,"column":17},"end":{"line":420,"column":4}},"124":{"start":{"line":422,"column":2},"end":{"line":422,"column":26}},"125":{"start":{"line":426,"column":16},"end":{"line":426,"column":44}},"126":{"start":{"line":427,"column":20},"end":{"line":427,"column":69}},"127":{"start":{"line":429,"column":2},"end":{"line":443,"column":3}},"128":{"start":{"line":431,"column":6},"end":{"line":431,"column":65}},"129":{"start":{"line":433,"column":6},"end":{"line":433,"column":63}},"130":{"start":{"line":435,"column":6},"end":{"line":435,"column":58}},"131":{"start":{"line":437,"column":6},"end":{"line":437,"column":62}},"132":{"start":{"line":439,"column":18},"end":{"line":439,"column":55}},"133":{"start":{"line":440,"column":6},"end":{"line":440,"column":27}},"134":{"start":{"line":441,"column":6},"end":{"line":441,"column":16}},"135":{"start":{"line":447,"column":15},"end":{"line":447,"column":30}},"136":{"start":{"line":449,"column":74},"end":{"line":474,"column":4}},"137":{"start":{"line":476,"column":21},"end":{"line":484,"column":3}},"138":{"start":{"line":486,"column":2},"end":{"line":495,"column":4}},"139":{"start":{"line":487,"column":45},"end":{"line":487,"column":59}},"140":{"start":{"line":488,"column":55},"end":{"line":488,"column":63}},"141":{"start":{"line":491,"column":49},"end":{"line":491,"column":59}},"142":{"start":{"line":492,"column":53},"end":{"line":492,"column":67}},"143":{"start":{"line":498,"column":0},"end":{"line":502,"column":2}}},"fnMap":{"0":{"name":"toTrimmedList","decl":{"start":{"line":12,"column":9},"end":{"line":12,"column":22}},"loc":{"start":{"line":12,"column":30},"end":{"line":18,"column":1}},"line":12},"1":{"name":"(anonymous_1)","decl":{"start":{"line":15,"column":9},"end":{"line":15,"column":10}},"loc":{"start":{"line":15,"column":14},"end":{"line":15,"column":36}},"line":15},"2":{"name":"pickMulti","decl":{"start":{"line":24,"column":9},"end":{"line":24,"column":18}},"loc":{"start":{"line":24,"column":67},"end":{"line":30,"column":1}},"line":24},"3":{"name":"addInClause","decl":{"start":{"line":32,"column":9},"end":{"line":32,"column":20}},"loc":{"start":{"line":32,"column":69},"end":{"line":40,"column":1}},"line":32},"4":{"name":"(anonymous_4)","decl":{"start":{"line":34,"column":34},"end":{"line":34,"column":35}},"loc":{"start":{"line":34,"column":44},"end":{"line":38,"column":3}},"line":34},"5":{"name":"sanitizeSort","decl":{"start":{"line":42,"column":9},"end":{"line":42,"column":21}},"loc":{"start":{"line":42,"column":40},"end":{"line":45,"column":1}},"line":42},"6":{"name":"resolveRange","decl":{"start":{"line":47,"column":9},"end":{"line":47,"column":21}},"loc":{"start":{"line":47,"column":52},"end":{"line":74,"column":1}},"line":47},"7":{"name":"bindCommonQueueFilters","decl":{"start":{"line":82,"column":9},"end":{"line":82,"column":31}},"loc":{"start":{"line":82,"column":76},"end":{"line":122,"column":1}},"line":82},"8":{"name":"bindUserParticipationFilters","decl":{"start":{"line":124,"column":9},"end":{"line":124,"column":37}},"loc":{"start":{"line":124,"column":56},"end":{"line":151,"column":1}},"line":124},"9":{"name":"bindActivityDateFilters","decl":{"start":{"line":154,"column":9},"end":{"line":154,"column":32}},"loc":{"start":{"line":154,"column":81},"end":{"line":162,"column":1}},"line":154},"10":{"name":"bindDailyUsageFilters","decl":{"start":{"line":164,"column":9},"end":{"line":164,"column":30}},"loc":{"start":{"line":164,"column":49},"end":{"line":170,"column":1}},"line":164},"11":{"name":"getOverview","decl":{"start":{"line":172,"column":15},"end":{"line":172,"column":26}},"loc":{"start":{"line":172,"column":41},"end":{"line":274,"column":1}},"line":172},"12":{"name":"(anonymous_12)","decl":{"start":{"line":181,"column":27},"end":{"line":181,"column":28}},"loc":{"start":{"line":182,"column":4},"end":{"line":185,"column":42}},"line":182},"13":{"name":"getReportUserQueueParticipation","decl":{"start":{"line":276,"column":15},"end":{"line":276,"column":46}},"loc":{"start":{"line":276,"column":63},"end":{"line":305,"column":1}},"line":276},"14":{"name":"getReportServiceQueueActivity","decl":{"start":{"line":307,"column":15},"end":{"line":307,"column":44}},"loc":{"start":{"line":307,"column":61},"end":{"line":333,"column":1}},"line":307},"15":{"name":"getReportDailyQueueUsage","decl":{"start":{"line":335,"column":15},"end":{"line":335,"column":39}},"loc":{"start":{"line":335,"column":56},"end":{"line":383,"column":1}},"line":335},"16":{"name":"getReportAverageWaitAnalysis","decl":{"start":{"line":385,"column":15},"end":{"line":385,"column":43}},"loc":{"start":{"line":385,"column":60},"end":{"line":423,"column":1}},"line":385},"17":{"name":"getReport","decl":{"start":{"line":425,"column":15},"end":{"line":425,"column":24}},"loc":{"start":{"line":425,"column":51},"end":{"line":444,"column":1}},"line":425},"18":{"name":"getReportFilterOptions","decl":{"start":{"line":446,"column":15},"end":{"line":446,"column":37}},"loc":{"start":{"line":446,"column":40},"end":{"line":496,"column":1}},"line":446},"19":{"name":"(anonymous_19)","decl":{"start":{"line":487,"column":40},"end":{"line":487,"column":41}},"loc":{"start":{"line":487,"column":45},"end":{"line":487,"column":59}},"line":487},"20":{"name":"(anonymous_20)","decl":{"start":{"line":488,"column":50},"end":{"line":488,"column":51}},"loc":{"start":{"line":488,"column":55},"end":{"line":488,"column":63}},"line":488},"21":{"name":"(anonymous_21)","decl":{"start":{"line":491,"column":44},"end":{"line":491,"column":45}},"loc":{"start":{"line":491,"column":49},"end":{"line":491,"column":59}},"line":491},"22":{"name":"(anonymous_22)","decl":{"start":{"line":492,"column":48},"end":{"line":492,"column":49}},"loc":{"start":{"line":492,"column":53},"end":{"line":492,"column":67}},"line":492}},"branchMap":{"0":{"loc":{"start":{"line":13,"column":2},"end":{"line":13,"column":39}},"type":"if","locations":[{"start":{"line":13,"column":2},"end":{"line":13,"column":39}},{"start":{},"end":{}}],"line":13},"1":{"loc":{"start":{"line":15,"column":21},"end":{"line":15,"column":28}},"type":"binary-expr","locations":[{"start":{"line":15,"column":21},"end":{"line":15,"column":22}},{"start":{"line":15,"column":26},"end":{"line":15,"column":28}}],"line":15},"2":{"loc":{"start":{"line":25,"column":2},"end":{"line":25,"column":46}},"type":"if","locations":[{"start":{"line":25,"column":2},"end":{"line":25,"column":46}},{"start":{},"end":{}}],"line":25},"3":{"loc":{"start":{"line":27,"column":2},"end":{"line":27,"column":37}},"type":"if","locations":[{"start":{"line":27,"column":2},"end":{"line":27,"column":37}},{"start":{},"end":{}}],"line":27},"4":{"loc":{"start":{"line":28,"column":17},"end":{"line":28,"column":115}},"type":"cond-expr","locations":[{"start":{"line":28,"column":71},"end":{"line":28,"column":110}},{"start":{"line":28,"column":113},"end":{"line":28,"column":115}}],"line":28},"5":{"loc":{"start":{"line":28,"column":17},"end":{"line":28,"column":68}},"type":"binary-expr","locations":[{"start":{"line":28,"column":17},"end":{"line":28,"column":32}},{"start":{"line":28,"column":36},"end":{"line":28,"column":68}}],"line":28},"6":{"loc":{"start":{"line":29,"column":9},"end":{"line":29,"column":31}},"type":"cond-expr","locations":[{"start":{"line":29,"column":18},"end":{"line":29,"column":26}},{"start":{"line":29,"column":29},"end":{"line":29,"column":31}}],"line":29},"7":{"loc":{"start":{"line":33,"column":2},"end":{"line":33,"column":29}},"type":"if","locations":[{"start":{"line":33,"column":2},"end":{"line":33,"column":29}},{"start":{},"end":{}}],"line":33},"8":{"loc":{"start":{"line":43,"column":2},"end":{"line":43,"column":61}},"type":"if","locations":[{"start":{"line":43,"column":2},"end":{"line":43,"column":61}},{"start":{},"end":{}}],"line":43},"9":{"loc":{"start":{"line":43,"column":6},"end":{"line":43,"column":43}},"type":"binary-expr","locations":[{"start":{"line":43,"column":6},"end":{"line":43,"column":13}},{"start":{"line":43,"column":17},"end":{"line":43,"column":43}}],"line":43},"10":{"loc":{"start":{"line":49,"column":19},"end":{"line":49,"column":52}},"type":"binary-expr","locations":[{"start":{"line":49,"column":19},"end":{"line":49,"column":31}},{"start":{"line":49,"column":35},"end":{"line":49,"column":52}}],"line":49},"11":{"loc":{"start":{"line":51,"column":2},"end":{"line":56,"column":3}},"type":"if","locations":[{"start":{"line":51,"column":2},"end":{"line":56,"column":3}},{"start":{},"end":{}}],"line":51},"12":{"loc":{"start":{"line":58,"column":2},"end":{"line":66,"column":3}},"type":"if","locations":[{"start":{"line":58,"column":2},"end":{"line":66,"column":3}},{"start":{},"end":{}}],"line":58},"13":{"loc":{"start":{"line":59,"column":18},"end":{"line":59,"column":67}},"type":"cond-expr","locations":[{"start":{"line":59,"column":46},"end":{"line":59,"column":62}},{"start":{"line":59,"column":65},"end":{"line":59,"column":67}}],"line":59},"14":{"loc":{"start":{"line":60,"column":14},"end":{"line":60,"column":51}},"type":"binary-expr","locations":[{"start":{"line":60,"column":14},"end":{"line":60,"column":30}},{"start":{"line":60,"column":34},"end":{"line":60,"column":51}}],"line":60},"15":{"loc":{"start":{"line":61,"column":15},"end":{"line":61,"column":53}},"type":"binary-expr","locations":[{"start":{"line":61,"column":15},"end":{"line":61,"column":31}},{"start":{"line":61,"column":35},"end":{"line":61,"column":53}}],"line":61},"16":{"loc":{"start":{"line":68,"column":19},"end":{"line":68,"column":54}},"type":"cond-expr","locations":[{"start":{"line":68,"column":26},"end":{"line":68,"column":48}},{"start":{"line":68,"column":51},"end":{"line":68,"column":54}}],"line":68},"17":{"loc":{"start":{"line":69,"column":14},"end":{"line":69,"column":63}},"type":"cond-expr","locations":[{"start":{"line":69,"column":49},"end":{"line":69,"column":52}},{"start":{"line":69,"column":55},"end":{"line":69,"column":63}}],"line":69},"18":{"loc":{"start":{"line":82,"column":62},"end":{"line":82,"column":74}},"type":"default-arg","locations":[{"start":{"line":82,"column":72},"end":{"line":82,"column":74}}],"line":82},"19":{"loc":{"start":{"line":84,"column":4},"end":{"line":84,"column":24}},"type":"default-arg","locations":[{"start":{"line":84,"column":20},"end":{"line":84,"column":24}}],"line":84},"20":{"loc":{"start":{"line":85,"column":4},"end":{"line":85,"column":26}},"type":"default-arg","locations":[{"start":{"line":85,"column":22},"end":{"line":85,"column":26}}],"line":85},"21":{"loc":{"start":{"line":86,"column":4},"end":{"line":86,"column":29}},"type":"default-arg","locations":[{"start":{"line":86,"column":25},"end":{"line":86,"column":29}}],"line":86},"22":{"loc":{"start":{"line":87,"column":4},"end":{"line":87,"column":27}},"type":"default-arg","locations":[{"start":{"line":87,"column":19},"end":{"line":87,"column":27}}],"line":87},"23":{"loc":{"start":{"line":91,"column":2},"end":{"line":94,"column":3}},"type":"if","locations":[{"start":{"line":91,"column":2},"end":{"line":94,"column":3}},{"start":{},"end":{}}],"line":91},"24":{"loc":{"start":{"line":95,"column":2},"end":{"line":98,"column":3}},"type":"if","locations":[{"start":{"line":95,"column":2},"end":{"line":98,"column":3}},{"start":{},"end":{}}],"line":95},"25":{"loc":{"start":{"line":101,"column":2},"end":{"line":101,"column":88}},"type":"if","locations":[{"start":{"line":101,"column":2},"end":{"line":101,"column":88}},{"start":{},"end":{}}],"line":101},"26":{"loc":{"start":{"line":103,"column":2},"end":{"line":106,"column":3}},"type":"if","locations":[{"start":{"line":103,"column":2},"end":{"line":106,"column":3}},{"start":{},"end":{}}],"line":103},"27":{"loc":{"start":{"line":103,"column":6},"end":{"line":103,"column":35}},"type":"binary-expr","locations":[{"start":{"line":103,"column":6},"end":{"line":103,"column":19}},{"start":{"line":103,"column":23},"end":{"line":103,"column":35}}],"line":103},"28":{"loc":{"start":{"line":105,"column":4},"end":{"line":105,"column":87}},"type":"if","locations":[{"start":{"line":105,"column":4},"end":{"line":105,"column":87}},{"start":{},"end":{}}],"line":105},"29":{"loc":{"start":{"line":108,"column":2},"end":{"line":111,"column":3}},"type":"if","locations":[{"start":{"line":108,"column":2},"end":{"line":111,"column":3}},{"start":{},"end":{}}],"line":108},"30":{"loc":{"start":{"line":110,"column":4},"end":{"line":110,"column":87}},"type":"if","locations":[{"start":{"line":110,"column":4},"end":{"line":110,"column":87}},{"start":{},"end":{}}],"line":110},"31":{"loc":{"start":{"line":114,"column":2},"end":{"line":114,"column":88}},"type":"if","locations":[{"start":{"line":114,"column":2},"end":{"line":114,"column":88}},{"start":{},"end":{}}],"line":114},"32":{"loc":{"start":{"line":116,"column":2},"end":{"line":119,"column":3}},"type":"if","locations":[{"start":{"line":116,"column":2},"end":{"line":119,"column":3}},{"start":{},"end":{}}],"line":116},"33":{"loc":{"start":{"line":118,"column":4},"end":{"line":118,"column":89}},"type":"if","locations":[{"start":{"line":118,"column":4},"end":{"line":118,"column":89}},{"start":{},"end":{}}],"line":118},"34":{"loc":{"start":{"line":132,"column":2},"end":{"line":137,"column":3}},"type":"if","locations":[{"start":{"line":132,"column":2},"end":{"line":137,"column":3}},{"start":{},"end":{}}],"line":132},"35":{"loc":{"start":{"line":138,"column":2},"end":{"line":141,"column":3}},"type":"if","locations":[{"start":{"line":138,"column":2},"end":{"line":141,"column":3}},{"start":{},"end":{}}],"line":138},"36":{"loc":{"start":{"line":143,"column":2},"end":{"line":148,"column":3}},"type":"if","locations":[{"start":{"line":143,"column":2},"end":{"line":148,"column":3}},{"start":{},"end":{}}],"line":143},"37":{"loc":{"start":{"line":143,"column":6},"end":{"line":143,"column":73}},"type":"binary-expr","locations":[{"start":{"line":143,"column":6},"end":{"line":143,"column":27}},{"start":{"line":143,"column":31},"end":{"line":143,"column":51}},{"start":{"line":143,"column":55},"end":{"line":143,"column":73}}],"line":143},"38":{"loc":{"start":{"line":154,"column":51},"end":{"line":154,"column":79}},"type":"default-arg","locations":[{"start":{"line":154,"column":64},"end":{"line":154,"column":79}}],"line":154},"39":{"loc":{"start":{"line":172,"column":27},"end":{"line":172,"column":39}},"type":"default-arg","locations":[{"start":{"line":172,"column":37},"end":{"line":172,"column":39}}],"line":172},"40":{"loc":{"start":{"line":249,"column":25},"end":{"line":249,"column":69}},"type":"binary-expr","locations":[{"start":{"line":249,"column":25},"end":{"line":249,"column":62}},{"start":{"line":249,"column":66},"end":{"line":249,"column":69}}],"line":249},"41":{"loc":{"start":{"line":250,"column":14},"end":{"line":250,"column":39}},"type":"binary-expr","locations":[{"start":{"line":250,"column":14},"end":{"line":250,"column":33}},{"start":{"line":250,"column":37},"end":{"line":250,"column":39}}],"line":250},"42":{"loc":{"start":{"line":251,"column":17},"end":{"line":251,"column":45}},"type":"binary-expr","locations":[{"start":{"line":251,"column":17},"end":{"line":251,"column":39}},{"start":{"line":251,"column":43},"end":{"line":251,"column":45}}],"line":251},"43":{"loc":{"start":{"line":255,"column":26},"end":{"line":255,"column":46}},"type":"binary-expr","locations":[{"start":{"line":255,"column":26},"end":{"line":255,"column":41}},{"start":{"line":255,"column":45},"end":{"line":255,"column":46}}],"line":255},"44":{"loc":{"start":{"line":256,"column":29},"end":{"line":256,"column":52}},"type":"binary-expr","locations":[{"start":{"line":256,"column":29},"end":{"line":256,"column":47}},{"start":{"line":256,"column":51},"end":{"line":256,"column":52}}],"line":256},"45":{"loc":{"start":{"line":258,"column":32},"end":{"line":258,"column":93}},"type":"binary-expr","locations":[{"start":{"line":258,"column":32},"end":{"line":258,"column":88}},{"start":{"line":258,"column":92},"end":{"line":258,"column":93}}],"line":258},"46":{"loc":{"start":{"line":265,"column":41},"end":{"line":265,"column":59}},"type":"binary-expr","locations":[{"start":{"line":265,"column":41},"end":{"line":265,"column":54}},{"start":{"line":265,"column":58},"end":{"line":265,"column":59}}],"line":265},"47":{"loc":{"start":{"line":266,"column":43},"end":{"line":266,"column":63}},"type":"binary-expr","locations":[{"start":{"line":266,"column":43},"end":{"line":266,"column":58}},{"start":{"line":266,"column":62},"end":{"line":266,"column":63}}],"line":266},"48":{"loc":{"start":{"line":267,"column":39},"end":{"line":267,"column":61}},"type":"binary-expr","locations":[{"start":{"line":267,"column":39},"end":{"line":267,"column":56}},{"start":{"line":267,"column":60},"end":{"line":267,"column":61}}],"line":267},"49":{"loc":{"start":{"line":268,"column":42},"end":{"line":268,"column":61}},"type":"binary-expr","locations":[{"start":{"line":268,"column":42},"end":{"line":268,"column":56}},{"start":{"line":268,"column":60},"end":{"line":268,"column":61}}],"line":268},"50":{"loc":{"start":{"line":269,"column":42},"end":{"line":269,"column":61}},"type":"binary-expr","locations":[{"start":{"line":269,"column":42},"end":{"line":269,"column":56}},{"start":{"line":269,"column":60},"end":{"line":269,"column":61}}],"line":269},"51":{"loc":{"start":{"line":280,"column":19},"end":{"line":280,"column":77}},"type":"cond-expr","locations":[{"start":{"line":280,"column":40},"end":{"line":280,"column":72}},{"start":{"line":280,"column":75},"end":{"line":280,"column":77}}],"line":280},"52":{"loc":{"start":{"line":312,"column":19},"end":{"line":312,"column":77}},"type":"cond-expr","locations":[{"start":{"line":312,"column":40},"end":{"line":312,"column":72}},{"start":{"line":312,"column":75},"end":{"line":312,"column":77}}],"line":312},"53":{"loc":{"start":{"line":341,"column":4},"end":{"line":347,"column":14}},"type":"cond-expr","locations":[{"start":{"line":342,"column":8},"end":{"line":342,"column":10}},{"start":{"line":343,"column":8},"end":{"line":347,"column":14}}],"line":341},"54":{"loc":{"start":{"line":343,"column":8},"end":{"line":347,"column":14}},"type":"cond-expr","locations":[{"start":{"line":344,"column":10},"end":{"line":344,"column":43}},{"start":{"line":345,"column":10},"end":{"line":347,"column":14}}],"line":343},"55":{"loc":{"start":{"line":345,"column":10},"end":{"line":347,"column":14}},"type":"cond-expr","locations":[{"start":{"line":346,"column":12},"end":{"line":346,"column":46}},{"start":{"line":347,"column":12},"end":{"line":347,"column":14}}],"line":345},"56":{"loc":{"start":{"line":345,"column":10},"end":{"line":345,"column":109}},"type":"binary-expr","locations":[{"start":{"line":345,"column":10},"end":{"line":345,"column":27}},{"start":{"line":345,"column":31},"end":{"line":345,"column":63}},{"start":{"line":345,"column":67},"end":{"line":345,"column":109}}],"line":345},"57":{"loc":{"start":{"line":348,"column":2},"end":{"line":350,"column":3}},"type":"if","locations":[{"start":{"line":348,"column":2},"end":{"line":350,"column":3}},{"start":{},"end":{}}],"line":348},"58":{"loc":{"start":{"line":352,"column":19},"end":{"line":352,"column":77}},"type":"cond-expr","locations":[{"start":{"line":352,"column":40},"end":{"line":352,"column":72}},{"start":{"line":352,"column":75},"end":{"line":352,"column":77}}],"line":352},"59":{"loc":{"start":{"line":388,"column":18},"end":{"line":388,"column":98}},"type":"cond-expr","locations":[{"start":{"line":388,"column":81},"end":{"line":388,"column":86}},{"start":{"line":388,"column":89},"end":{"line":388,"column":98}}],"line":388},"60":{"loc":{"start":{"line":388,"column":25},"end":{"line":388,"column":53}},"type":"binary-expr","locations":[{"start":{"line":388,"column":25},"end":{"line":388,"column":40}},{"start":{"line":388,"column":44},"end":{"line":388,"column":53}}],"line":388},"61":{"loc":{"start":{"line":391,"column":19},"end":{"line":391,"column":77}},"type":"cond-expr","locations":[{"start":{"line":391,"column":40},"end":{"line":391,"column":72}},{"start":{"line":391,"column":75},"end":{"line":391,"column":77}}],"line":391},"62":{"loc":{"start":{"line":394,"column":2},"end":{"line":407,"column":3}},"type":"if","locations":[{"start":{"line":394,"column":2},"end":{"line":407,"column":3}},{"start":{},"end":{}}],"line":394},"63":{"loc":{"start":{"line":425,"column":37},"end":{"line":425,"column":49}},"type":"default-arg","locations":[{"start":{"line":425,"column":47},"end":{"line":425,"column":49}}],"line":425},"64":{"loc":{"start":{"line":426,"column":23},"end":{"line":426,"column":43}},"type":"binary-expr","locations":[{"start":{"line":426,"column":23},"end":{"line":426,"column":36}},{"start":{"line":426,"column":40},"end":{"line":426,"column":43}}],"line":426},"65":{"loc":{"start":{"line":427,"column":20},"end":{"line":427,"column":69}},"type":"cond-expr","locations":[{"start":{"line":427,"column":58},"end":{"line":427,"column":63}},{"start":{"line":427,"column":66},"end":{"line":427,"column":69}}],"line":427},"66":{"loc":{"start":{"line":427,"column":20},"end":{"line":427,"column":55}},"type":"binary-expr","locations":[{"start":{"line":427,"column":20},"end":{"line":427,"column":42}},{"start":{"line":427,"column":46},"end":{"line":427,"column":55}}],"line":427},"67":{"loc":{"start":{"line":429,"column":2},"end":{"line":443,"column":3}},"type":"switch","locations":[{"start":{"line":430,"column":4},"end":{"line":431,"column":65}},{"start":{"line":432,"column":4},"end":{"line":433,"column":63}},{"start":{"line":434,"column":4},"end":{"line":435,"column":58}},{"start":{"line":436,"column":4},"end":{"line":437,"column":62}},{"start":{"line":438,"column":4},"end":{"line":442,"column":5}}],"line":429}},"s":{"0":7,"1":7,"2":7,"3":34,"4":30,"5":4,"6":4,"7":33,"8":1,"9":32,"10":32,"11":2,"12":30,"13":30,"14":3,"15":0,"16":3,"17":3,"18":3,"19":3,"20":3,"21":5,"22":4,"23":1,"24":3,"25":3,"26":3,"27":1,"28":2,"29":1,"30":1,"31":1,"32":1,"33":1,"34":1,"35":1,"36":9,"37":9,"38":9,"39":0,"40":0,"41":9,"42":0,"43":0,"44":9,"45":9,"46":1,"47":9,"48":4,"49":4,"50":1,"51":9,"52":7,"53":7,"54":0,"55":9,"56":9,"57":0,"58":9,"59":4,"60":4,"61":0,"62":9,"63":4,"64":4,"65":1,"66":1,"67":4,"68":1,"69":1,"70":4,"71":1,"72":1,"73":4,"74":3,"75":3,"76":2,"77":3,"78":3,"79":3,"80":21,"81":3,"82":3,"83":3,"84":3,"85":3,"86":3,"87":4,"88":4,"89":4,"90":4,"91":4,"92":4,"93":4,"94":4,"95":1,"96":1,"97":1,"98":1,"99":1,"100":1,"101":1,"102":1,"103":2,"104":2,"105":2,"106":2,"107":2,"108":1,"109":2,"110":2,"111":2,"112":2,"113":2,"114":2,"115":2,"116":2,"117":2,"118":2,"119":2,"120":2,"121":1,"122":1,"123":1,"124":1,"125":10,"126":10,"127":10,"128":4,"129":1,"130":2,"131":2,"132":1,"133":1,"134":1,"135":1,"136":1,"137":1,"138":1,"139":2,"140":1,"141":1,"142":1,"143":7},"f":{"0":34,"1":4,"2":33,"3":3,"4":3,"5":5,"6":3,"7":9,"8":4,"9":3,"10":2,"11":3,"12":21,"13":4,"14":1,"15":2,"16":2,"17":10,"18":1,"19":2,"20":1,"21":1,"22":1},"b":{"0":[30,4],"1":[4,0],"2":[1,32],"3":[2,30],"4":[0,30],"5":[30,30],"6":[0,30],"7":[0,3],"8":[4,1],"9":[5,1],"10":[3,2],"11":[1,2],"12":[1,1],"13":[1,0],"14":[1,0],"15":[1,0],"16":[0,1],"17":[0,1],"18":[0],"19":[0],"20":[0],"21":[0],"22":[2],"23":[0,9],"24":[0,9],"25":[1,8],"26":[4,5],"27":[9,7],"28":[1,3],"29":[7,2],"30":[0,7],"31":[0,9],"32":[4,5],"33":[0,4],"34":[1,3],"35":[1,3],"36":[1,3],"37":[4,1,1],"38":[3],"39":[0],"40":[3,0],"41":[3,0],"42":[3,0],"43":[3,0],"44":[3,0],"45":[3,0],"46":[3,0],"47":[3,0],"48":[3,3],"49":[3,3],"50":[3,0],"51":[2,2],"52":[0,1],"53":[1,1],"54":[1,0],"55":[0,0],"56":[0,0,0],"57":[1,1],"58":[1,1],"59":[1,1],"60":[2,0],"61":[0,2],"62":[1,1],"63":[0],"64":[10,8],"65":[10,0],"66":[10,10],"67":[4,1,2,2,1]},"_coverageSchema":"1a1c01bbd47fc00a2c39e90264f33305004495a9","hash":"095884a160f29da2e505be44eafb08c66f9aed24"}
,"/home/jdperla/VSCode_Linux/SoftwareDesign/AdvisingHub-fresh1/backend/src/repositories/appointmentRepository.js": {"path":"/home/jdperla/VSCode_Linux/SoftwareDesign/AdvisingHub-fresh1/backend/src/repositories/appointmentRepository.js","statementMap":{"0":{"start":{"line":1,"column":25},"end":{"line":1,"column":48}},"1":{"start":{"line":2,"column":28},"end":{"line":2,"column":61}},"2":{"start":{"line":6,"column":17},"end":{"line":6,"column":32}},"3":{"start":{"line":7,"column":19},"end":{"line":27,"column":6}},"4":{"start":{"line":28,"column":4},"end":{"line":28,"column":28}},"5":{"start":{"line":32,"column":4},"end":{"line":34,"column":5}},"6":{"start":{"line":33,"column":6},"end":{"line":33,"column":16}},"7":{"start":{"line":36,"column":17},"end":{"line":36,"column":32}},"8":{"start":{"line":37,"column":20},"end":{"line":37,"column":34}},"9":{"start":{"line":38,"column":25},"end":{"line":38,"column":67}},"10":{"start":{"line":38,"column":50},"end":{"line":38,"column":66}},"11":{"start":{"line":39,"column":4},"end":{"line":41,"column":7}},"12":{"start":{"line":40,"column":6},"end":{"line":40,"column":70}},"13":{"start":{"line":43,"column":19},"end":{"line":64,"column":6}},"14":{"start":{"line":65,"column":4},"end":{"line":65,"column":28}},"15":{"start":{"line":69,"column":17},"end":{"line":69,"column":32}},"16":{"start":{"line":70,"column":19},"end":{"line":93,"column":8}},"17":{"start":{"line":94,"column":4},"end":{"line":94,"column":39}},"18":{"start":{"line":98,"column":17},"end":{"line":98,"column":32}},"19":{"start":{"line":99,"column":19},"end":{"line":123,"column":8}},"20":{"start":{"line":124,"column":4},"end":{"line":124,"column":28}},"21":{"start":{"line":128,"column":17},"end":{"line":128,"column":32}},"22":{"start":{"line":129,"column":21},"end":{"line":129,"column":74}},"23":{"start":{"line":130,"column":17},"end":{"line":130,"column":97}},"24":{"start":{"line":132,"column":4},"end":{"line":179,"column":9}},"25":{"start":{"line":181,"column":4},"end":{"line":181,"column":31}},"26":{"start":{"line":185,"column":0},"end":{"line":185,"column":45}}},"fnMap":{"0":{"name":"(anonymous_0)","decl":{"start":{"line":5,"column":2},"end":{"line":5,"column":3}},"loc":{"start":{"line":5,"column":18},"end":{"line":29,"column":3}},"line":5},"1":{"name":"(anonymous_1)","decl":{"start":{"line":31,"column":2},"end":{"line":31,"column":3}},"loc":{"start":{"line":31,"column":38},"end":{"line":66,"column":3}},"line":31},"2":{"name":"(anonymous_2)","decl":{"start":{"line":38,"column":38},"end":{"line":38,"column":39}},"loc":{"start":{"line":38,"column":50},"end":{"line":38,"column":66}},"line":38},"3":{"name":"(anonymous_3)","decl":{"start":{"line":39,"column":21},"end":{"line":39,"column":22}},"loc":{"start":{"line":39,"column":38},"end":{"line":41,"column":5}},"line":39},"4":{"name":"(anonymous_4)","decl":{"start":{"line":68,"column":2},"end":{"line":68,"column":3}},"loc":{"start":{"line":68,"column":21},"end":{"line":95,"column":3}},"line":68},"5":{"name":"(anonymous_5)","decl":{"start":{"line":97,"column":2},"end":{"line":97,"column":3}},"loc":{"start":{"line":97,"column":35},"end":{"line":125,"column":3}},"line":97},"6":{"name":"(anonymous_6)","decl":{"start":{"line":127,"column":2},"end":{"line":127,"column":3}},"loc":{"start":{"line":127,"column":28},"end":{"line":182,"column":3}},"line":127}},"branchMap":{"0":{"loc":{"start":{"line":31,"column":23},"end":{"line":31,"column":36}},"type":"default-arg","locations":[{"start":{"line":31,"column":34},"end":{"line":31,"column":36}}],"line":31},"1":{"loc":{"start":{"line":32,"column":4},"end":{"line":34,"column":5}},"type":"if","locations":[{"start":{"line":32,"column":4},"end":{"line":34,"column":5}},{"start":{},"end":{}}],"line":32},"2":{"loc":{"start":{"line":32,"column":8},"end":{"line":32,"column":57}},"type":"binary-expr","locations":[{"start":{"line":32,"column":8},"end":{"line":32,"column":32}},{"start":{"line":32,"column":36},"end":{"line":32,"column":57}}],"line":32},"3":{"loc":{"start":{"line":94,"column":11},"end":{"line":94,"column":38}},"type":"binary-expr","locations":[{"start":{"line":94,"column":11},"end":{"line":94,"column":30}},{"start":{"line":94,"column":34},"end":{"line":94,"column":38}}],"line":94},"4":{"loc":{"start":{"line":129,"column":21},"end":{"line":129,"column":74}},"type":"binary-expr","locations":[{"start":{"line":129,"column":21},"end":{"line":129,"column":35}},{"start":{"line":129,"column":39},"end":{"line":129,"column":66}},{"start":{"line":129,"column":70},"end":{"line":129,"column":74}}],"line":129},"5":{"loc":{"start":{"line":130,"column":17},"end":{"line":130,"column":97}},"type":"cond-expr","locations":[{"start":{"line":130,"column":61},"end":{"line":130,"column":77}},{"start":{"line":130,"column":80},"end":{"line":130,"column":97}}],"line":130},"6":{"loc":{"start":{"line":130,"column":17},"end":{"line":130,"column":58}},"type":"binary-expr","locations":[{"start":{"line":130,"column":17},"end":{"line":130,"column":25}},{"start":{"line":130,"column":29},"end":{"line":130,"column":58}}],"line":130},"7":{"loc":{"start":{"line":135,"column":43},"end":{"line":135,"column":97}},"type":"cond-expr","locations":[{"start":{"line":135,"column":64},"end":{"line":135,"column":90}},{"start":{"line":135,"column":93},"end":{"line":135,"column":97}}],"line":135},"8":{"loc":{"start":{"line":144,"column":40},"end":{"line":144,"column":73}},"type":"binary-expr","locations":[{"start":{"line":144,"column":40},"end":{"line":144,"column":58}},{"start":{"line":144,"column":62},"end":{"line":144,"column":73}}],"line":144},"9":{"loc":{"start":{"line":145,"column":40},"end":{"line":145,"column":73}},"type":"binary-expr","locations":[{"start":{"line":145,"column":40},"end":{"line":145,"column":65}},{"start":{"line":145,"column":69},"end":{"line":145,"column":73}}],"line":145},"10":{"loc":{"start":{"line":146,"column":40},"end":{"line":146,"column":65}},"type":"binary-expr","locations":[{"start":{"line":146,"column":40},"end":{"line":146,"column":57}},{"start":{"line":146,"column":61},"end":{"line":146,"column":65}}],"line":146}},"s":{"0":7,"1":7,"2":1,"3":1,"4":1,"5":0,"6":0,"7":0,"8":0,"9":0,"10":0,"11":0,"12":0,"13":0,"14":0,"15":1,"16":1,"17":1,"18":1,"19":1,"20":1,"21":1,"22":1,"23":1,"24":1,"25":1,"26":7},"f":{"0":1,"1":0,"2":0,"3":0,"4":1,"5":1,"6":1},"b":{"0":[0],"1":[0,0],"2":[0,0],"3":[1,0],"4":[1,1,1],"5":[0,1],"6":[1,0],"7":[0,1],"8":[1,0],"9":[1,1],"10":[1,1]},"_coverageSchema":"1a1c01bbd47fc00a2c39e90264f33305004495a9","hash":"12fd9ef6026e9f0953a22e1a35b81cf50706efe9"}
,"/home/jdperla/VSCode_Linux/SoftwareDesign/AdvisingHub-fresh1/backend/src/repositories/notificationRepository.js": {"path":"/home/jdperla/VSCode_Linux/SoftwareDesign/AdvisingHub-fresh1/backend/src/repositories/notificationRepository.js","statementMap":{"0":{"start":{"line":1,"column":25},"end":{"line":1,"column":48}},"1":{"start":{"line":2,"column":22},"end":{"line":2,"column":55}},"2":{"start":{"line":5,"column":2},"end":{"line":20,"column":3}},"3":{"start":{"line":7,"column":6},"end":{"line":7,"column":22}},"4":{"start":{"line":9,"column":6},"end":{"line":9,"column":20}},"5":{"start":{"line":11,"column":6},"end":{"line":11,"column":20}},"6":{"start":{"line":13,"column":6},"end":{"line":13,"column":23}},"7":{"start":{"line":15,"column":6},"end":{"line":15,"column":22}},"8":{"start":{"line":17,"column":6},"end":{"line":17,"column":23}},"9":{"start":{"line":19,"column":6},"end":{"line":19,"column":20}},"10":{"start":{"line":24,"column":15},"end":{"line":24,"column":30}},"11":{"start":{"line":25,"column":15},"end":{"line":25,"column":26}},"12":{"start":{"line":26,"column":17},"end":{"line":26,"column":51}},"13":{"start":{"line":28,"column":2},"end":{"line":68,"column":7}},"14":{"start":{"line":70,"column":2},"end":{"line":75,"column":4}},"15":{"start":{"line":79,"column":15},"end":{"line":79,"column":30}},"16":{"start":{"line":80,"column":17},"end":{"line":97,"column":4}},"17":{"start":{"line":98,"column":2},"end":{"line":98,"column":26}},"18":{"start":{"line":102,"column":15},"end":{"line":102,"column":30}},"19":{"start":{"line":103,"column":17},"end":{"line":125,"column":6}},"20":{"start":{"line":126,"column":2},"end":{"line":126,"column":26}},"21":{"start":{"line":130,"column":15},"end":{"line":130,"column":30}},"22":{"start":{"line":131,"column":2},"end":{"line":145,"column":7}},"23":{"start":{"line":149,"column":15},"end":{"line":149,"column":30}},"24":{"start":{"line":150,"column":2},"end":{"line":166,"column":7}},"25":{"start":{"line":170,"column":15},"end":{"line":170,"column":30}},"26":{"start":{"line":171,"column":2},"end":{"line":184,"column":7}},"27":{"start":{"line":188,"column":15},"end":{"line":188,"column":30}},"28":{"start":{"line":189,"column":2},"end":{"line":232,"column":7}},"29":{"start":{"line":235,"column":0},"end":{"line":243,"column":2}}},"fnMap":{"0":{"name":"mapTypeToStatus","decl":{"start":{"line":4,"column":9},"end":{"line":4,"column":24}},"loc":{"start":{"line":4,"column":31},"end":{"line":21,"column":1}},"line":4},"1":{"name":"create","decl":{"start":{"line":23,"column":15},"end":{"line":23,"column":21
[...]
,"/home/jdperla/VSCode_Linux/SoftwareDesign/AdvisingHub-fresh1/backend/src/utils/codeGenerator.js": {"path":"/home/jdperla/VSCode_Linux/SoftwareDesign/AdvisingHub-fresh1/backend/src/utils/codeGenerator.js","statementMap":{"0":{"start":{"line":2,"column":13},"end":{"line":2,"column":36}},"1":{"start":{"line":3,"column":15},"end":{"line":3,"column":53}},"2":{"start":{"line":4,"column":2},"end":{"line":4,"column":46}},"3":{"start":{"line":8,"column":2},"end":{"line":8,"column":25}},"4":{"start":{"line":12,"column":2},"end":{"line":12,"column":25}},"5":{"start":{"line":16,"column":2},"end":{"line":16,"column":23}},"6":{"start":{"line":20,"column":2},"end":{"line":20,"column":24}},"7":{"start":{"line":24,"column":2},"end":{"line":24,"column":25}},"8":{"start":{"line":28,"column":2},"end":{"line":28,"column":25}},"9":{"start":{"line":31,"column":0},"end":{"line":38,"column":2}}},"fnMap":{"0":{"name":"nextCode","decl":{"start":{"line":1,"column":9},"end":{"line":1,"column":17}},"loc":{"start":{"line":1,"column":26},"end":{"line":5,"column":1}},"line":1},"1":{"name":"userCode","decl":{"start":{"line":7,"column":9},"end":{"line":7,"column":17}},"loc":{"start":{"line":7,"column":20},"end":{"line":9,"column":1}},"line":7},"2":{"name":"serviceCode","decl":{"start":{"line":11,"column":9},"end":{"line":11,"column":20}},"loc":{"start":{"line":11,"column":23},"end":{"line":13,"column":1}},"line":11},"3":{"name":"queueCode","decl":{"start":{"line":15,"column":9},"end":{"line":15,"column":18}},"loc":{"start":{"line":15,"column":21},"end":{"line":17,"column":1}},"line":15},"4":{"name":"queueEntryCode","decl":{"start":{"line":19,"column":9},"end":{"line":19,"column":23}},"loc":{"start":{"line":19,"column":26},"end":{"line":21,"column":1}},"line":19},"5":{"name":"appointmentCode","decl":{"start":{"line":23,"column":9},"end":{"line":23,"column":24}},"loc":{"start":{"line":23,"column":27},"end":{"line":25,"column":1}},"line":23},"6":{"name":"eventCode","decl":{"start":{"line":27,"column":9},"end":{"line":27,"column":18}},"loc":{"start":{"line":27,"column":21},"end":{"line":29,"column":1}},"line":27}},"branchMap":{},"s":{"0":9,"1":9,"2":9,"3":2,"4":1,"5":1,"6":1,"7":2,"8":2,"9":13},"f":{"0":9,"1":2,"2":1,"3":1,"4":1,"5":2,"6":2},"b":{},"_coverageSchema":"1a1c01bbd47fc00a2c39e90264f33305004495a9","hash":"2de8a81c06b5a54fec4e9cb56f9240d343533d42"}
,"/home/jdperla/VSCode_Linux/SoftwareDesign/AdvisingHub-fresh1/backend/src/utils/httpError.js": {"path":"/home/jdperla/VSCode_Linux/SoftwareDesign/AdvisingHub-fresh1/backend/src/utils/httpError.js","statementMap":{"0":{"start":{"line":2,"column":18},"end":{"line":2,"column":36}},"1":{"start":{"line":3,"column":4},"end":{"line":3,"column":34}},"2":{"start":{"line":4,"column":4},"end":{"line":4,"column":17}},"3":{"start":{"line":8,"column":0},"end":{"line":10,"column":2}}},"fnMap":{"0":{"name":"httpError","decl":{"start":{"line":1,"column":9},"end":{"line":1,"column":18}},"loc":{"start":{"line":1,"column":39},"end":{"line":6,"column":1}},"line":1}},"branchMap":{},"s":{"0":10,"1":10,"2":10,"3":9},"f":{"0":10},"b":{},"_coverageSchema":"1a1c01bbd47fc00a2c39e90264f33305004495a9","hash":"4229c5b477a0b35ac984dadae128e26f9caee146"}
,"/home/jdperla/VSCode_Linux/SoftwareDesign/AdvisingHub-fresh1/backend/src/utils/idGenerator.js": {"path":"/home/jdperla/VSCode_Linux/SoftwareDesign/AdvisingHub-fresh1/backend/src/utils/idGenerator.js","statementMap":{"0":{"start":{"line":2,"column":4},"end":{"line":2,"column":66}},"1":{"start":{"line":5,"column":0},"end":{"line":7,"column":2}}},"fnMap":{"0":{"name":"generateQueueId","decl":{"start":{"line":1,"column":9},"end":{"line":1,"column":24}},"loc":{"start":{"line":1,"column":26},"end":{"line":3,"column":1}},"line":1}},"branchMap":{},"s":{"0":1,"1":6},"f":{"0":1},"b":{},"_coverageSchema":"1a1c01bbd47fc00a2c39e90264f33305004495a9","hash":"aba76958e4f9769036eea4d290a84d41e62bb12f"}
,"/home/jdperla/VSCode_Linux/SoftwareDesign/AdvisingHub-fresh1/backend/src/validators/appointmentValidators.js": {"path":"/home/jdperla/VSCode_Linux/SoftwareDesign/AdvisingHub-fresh1/backend/src/validators/appointmentValidators.js","statementMap":{"0":{"start":{"line":2,"column":17},"end":{"line":2,"column":19}},"1":{"start":{"line":4,"column":2},"end":{"line":8,"column":3}},"2":{"start":{"line":5,"column":4},"end":{"line":5,"column":44}},"3":{"start":{"line":6,"column":9},"end":{"line":8,"column":3}},"4":{"start":{"line":7,"column":4},"end":{"line":7,"column":63}},"5":{"start":{"line":10,"column":2},"end":{"line":12,"column":3}},"6":{"start":{"line":11,"column":4},"end":{"line":11,"column":42}},"7":{"start":{"line":14,"column":2},"end":{"line":16,"column":3}},"8":{"start":{"line":15,"column":4},"end":{"line":15,"column":42}},"9":{"start":{"line":18,"column":2},"end":{"line":20,"column":3}},"10":{"start":{"line":19,"column":4},"end":{"line":19,"column":48}},"11":{"start":{"line":22,"column":2},"end":{"line":24,"column":3}},"12":{"start":{"line":23,"column":4},"end":{"line":23,"column":48}},"13":{"start":{"line":26,"column":2},"end":{"line":28,"column":3}},"14":{"start":{"line":27,"column":4},"end":{"line":27,"column":43}},"15":{"start":{"line":30,"column":2},"end":{"line":30,"column":16}},"16":{"start":{"line":33,"column":0},"end":{"line":35,"column":2}}},"fnMap":{"0":{"name":"validateCreateAppointmentPayload","decl":{"start":{"line":1,"column":9},"end":{"line":1,"column":41}},"loc":{"start":{"line":1,"column":48},"end":{"line":31,"column":1}},"line":1}},"branchMap":{"0":{"loc":{"start":{"line":4,"column":2},"end":{"line":8,"column":3}},"type":"if","locations":[{"start":{"line":4,"column":2},"end":{"line":8,"column":3}},{"start":{"line":6,"column":9},"end":{"line":8,"column":3}}],"line":4},"1":{"loc":{"start":{"line":4,"column":6},"end":{"line":4,"column":103}},"type":"binary-expr","locations":[{"start":{"line":4,"column":6},"end":{"line":4,"column":23}},{"start":{"line":4,"column":27},"end":{"line":4,"column":63}},{"start":{"line":4,"column":67},"end":{"line":4,"column":103}}],"line":4},"2":{"loc":{"start":{"line":6,"column":9},"end":{"line":8,"column":3}},"type":"if","locations":[{"start":{"line":6,"column":9},"end":{"line":8,"column":3}},{"start":{},"end":{}}],"line":6},"3":{"loc":{"start":{"line":10,"column":2},"end":{"line":12,"column":3}},"type":"if","locations":[{"start":{"line":10,"column":2},"end":{"line":12,"column":3}},{"start":{},"end":{}}],"line":10},"4":{"loc":{"start":{"line":10,"column":6},"end":{"line":10,"column":59}},"type":"binary-expr","locations":[{"start":{"line":10,"column":6},"end":{"line":10,"column":21}},{"start":{"line":10,"column":25},"end":{"line":10,"column":59}}],"line":10},"5":{"loc":{"start":{"line":14,"column":2},"end":{"line":16,"column":3}},"type":"if","locations":[{"start":{"line":14,"column":2},"end":{"line":16,"column":3}},{"start":{},"end":{}}],"line":14},"6":{"loc":{"start":{"line":14,"column":6},"end":{"line":14,"column":59}},"type":"binary-expr","locations":[{"start":{"line":14,"column":6},"end":{"line":14,"column":21}},{"start":{"line":14,"column":25},"end":{"line":14,"column":59}}],"line":14},"7":{"loc":{"start":{"line":18,"column":2},"end":{"line":20,"column":3}},"type":"if","locations":[{"start":{"line":18,"column":2},"end":{"line":20,"column":3}},{"start":{},"end":{}}],"line":18},"8":{"loc":{"start":{"line":18,"column":6},"end":{"line":18,"column":71}},"type":"binary-expr","locations":[{"start":{"line":18,"column":6},"end":{"line":18,"column":27}},{"start":{"line":18,"column":31},"end":{"line":18,"column":71}}],"line":18},"9":{"loc":{"start":{"line":22,"column":2},"end":{"line":24,"column":3}},"type":"if","locations":[{"start":{"line":22,"column":2},"end":{"line":24,"column":3}},{"start":{},"end":{}}],"line":22},"10":{"loc":{"start":{"line":22,"column":6},"end":{"line":22,"column":71}},"type":"binary-expr","locations":[{"start":{"line":22,"column":6},"end":{"line":22,"column":27}},{"start":{"line":22,"column":31},"end":{"line":22,"column":71}}],"line":22},"11":{"loc":{"start":{"line":26,"column":2},"end":{"line":28,"column":3}},"type":"if","locations":[{"start":{"line":26,"column":2},"end":{"line":28,"column":3}},{"start":{},"end":{}}],"line":26},"12":{"loc":{"start":{"line":26,"column":6},"end":{"line":26,"column":64}},"type":"binary-expr","locations":[{"start":{"line":26,"column":6},"end":{"line":26,"column":30}},{"start":{"line":26,"column":34},"end":{"line":26,"column":64}}],"line":26}},"s":{"0":11,"1":11,"2":2,"3":9,"4":1,"5":11,"6":2,"7":11,"8":2,"9":11,"10":2,"11":11,"12":2,"13":11,"14":1,"15":11,"16":8},"f":{"0":11},"b":{"0":[2,9],"1":[11,9,9],"2":[1,8],"3":[2,9],"4":[11,9],"5":[2,9],"6":[11,9],"7":[2,9],"8":[11,9],"9":[2,9],"10":[11,9],"11":[1,10],"12":[11,3]},"_coverageSchema":"1a1c01bbd47fc00a2c39e90264f33305004495a9","hash":"b8eb1743cc0562cec112296bc102698c42a865a0"}
,"/home/jdperla/VSCode_Linux/SoftwareDesign/AdvisingHub-fresh1/backend/src/validators/queueValidators.js": {"path":"/home/jdperla/VSCode_Linux/SoftwareDesign/AdvisingHub-fresh1/backend/src/validators/queueValidators.js","statementMap":{"0":{"start":{"line":1,"column":27},"end":{"line":1,"column":62}},"1":{"start":{"line":4,"column":17},"end":{"line":4,"column":19}},"2":{"start":{"line":7,"column":2},"end":{"line":9,"column":3}},"3":{"start":{"line":8,"column":4},"end":{"line":8,"column":60}},"4":{"start":{"line":12,"column":2},"end":{"line":18,"column":3}},"5":{"start":{"line":13,"column":4},"end":{"line":13,"column":58}},"6":{"start":{"line":14,"column":9},"end":{"line":18,"column":3}},"7":{"start":{"line":15,"column":4},"end":{"line":15,"column":41}},"8":{"start":{"line":16,"column":9},"end":{"line":18,"column":3}},"9":{"start":{"line":17,"column":4},"end":{"line":17,"column":56}},"10":{"start":{"line":21,"column":2},"end":{"line":23,"column":3}},"11":{"start":{"line":22,"column":4},"end":{"line":22,"column":47}},"12":{"start":{"line":26,"column":2},"end":{"line":28,"column":3}},"13":{"start":{"line":27,"column":4},"end":{"line":27,"column":63}},"14":{"start":{"line":31,"column":2},"end":{"line":39,"column":3}},"15":{"start":{"line":32,"column":4},"end":{"line":38,"column":5}},"16":{"start":{"line":33,"column":6},"end":{"line":33,"column":51}},"17":{"start":{"line":34,"column":11},"end":{"line":38,"column":5}},"18":{"start":{"line":35,"column":6},"end":{"line":35,"column":50}},"19":{"start":{"line":36,"column":11},"end":{"line":38,"column":5}},"20":{"start":{"line":37,"column":6},"end":{"line":37,"column":65}},"21":{"start":{"line":42,"column":2},"end":{"line":49,"column":3}},"22":{"start":{"line":43,"column":4},"end":{"line":48,"column":5}},"23":{"start":{"line":47,"column":6},"end":{"line":47,"column":73}},"24":{"start":{"line":51,"column":2},"end":{"line":57,"column":3}},"25":{"start":{"line":52,"column":4},"end":{"line":56,"column":5}},"26":{"start":{"line":53,"column":6},"end":{"line":53,"column":45}},"27":{"start":{"line":54,"column":11},"end":{"line":56,"column":5}},"28":{"start":{"line":55,"column":6},"end":{"line":55,"column":59}},"29":{"start":{"line":59,"column":2},"end":{"line":59,"column":16}},"30":{"start":{"line":62,"column":0},"end":{"line":65,"column":2}}},"fnMap":{"0":{"name":"validateJoinQueuePayload","decl":{"start":{"line":3,"column":9},"end":{"line":3,"column":33}},"loc":{"start":{"line":3,"column":40},"end":{"line":60,"column":1}},"line":3}},"branchMap":{"0":{"loc":{"start":{"line":7,"column":2},"end":{"line":9,"column":3}},"type":"if","locations":[{"start":{"line":7,"column":2},"end":{"line":9,"column":3}},{"start":{},"end":{}}],"line":7},"1":{"loc":{"start":{"line":7,"column":6},"end":{"line":7,"column":53}},"type":"binary-expr","locations":[{"start":{"line":7,"column":6},"end":{"line":7,"column":18}},{"start":{"line":7,"column":22},"end":{"line":7,"column":53}}],"line":7},"2":{"loc":{"start":{"line":12,"column":2},"end":{"line":18,"column":3}},"type":"if","locations":[{"start":{"line":12,"column":2},"end":{"line":18,"column":3}},{"start":{"line":14,"column":9},"end":{"line":18,"column":3}}],"line":12},"3":{"loc":{"start":{"line":12,"column":6},"end":{"line":12,"column":49}},"type":"binary-expr","locations":[{"start":{"line":12,"column":6},"end":{"line":12,"column":16}},{"start":{"line":12,"column":20},"end":{"line":12,"column":49}}],"line":12},"4":{"loc":{"start":{"line":14,"column":9},"end":{"line":18,"column":3}},"type":"if","locations":[{"start":{"line":14,"column":9},"end":{"line":18,"column":3}},{"start":{"line":16,"column":9},"end":{"line":18,"column":3}}],"line":14},"5":{"loc":{"start":{"line":16,"column":9},"end":{"line":18,"column":3}},"type":"if","locations":[{"start":{"line":16,"column":9},"end":{"line":18,"column":3}},{"start":{},"end":{}}],"line":16},"6":{"loc":{"start":{"line":21,"column":2},"end":{"line":23,"column":3}},"type":"if","locations":[{"start":{"line":21,"column":2},"end":{"line":23,"column":3}},{"start":{},"end":{}}],"line":21},"7":{"loc":{"start":{"line":21,"column":6},"end":{"line":21,"column":72}},"type":"binary-expr","locations":[{"start":{"line":21,"column":6},"end":{"line":21,"column":34}},{"start":{"line":21,"column":38},"end":{"line":21,"column":72}}],"line":21},"8":{"loc":{"start":{"line":26,"column":2},"end":{"line":28,"column":3}},"type":"if","locations":[{"start":{"line":26,"column":2},"end":{"line":28,"column":3}},{"start":{},"end":{}}],"line":26},"9":{"loc":{"start":{"line":26,"column":6},"end":{"line":26,"column":59}},"type":"binary-expr","locations":[{"start":{"line":26,"column":6},"end":{"line":26,"column":21}},{"start":{"line":26,"column":25},"end":{"line":26,"column":59}}],"line":26},"10":{"loc":{"start":{"line":31,"column":2},"end":{"line":39,"column":3}},"type":"if","locations":[{"start":{"line":31,"column":2},"end":{"line":39,"column":3}},{"start":{},"end":{}}],"line":31},"11":{"loc":{"start":{"line":32,"column":4},"end":{"line":38,"column":5}},"type":"if","locations":[{"start":{"line":32,"column":4},"end":{"line":38,"column":5}},{"start":{"line":34,"column":11},"end":{"line":38,"column":5}}],"line":32},"12":{"loc":{"start":{"line":34,"column":11},"end":{"line":38,"column":5}},"type":"if","locations":[{"start":{"line":34,"column":11},"end":{"line":38,"column":5}},{"start":{"line":36,"column":11},"end":{"line":38,"column":5}}],"line":34},"13":{"loc":{"start":{"line":36,"column":11},"end":{"line":38,"column":5}},"type":"if","locations":[{"start":{"line":36,"column":11},"end":{"line":38,"column":5}},{"start":{},"end":{}}],"line":36},"14":{"loc":{"start":{"line":42,"column":2},"end":{"line":49,"column":3}},"type":"if","locations":[{"start":{"line":42,"column":2},"end":{"line":49,"column":3}},{"start":{},"end":{}}],"line":42},"15":{"loc":{"start":{"line":43,"column":4},"end":{"line":48,"column":5}},"type":"if","locations":[{"start":{"line":43,"column":4},"end":{"line":48,"column":5}},{"start":{},"end":{}}],"line":43},"16":{"loc":{"start":{"line":44,"column":6},"end":{"line":45,"column":49}},"type":"binary-expr","locations":[{"start":{"line":44,"column":6},"end":{"line":44,"column":39}},{"start":{"line":45,"column":6},"end":{"line":45,"column":49}}],"line":44},"17":{"loc":{"start":{"line":51,"column":2},"end":{"line":57,"column":3}},"type":"if","locations":[{"start":{"line":51,"column":2},"end":{"line":57,"column":3}},{"start":{},"end":{}}],"line":51},"18":{"loc":{"start":{"line":52,"column":4},"end":{"line":56,"column":5}},"type":"if","locations":[{"start":{"line":52,"column":4},"end":{"line":56,"column":5}},{"start":{"line":54,"column":11},"end":{"line":56,"column":5}}],"line":52},"19":{"loc":{"start":{"line":54,"column":11},"end":{"line":56,"column":5}},"type":"if","locations":[{"start":{"line":54,"column":11},"end":{"line":56,"column":5}},{"start":{},"end":{}}],"line":54}},"s":{"0":7,"1":10,"2":10,"3":1,"4":10,"5":1,"6":9,"7":0,"8":9,"9":1,"10":10,"11":0,"12":10,"13":1,"14":10,"15":9,"16":0,"17":9,"18":0,"19":9,"20":0,"21":10,"22":4,"23":1,"24":10,"25":0,"26":0,"27":0,"28":0,"29":10,"30":7},"f":{"0":10},"b":{"0":[1,9],"1":[10,9],"2":[1,9],"3":[10,9],"4":[0,9],"5":[1,8],"6":[0,10],"7":[10,9],"8":[1,9],"9":[10,9],"10":[9,1],"11":[0,9],"12":[0,9],"13":[0,9],"14":[4,6],"15":[1,3],"16":[4,4],"17":[0,10],"18":[0,0],"19":[0,0]},"_coverageSchema":"1a1c01bbd47fc00a2c39e90264f33305004495a9","hash":"5aa4189eae47a51f3f5ff005197e4a401d0e5b1a"}
,"/home/jdperla/VSCode_Linux/SoftwareDesign/AdvisingHub-fresh1/backend/tests/_helpers/mockMssql.js": {"path":"/home/jdperla/VSCode_Linux/SoftwareDesign/AdvisingHub-fresh1/backend/tests/_helpers/mockMssql.js","statementMap":{"0":{"start":{"line":2,"column":14},"end":{"line":5,"column":3}},"1":{"start":{"line":3,"column":25},"end":{"line":3,"column":28}},"2":{"start":{"line":4,"column":32},"end":{"line":4,"column":68}},"3":{"start":{"line":6,"column":2},"end":{"line":6,"column":13}},"4":{"start":{"line":10,"column":2},"end":{"line":12,"column":4}},"5":{"start":{"line":11,"column":27},"end":{"line":11,"column":45}},"6":{"start":{"line":15,"column":0},"end":{"line":18,"column":2}}},"fnMap":{"0":{"name":"buildMockRequest","decl":{"start":{"line":1,"column":9},"end":{"line":1,"column":25}},"loc":{"start":{"line":1,"column":28},"end":{"line":7,"column":1}},"line":1},"1":{"name":"(anonymous_1)","decl":{"start":{"line":3,"column":19},"end":{"line":3,"column":20}},"loc":{"start":{"line":3,"column":25},"end":{"line":3,"column":28}},"line":3},"2":{"name":"(anonymous_2)","decl":{"start":{"line":4,"column":19},"end":{"line":4,"column":20}},"loc":{"start":{"line":4,"column":32},"end":{"line":4,"column":68}},"line":4},"3":{"name":"buildMockPool","decl":{"start":{"line":9,"column":9},"end":{"line":9,"column":22}},"loc":{"start":{"line":9,"column":25},"end":{"line":13,"column":1}},"line":9},"4":{"name":"(anonymous_4)","decl":{"start":{"line":11,"column":21},"end":{"line":11,"column":22}},"loc":{"start":{"line":11,"column":27},"end":{"line":11,"column":45}},"line":11}},"branchMap":{},"s":{"0":21,"1":54,"2":0,"3":21,"4":22,"5":21,"6":6},"f":{"0":21,"1":54,"2":0,"3":22,"4":21},"b":{},"_coverageSchema":"1a1c01bbd47fc00a2c39e90264f33305004495a9","hash":"7e44d41718b20d1d3250ac927be2d847447aff0e"}
}
