TN:
SF:src/app.js
FN:14,(anonymous_0)
FN:29,(anonymous_1)
FN:37,(anonymous_2)
FNF:3
FNH:1
FNDA:0,(anonymous_0)
FNDA:0,(anonymous_1)
FNDA:4,(anonymous_2)
DA:1,4
DA:2,4
DA:4,4
DA:5,4
DA:6,4
DA:7,4
DA:8,4
DA:9,4
DA:11,4
DA:12,4
DA:14,4
DA:15,0
DA:21,4
DA:22,4
DA:23,4
DA:24,4
DA:25,4
DA:29,4
DA:30,0
DA:37,4
DA:38,4
DA:40,4
DA:41,4
DA:47,4
LF:24
LH:22
BRDA:40,0,0,4
BRDA:40,0,1,0
BRDA:43,1,0,4
BRDA:43,1,1,0
BRF:4
BRH:2
end_of_record
TN:
SF:src/controllers/adminQueueController.js
FN:3,getCurrentQueue
FN:16,serveNextUser
FN:29,markNoShow
FN:43,completeServing
FNF:4
FNH:4
FNDA:1,getCurrentQueue
FNDA:2,serveNextUser
FNDA:1,markNoShow
FNDA:1,completeServing
DA:1,4
DA:4,1
DA:5,1
DA:7,1
DA:12,0
DA:17,2
DA:18,2
DA:20,1
DA:26,1
DA:30,1
DA:31,1
DA:33,1
DA:39,0
DA:44,1
DA:45,1
DA:47,1
DA:53,0
DA:57,4
LF:18
LH:15
BRF:0
BRH:0
end_of_record
TN:
SF:src/controllers/appointmentController.js
FN:3,createAppointment
FN:17,getAppointmentsForStudent
FN:30,getAdminAppointments
FNF:3
FNH:3
FNDA:2,createAppointment
FNDA:1,getAppointmentsForStudent
FNDA:1,getAdminAppointments
DA:1,4
DA:4,2
DA:5,2
DA:7,1
DA:13,1
DA:18,1
DA:19,1
DA:21,1
DA:26,0
DA:31,1
DA:32,1
DA:34,1
DA:39,0
DA:43,4
LF:14
LH:12
BRF:0
BRH:0
end_of_record
TN:
SF:src/controllers/queueController.js
FN:3,joinQueue
FN:17,leaveQueue
FNF:2
FNH:2
FNDA:2,joinQueue
FNDA:2,leaveQueue
DA:1,4
DA:4,2
DA:5,2
DA:7,1
DA:13,1
DA:18,2
DA:19,2
DA:21,1
DA:27,1
DA:31,4
LF:10
LH:10
BRF:0
BRH:0
end_of_record
TN:
SF:src/controllers/serviceCatalogController.js
FN:3,getServices
FNF:1
FNH:1
FNDA:1,getServices
DA:1,4
DA:4,1
DA:5,1
DA:7,1
DA:12,0
DA:16,4
LF:6
LH:5
BRF:0
BRH:0
end_of_record
TN:
SF:src/data/appointmentsStore.js
FNF:0
FNH:0
DA:1,5
DA:29,5
LF:2
LH:2
BRF:0
BRH:0
end_of_record
TN:
SF:src/data/queueStore.js
FNF:0
FNH:0
DA:1,5
DA:37,5
LF:2
LH:2
BRF:0
BRH:0
end_of_record
TN:
SF:src/data/servicesStores.js
FNF:0
FNH:0
DA:1,5
DA:32,5
LF:2
LH:2
BRF:0
BRH:0
end_of_record
TN:
SF:src/repositories/appointmentRepository.js
FN:4,(anonymous_0)
FN:8,(anonymous_1)
FN:9,(anonymous_2)
FN:12,(anonymous_3)
FN:13,(anonymous_4)
FN:16,(anonymous_5)
FNF:6
FNH:4
FNDA:2,(anonymous_0)
FNDA:0,(anonymous_1)
FNDA:0,(anonymous_2)
FNDA:2,(anonymous_3)
FNDA:2,(anonymous_4)
FNDA:2,(anonymous_5)
DA:1,5
DA:5,2
DA:9,0
DA:13,2
DA:17,2
DA:18,2
DA:22,5
LF:7
LH:6
BRDA:9,0,0,0
BRDA:9,0,1,0
BRF:2
BRH:0
end_of_record
TN:
SF:src/repositories/queueRepository.js
FN:4,(anonymous_0)
FN:8,(anonymous_1)
FN:9,(anonymous_2)
FN:12,(anonymous_3)
FN:13,(anonymous_4)
FN:16,(anonymous_5)
FN:21,(anonymous_6)
FN:22,(anonymous_7)
FN:29,(anonymous_8)
FN:30,(anonymous_9)
FNF:10
FNH:8
FNDA:9,(anonymous_0)
FNDA:11,(anonymous_1)
FNDA:10,(anonymous_2)
FNDA:3,(anonymous_3)
FNDA:4,(anonymous_4)
FNDA:2,(anonymous_5)
FNDA:9,(anonymous_6)
FNDA:12,(anonymous_7)
FNDA:0,(anonymous_8)
FNDA:0,(anonymous_9)
DA:1,5
DA:5,9
DA:9,11
DA:13,4
DA:17,2
DA:18,2
DA:22,12
DA:23,9
DA:25,9
DA:26,9
DA:30,0
DA:31,0
DA:33,0
DA:34,0
DA:38,5
LF:15
LH:11
BRDA:9,0,0,11
BRDA:9,0,1,1
BRDA:13,1,0,3
BRDA:13,1,1,2
BRDA:23,2,0,0
BRDA:23,2,1,9
BRDA:31,3,0,0
BRDA:31,3,1,0
BRF:8
BRH:5
end_of_record
TN:
SF:src/repositories/serviceRepository.js
FN:4,(anonymous_0)
FN:8,(anonymous_1)
FN:9,(anonymous_2)
FNF:3
FNH:3
FNDA:1,(anonymous_0)
FNDA:3,(anonymous_1)
FNDA:5,(anonymous_2)
DA:1,5
DA:5,1
DA:9,5
DA:13,5
LF:4
LH:4
BRDA:9,0,0,3
BRDA:9,0,1,1
BRF:2
BRH:2
end_of_record
TN:
SF:src/routes/adminAppointmentRoutes.js
FNF:0
FNH:0
DA:1,4
DA:2,4
DA:4,4
DA:6,4
DA:8,4
LF:5
LH:5
BRF:0
BRH:0
end_of_record
TN:
SF:src/routes/adminQueueRoutes.js
FNF:0
FNH:0
DA:1,4
DA:7,4
DA:9,4
DA:11,4
DA:12,4
DA:13,4
DA:14,4
DA:16,4
LF:8
LH:8
BRF:0
BRH:0
end_of_record
TN:
SF:src/routes/appointmentRoutes.js
FNF:0
FNH:0
DA:1,4
DA:6,4
DA:8,4
DA:10,4
DA:11,4
DA:12,4
DA:14,4
LF:7
LH:7
BRF:0
BRH:0
end_of_record
TN:
SF:src/routes/queueRoutes.js
FNF:0
FNH:0
DA:1,4
DA:5,4
DA:7,4
DA:9,4
DA:10,4
DA:12,4
LF:6
LH:6
BRF:0
BRH:0
end_of_record
TN:
SF:src/routes/serviceCatalogRoutes.js
FNF:0
FNH:0
DA:1,4
DA:2,4
DA:4,4
DA:6,4
DA:8,4
LF:5
LH:5
BRF:0
BRH:0
end_of_record
TN:
SF:src/services/appointmentService.js
FN:7,(anonymous_0)
FN:15,(anonymous_1)
FN:19,(anonymous_2)
FNF:3
FNH:3
FNDA:3,(anonymous_0)
FNDA:2,(anonymous_1)
FNDA:5,(anonymous_2)
DA:1,5
DA:2,5
DA:3,5
DA:4,5
DA:8,3
DA:9,1
DA:12,2
DA:16,2
DA:20,5
DA:21,5
DA:22,2
DA:25,3
DA:26,3
DA:27,1
DA:30,2
DA:44,2
DA:48,5
LF:17
LH:17
BRDA:8,0,0,1
BRDA:8,0,1,2
BRDA:21,1,0,2
BRDA:21,1,1,3
BRDA:26,2,0,1
BRDA:26,2,1,2
BRDA:41,3,0,2
BRDA:41,3,1,0
BRF:8
BRH:7
end_of_record
TN:
SF:src/services/queueService.js
FN:7,(anonymous_0)
FN:19,(anonymous_1)
FN:20,(anonymous_2)
FN:28,(anonymous_3)
FN:31,(anonymous_4)
FN:37,(anonymous_5)
FN:63,(anonymous_6)
FN:80,(anonymous_7)
FN:83,(anonymous_8)
FN:88,(anonymous_9)
FN:100,(anonymous_10)
FN:115,(anonymous_11)
FNF:12
FNH:12
FNDA:28,(anonymous_0)
FNDA:6,(anonymous_1)
FNDA:14,(anonymous_2)
FNDA:4,(anonymous_3)
FNDA:11,(anonymous_4)
FNDA:4,(anonymous_5)
FNDA:4,(anonymous_6)
FNDA:5,(anonymous_7)
FNDA:10,(anonymous_8)
FNDA:8,(anonymous_9)
FNDA:4,(anonymous_10)
FNDA:3,(anonymous_11)
DA:1,5
DA:2,5
DA:3,5
DA:4,5
DA:8,28
DA:16,28
DA:20,6
DA:21,14
DA:22,14
DA:24,5
DA:29,4
DA:30,4
DA:31,11
DA:34,4
DA:38,4
DA:39,4
DA:40,1
DA:43,3
DA:44,3
DA:45,1
DA:48,2
DA:60,2
DA:64,4
DA:65,4
DA:66,1
DA:69,3
DA:70,1
DA:73,2
DA:77,2
DA:81,5
DA:83,10
DA:84,5
DA:85,2
DA:88,8
DA:89,3
DA:90,1
DA:93,2
DA:94,2
DA:96,2
DA:101,4
DA:102,4
DA:103,0
DA:106,4
DA:107,1
DA:110,3
DA:116,3
DA:117,3
DA:118,0
DA:121,3
DA:122,1
DA:125,2
DA:131,5
LF:52
LH:50
BRDA:16,0,0,28
BRDA:16,0,1,0
BRDA:22,1,0,9
BRDA:22,1,1,5
BRDA:31,2,0,11
BRDA:31,2,1,0
BRDA:39,3,0,1
BRDA:39,3,1,3
BRDA:44,4,0,1
BRDA:44,4,1,2
BRDA:44,5,0,3
BRDA:44,5,1,1
BRDA:44,5,2,0
BRDA:55,6,0,2
BRDA:55,6,1,0
BRDA:65,7,0,1
BRDA:65,7,1,3
BRDA:69,8,0,1
BRDA:69,8,1,2
BRDA:84,9,0,2
BRDA:84,9,1,3
BRDA:89,10,0,1
BRDA:89,10,1,2
BRDA:102,11,0,0
BRDA:102,11,1,4
BRDA:106,12,0,1
BRDA:106,12,1,3
BRDA:106,13,0,4
BRDA:106,13,1,2
BRDA:117,14,0,0
BRDA:117,14,1,3
BRDA:121,15,0,1
BRDA:121,15,1,2
BRF:33
BRH:27
end_of_record
TN:
SF:src/services/serviceCatalogService.js
FN:4,(anonymous_0)
FNF:1
FNH:1
FNDA:1,(anonymous_0)
DA:1,4
DA:5,1
DA:9,4
LF:3
LH:3
BRF:0
BRH:0
end_of_record
TN:
SF:src/utils/httpError.js
FN:1,httpError
FNF:1
FNH:1
FNDA:13,httpError
DA:2,13
DA:3,13
DA:4,13
DA:8,6
LF:4
LH:4
BRF:0
BRH:0
end_of_record
TN:
SF:src/utils/idGenerator.js
FN:1,generateQueueId
FNF:1
FNH:1
FNDA:2,generateQueueId
DA:2,2
DA:5,5
LF:2
LH:2
BRF:0
BRH:0
end_of_record
TN:
SF:src/validators/appointmentValidators.js
FN:1,validateCreateAppointmentPayload
FNF:1
FNH:1
FNDA:13,validateCreateAppointmentPayload
DA:2,13
DA:4,13
DA:5,3
DA:6,10
DA:7,1
DA:10,13
DA:11,3
DA:14,13
DA:15,3
DA:18,13
DA:19,3
DA:22,13
DA:23,3
DA:26,13
DA:27,1
DA:30,13
DA:33,6
LF:17
LH:17
BRDA:4,0,0,3
BRDA:4,0,1,10
BRDA:4,1,0,13
BRDA:4,1,1,10
BRDA:4,1,2,10
BRDA:6,2,0,1
BRDA:6,2,1,9
BRDA:10,3,0,3
BRDA:10,3,1,10
BRDA:10,4,0,13
BRDA:10,4,1,10
BRDA:14,5,0,3
BRDA:14,5,1,10
BRDA:14,6,0,13
BRDA:14,6,1,10
BRDA:18,7,0,3
BRDA:18,7,1,10
BRDA:18,8,0,13
BRDA:18,8,1,10
BRDA:22,9,0,3
BRDA:22,9,1,10
BRDA:22,10,0,13
BRDA:22,10,1,10
BRDA:26,11,0,1
BRDA:26,11,1,12
BRDA:26,12,0,13
BRDA:26,12,1,4
BRF:27
BRH:27
end_of_record
TN:
SF:src/validators/queueValidators.js
FN:3,validateJoinQueuePayload
FNF:1
FNH:1
FNDA:12,validateJoinQueuePayload
DA:1,6
DA:4,12
DA:6,12
DA:7,2
DA:10,12
DA:11,2
DA:12,10
DA:13,0
DA:14,10
DA:15,1
DA:18,12
DA:19,2
DA:22,12
DA:23,2
DA:26,12
DA:27,2
DA:28,10
DA:29,0
DA:30,10
DA:31,0
DA:34,12
DA:35,5
DA:36,1
DA:40,12
DA:43,6
LF:25
LH:22
BRDA:6,0,0,2
BRDA:6,0,1,10
BRDA:6,1,0,12
BRDA:6,1,1,10
BRDA:10,2,0,2
BRDA:10,2,1,10
BRDA:10,3,0,12
BRDA:10,3,1,10
BRDA:12,4,0,0
BRDA:12,4,1,10
BRDA:14,5,0,1
BRDA:14,5,1,9
BRDA:18,6,0,2
BRDA:18,6,1,10
BRDA:18,7,0,12
BRDA:18,7,1,10
BRDA:22,8,0,2
BRDA:22,8,1,10
BRDA:22,9,0,12
BRDA:22,9,1,10
BRDA:26,10,0,2
BRDA:26,10,1,10
BRDA:26,11,0,12
BRDA:26,11,1,10
BRDA:28,12,0,0
BRDA:28,12,1,10
BRDA:30,13,0,0
BRDA:30,13,1,10
BRDA:34,14,0,5
BRDA:34,14,1,7
BRDA:35,15,0,1
BRDA:35,15,1,4
BRDA:35,16,0,5
BRDA:35,16,1,5
BRF:34
BRH:31
end_of_record
