TN:
SF:src/app.js
FN:17,(anonymous_0)
FN:35,(anonymous_1)
FN:43,(anonymous_2)
FNF:3
FNH:1
FNDA:0,(anonymous_0)
FNDA:0,(anonymous_1)
FNDA:4,(anonymous_2)
DA:1,6
DA:2,6
DA:4,6
DA:5,6
DA:6,6
DA:7,6
DA:8,6
DA:9,6
DA:10,6
DA:11,6
DA:12,6
DA:14,6
DA:15,6
DA:17,6
DA:18,0
DA:24,6
DA:25,6
DA:26,6
DA:27,6
DA:28,6
DA:29,6
DA:30,6
DA:31,6
DA:35,6
DA:36,0
DA:43,6
DA:44,4
DA:46,4
DA:47,4
DA:56,6
LF:30
LH:28
BRDA:46,0,0,4
BRDA:46,0,1,0
BRDA:49,1,0,4
BRDA:49,1,1,0
BRF:4
BRH:2
end_of_record
TN:
SF:src/config/db.js
FN:22,requireEnv
FN:32,getPool
FNF:2
FNH:1
FNDA:2,requireEnv
FNDA:0,getPool
DA:1,8
DA:3,8
DA:23,2
DA:24,2
DA:25,1
DA:26,1
DA:27,1
DA:29,1
DA:33,0
DA:34,0
DA:35,0
DA:36,0
DA:37,0
DA:38,0
DA:39,0
DA:42,8
LF:16
LH:9
BRDA:8,0,0,8
BRDA:8,0,1,8
BRDA:24,1,0,1
BRDA:24,1,1,1
BRDA:24,2,0,2
BRDA:24,2,1,1
BRDA:33,3,0,0
BRDA:33,3,1,0
BRF:8
BRH:6
end_of_record
TN:
SF:src/controllers/adminQueueController.js
FN:3,getCurrentQueue
FN:16,serveNextUser
FN:29,markNoShow
FN:43,completeServing
FNF:4
FNH:4
FNDA:1,getCurrentQueue
FNDA:2,serveNextUser
FNDA:1,markNoShow
FNDA:1,completeServing
DA:1,6
DA:4,1
DA:5,1
DA:7,1
DA:12,0
DA:17,2
DA:18,2
DA:20,1
DA:26,1
DA:30,1
DA:31,1
DA:33,1
DA:39,0
DA:44,1
DA:45,1
DA:47,1
DA:53,0
DA:57,6
LF:18
LH:15
BRF:0
BRH:0
end_of_record
TN:
SF:src/controllers/appointmentController.js
FN:3,createAppointment
FN:17,getAppointmentsForStudent
FN:30,getAdminAppointments
FNF:3
FNH:3
FNDA:2,createAppointment
FNDA:1,getAppointmentsForStudent
FNDA:1,getAdminAppointments
DA:1,6
DA:4,2
DA:5,2
DA:7,1
DA:13,1
DA:18,1
DA:19,1
DA:21,1
DA:26,0
DA:31,1
DA:32,1
DA:34,1
DA:39,0
DA:43,6
LF:14
LH:12
BRF:0
BRH:0
end_of_record
TN:
SF:src/controllers/auth.controller.js
FN:8,(anonymous_0)
FN:71,(anonymous_1)
FN:132,(anonymous_2)
FNF:3
FNH:2
FNDA:3,(anonymous_0)
FNDA:3,(anonymous_1)
FNDA:0,(anonymous_2)
DA:1,7
DA:2,7
DA:3,7
DA:5,7
DA:8,7
DA:9,3
DA:10,3
DA:12,3
DA:13,1
DA:19,2
DA:21,2
DA:22,0
DA:29,2
DA:30,2
DA:31,1
DA:37,1
DA:40,1
DA:50,1
DA:62,0
DA:63,0
DA:71,7
DA:72,3
DA:73,3
DA:75,3
DA:76,1
DA:83,2
DA:84,2
DA:85,1
DA:92,1
DA:100,1
DA:110,1
DA:123,0
DA:124,0
DA:132,7
DA:133,0
DA:134,0
DA:135,0
DA:136,0
DA:142,0
DA:143,0
DA:145,0
DA:154,0
DA:161,7
LF:43
LH:30
BRDA:5,0,0,7
BRDA:5,0,1,7
BRDA:12,1,0,1
BRDA:12,1,1,2
BRDA:12,2,0,3
BRDA:12,2,1,2
BRDA:21,3,0,0
BRDA:21,3,1,2
BRDA:30,4,0,1
BRDA:30,4,1,1
BRDA:57,5,0,1
BRDA:57,5,1,0
BRDA:58,6,0,1
BRDA:58,6,1,0
BRDA:73,7,0,3
BRDA:75,8,0,1
BRDA:75,8,1,2
BRDA:75,9,0,3
BRDA:75,9,1,2
BRDA:84,10,0,1
BRDA:84,10,1,1
BRDA:95,11,0,1
BRDA:95,11,1,0
BRDA:96,12,0,0
BRDA:96,12,1,1
BRDA:119,13,0,1
BRDA:119,13,1,1
BRDA:135,14,0,0
BRDA:135,14,1,0
BRDA:135,15,0,0
BRDA:135,15,1,0
BRF:31
BRH:22
end_of_record
TN:
SF:src/controllers/historyController.js
FN:3,getUserHistory
FNF:1
FNH:1
FNDA:1,getUserHistory
DA:1,6
DA:4,1
DA:5,1
DA:6,1
DA:8,1
DA:13,0
DA:17,6
LF:7
LH:6
BRF:0
BRH:0
end_of_record
TN:
SF:src/controllers/notificationsController.js
FN:3,getForUser
FNF:1
FNH:1
FNDA:1,getForUser
DA:1,6
DA:4,1
DA:5,1
DA:6,1
DA:7,1
DA:9,0
DA:13,6
LF:7
LH:6
BRF:0
BRH:0
end_of_record
TN:
SF:src/controllers/queueController.js
FN:3,joinQueue
FN:22,getActiveQueueEntry
FN:43,leaveQueue
FNF:3
FNH:2
FNDA:2,joinQueue
FNDA:0,getActiveQueueEntry
FNDA:2,leaveQueue
DA:1,6
DA:4,2
DA:5,2
DA:7,1
DA:18,1
DA:23,0
DA:24,0
DA:25,0
DA:26,0
DA:32,0
DA:34,0
DA:39,0
DA:44,2
DA:45,2
DA:47,1
DA:53,1
DA:57,6
LF:17
LH:10
BRDA:25,0,0,0
BRDA:25,0,1,0
BRF:2
BRH:0
end_of_record
TN:
SF:src/controllers/serviceCatalogController.js
FN:4,getServices
FN:7,(anonymous_1)
FN:18,getServiceById
FN:36,createService
FN:68,updateService
FN:98,joinQueue
FN:113,leaveQueue
FN:128,deleteService
FNF:8
FNH:6
FNDA:1,getServices
FNDA:2,(anonymous_1)
FNDA:2,getServiceById
FNDA:2,createService
FNDA:2,updateService
FNDA:0,joinQueue
FNDA:0,leaveQueue
FNDA:2,deleteService
DA:1,6
DA:5,1
DA:6,1
DA:7,2
DA:11,1
DA:13,0
DA:19,2
DA:20,2
DA:21,2
DA:23,1
DA:31,0
DA:37,2
DA:38,2
DA:40,2
DA:41,1
DA:44,1
DA:51,1
DA:63,0
DA:69,2
DA:70,2
DA:72,2
DA:79,2
DA:81,1
DA:93,0
DA:99,0
DA:100,0
DA:101,0
DA:103,0
DA:104,0
DA:106,0
DA:108,0
DA:114,0
DA:115,0
DA:116,0
DA:118,0
DA:119,0
DA:121,0
DA:123,0
DA:129,2
DA:130,2
DA:131,2
DA:133,1
DA:135,0
DA:139,6
LF:44
LH:25
BRDA:9,0,0,2
BRDA:9,0,1,0
BRDA:9,0,2,0
BRDA:21,1,0,1
BRDA:21,1,1,1
BRDA:27,2,0,1
BRDA:27,2,1,0
BRDA:27,2,2,0
BRDA:40,3,0,1
BRDA:40,3,1,1
BRDA:40,4,0,2
BRDA:40,4,1,1
BRDA:46,5,0,1
BRDA:46,5,1,0
BRDA:48,6,0,1
BRDA:48,6,1,1
BRDA:57,7,0,1
BRDA:57,7,1,0
BRDA:58,8,0,1
BRDA:58,8,1,0
BRDA:79,9,0,1
BRDA:79,9,1,1
BRDA:87,10,0,1
BRDA:87,10,1,0
BRDA:88,11,0,1
BRDA:88,11,1,0
BRDA:101,12,0,0
BRDA:101,12,1,0
BRDA:104,13,0,0
BRDA:104,13,1,0
BRDA:116,14,0,0
BRDA:116,14,1,0
BRDA:119,15,0,0
BRDA:119,15,1,0
BRDA:131,16,0,1
BRDA:131,16,1,1
BRF:36
BRH:19
end_of_record
TN:
SF:src/repositories/appointmentRepository.js
FN:5,(anonymous_0)
FN:31,(anonymous_1)
FN:60,(anonymous_2)
FN:90,(anonymous_3)
FNF:4
FNH:4
FNDA:1,(anonymous_0)
FNDA:1,(anonymous_1)
FNDA:1,(anonymous_2)
FNDA:1,(anonymous_3)
DA:1,6
DA:2,6
DA:6,1
DA:7,1
DA:28,1
DA:32,1
DA:33,1
DA:57,1
DA:61,1
DA:62,1
DA:87,1
DA:91,1
DA:92,1
DA:93,1
DA:95,1
DA:144,1
DA:148,6
LF:17
LH:17
BRDA:57,0,0,1
BRDA:57,0,1,0
BRDA:92,1,0,1
BRDA:92,1,1,1
BRDA:92,1,2,1
BRDA:93,2,0,0
BRDA:93,2,1,1
BRDA:93,3,0,1
BRDA:93,3,1,0
BRDA:98,4,0,0
BRDA:98,4,1,1
BRDA:107,5,0,1
BRDA:107,5,1,0
BRDA:108,6,0,1
BRDA:108,6,1,1
BRDA:109,7,0,1
BRDA:109,7,1,1
BRF:17
BRH:12
end_of_record
TN:
SF:src/repositories/notificationRepository.js
FN:4,mapTypeToStatus
FN:23,create
FN:64,findAll
FN:83,findByUserId
FNF:4
FNH:4
FNDA:1,mapTypeToStatus
FNDA:1,create
FNDA:1,findAll
FNDA:1,findByUserId
DA:1,6
DA:2,6
DA:5,1
DA:7,1
DA:9,0
DA:11,0
DA:13,0
DA:15,0
DA:17,0
DA:19,0
DA:24,1
DA:25,1
DA:26,1
DA:28,1
DA:56,1
DA:65,1
DA:66,1
DA:80,1
DA:84,1
DA:85,1
DA:103,1
DA:106,6
LF:22
LH:16
BRDA:5,0,0,1
BRDA:5,0,1,0
BRDA:5,0,2,0
BRDA:5,0,3,0
BRDA:5,0,4,0
BRDA:5,0,5,0
BRDA:5,0,6,0
BRDA:32,1,0,1
BRDA:32,1,1,0
BRDA:59,2,0,1
BRDA:59,2,1,0
BRF:11
BRH:3
end_of_record
TN:
SF:src/repositories/queueRepository.js
FN:5,(anonymous_0)
FN:26,(anonymous_1)
FN:51,(anonymous_2)
FN:77,(anonymous_3)
FN:160,(anonymous_4)
FN:190,(anonymous_5)
FN:202,(anonymous_6)
FN:225,(anonymous_7)
FNF:8
FNH:6
FNDA:1,(anonymous_0)
FNDA:3,(anonymous_1)
FNDA:1,(anonymous_2)
FNDA:2,(anonymous_3)
FNDA:1,(anonymous_4)
FNDA:1,(anonymous_5)
FNDA:0,(anonymous_6)
FNDA:0,(anonymous_7)
DA:1,6
DA:2,6
DA:6,1
DA:7,1
DA:23,1
DA:27,3
DA:28,3
DA:48,3
DA:52,1
DA:53,1
DA:74,1
DA:78,2
DA:81,2
DA:92,2
DA:93,2
DA:94,1
DA:107,1
DA:111,2
DA:115,2
DA:118,2
DA:157,2
DA:161,1
DA:162,1
DA:163,1
DA:165,1
DA:166,1
DA:168,1
DA:169,1
DA:171,1
DA:187,1
DA:191,1
DA:192,1
DA:199,1
DA:203,0
DA:204,0
DA:222,0
DA:226,0
DA:227,0
DA:253,0
DA:257,6
LF:40
LH:34
BRDA:48,0,0,3
BRDA:48,0,1,0
BRDA:74,1,0,1
BRDA:74,1,1,0
BRDA:93,2,0,1
BRDA:93,2,1,1
BRDA:111,3,0,2
BRDA:111,3,1,2
BRDA:111,3,2,2
BRDA:115,4,0,0
BRDA:115,4,1,2
BRDA:115,5,0,2
BRDA:115,5,1,0
BRDA:127,6,0,2
BRDA:127,6,1,0
BRDA:128,7,0,2
BRDA:128,7,1,0
BRDA:129,8,0,2
BRDA:129,8,1,2
BRDA:163,9,0,0
BRDA:163,9,1,1
BRDA:165,10,0,1
BRDA:165,10,1,0
BRDA:166,11,0,1
BRDA:166,11,1,0
BRDA:166,11,2,0
BRDA:168,12,0,0
BRDA:168,12,1,1
BRDA:168,13,0,1
BRDA:168,13,1,0
BRDA:169,14,0,1
BRDA:169,14,1,0
BRDA:169,15,0,1
BRDA:169,15,1,1
BRDA:222,16,0,0
BRDA:222,16,1,0
BRDA:253,17,0,0
BRDA:253,17,1,0
BRF:38
BRH:21
end_of_record
TN:
SF:src/repositories/serviceRepository.js
FN:5,(anonymous_0)
FN:24,(anonymous_1)
FN:45,(anonymous_2)
FN:79,(anonymous_3)
FN:114,(anonymous_4)
FNF:5
FNH:5
FNDA:1,(anonymous_0)
FNDA:1,(anonymous_1)
FNDA:1,(anonymous_2)
FNDA:1,(anonymous_3)
FNDA:1,(anonymous_4)
DA:1,7
DA:2,7
DA:6,1
DA:7,1
DA:21,1
DA:25,1
DA:26,1
DA:42,1
DA:46,1
DA:47,1
DA:49,1
DA:76,1
DA:80,1
DA:82,1
DA:83,1
DA:85,0
DA:86,0
DA:87,0
DA:88,0
DA:89,0
DA:91,0
DA:111,0
DA:115,1
DA:116,1
DA:124,1
DA:128,7
LF:26
LH:19
BRDA:42,0,0,1
BRDA:42,0,1,0
BRDA:47,1,0,1
BRDA:47,1,1,0
BRDA:47,1,2,0
BRDA:53,2,0,1
BRDA:53,2,1,0
BRDA:54,3,0,1
BRDA:54,3,1,0
BRDA:55,4,0,1
BRDA:55,4,1,0
BRDA:56,5,0,0
BRDA:56,5,1,1
BRDA:56,6,0,1
BRDA:56,6,1,0
BRDA:83,7,0,1
BRDA:83,7,1,0
BRDA:85,8,0,0
BRDA:85,8,1,0
BRDA:86,9,0,0
BRDA:86,9,1,0
BRDA:87,10,0,0
BRDA:87,10,1,0
BRDA:87,10,2,0
BRDA:88,11,0,0
BRDA:88,11,1,0
BRDA:89,12,0,0
BRDA:89,12,1,0
BRDA:95,13,0,0
BRDA:95,13,1,0
BRDA:98,14,0,0
BRDA:98,14,1,0
BRF:32
BRH:8
end_of_record
TN:
SF:src/repositories/userRepository.js
FN:5,(anonymous_0)
FN:23,(anonymous_1)
FN:42,(anonymous_2)
FN:58,(anonymous_3)
FNF:4
FNH:4
FNDA:1,(anonymous_0)
FNDA:1,(anonymous_1)
FNDA:1,(anonymous_2)
FNDA:1,(anonymous_3)
DA:1,7
DA:2,7
DA:6,1
DA:7,1
DA:20,1
DA:24,1
DA:25,1
DA:39,1
DA:43,1
DA:44,1
DA:55,1
DA:59,1
DA:60,1
DA:62,1
DA:63,1
DA:64,1
DA:65,1
DA:66,1
DA:77,1
DA:79,1
DA:80,1
DA:88,1
DA:89,1
DA:91,0
DA:92,0
DA:97,7
LF:26
LH:24
BRDA:20,0,0,1
BRDA:20,0,1,0
BRDA:39,1,0,1
BRDA:39,1,1,0
BRDA:55,2,0,1
BRDA:55,2,1,0
BRDA:70,3,0,0
BRDA:70,3,1,1
BRDA:82,4,0,1
BRDA:82,4,1,0
BRF:10
BRH:5
end_of_record
TN:
SF:src/routes/adminAppointmentRoutes.js
FNF:0
FNH:0
DA:1,6
DA:2,6
DA:4,6
DA:6,6
DA:8,6
LF:5
LH:5
BRF:0
BRH:0
end_of_record
TN:
SF:src/routes/adminQueueRoutes.js
FNF:0
FNH:0
DA:1,6
DA:7,6
DA:9,6
DA:11,6
DA:12,6
DA:13,6
DA:14,6
DA:16,6
LF:8
LH:8
BRF:0
BRH:0
end_of_record
TN:
SF:src/routes/appointmentRoutes.js
FNF:0
FNH:0
DA:1,6
DA:6,6
DA:8,6
DA:10,6
DA:11,6
DA:12,6
DA:14,6
LF:7
LH:7
BRF:0
BRH:0
end_of_record
TN:
SF:src/routes/auth.routes.js
FNF:0
FNH:0
DA:1,7
DA:2,7
DA:4,7
DA:6,7
DA:7,7
DA:8,7
DA:10,7
LF:7
LH:7
BRF:0
BRH:0
end_of_record
TN:
SF:src/routes/historyRoutes.js
FNF:0
FNH:0
DA:1,6
DA:2,6
DA:4,6
DA:6,6
DA:8,6
LF:5
LH:5
BRF:0
BRH:0
end_of_record
TN:
SF:src/routes/notificationsRoutes.js
FNF:0
FNH:0
DA:1,6
DA:2,6
DA:4,6
DA:6,6
DA:8,6
LF:5
LH:5
BRF:0
BRH:0
end_of_record
TN:
SF:src/routes/queueRoutes.js
FNF:0
FNH:0
DA:1,6
DA:6,6
DA:8,6
DA:10,6
DA:11,6
DA:12,6
DA:14,6
LF:7
LH:7
BRF:0
BRH:0
end_of_record
TN:
SF:src/routes/serviceCatalogRoutes.js
FNF:0
FNH:0
DA:2,6
DA:9,6
DA:11,6
DA:14,6
DA:15,6
DA:18,6
DA:19,6
DA:20,6
DA:22,6
LF:9
LH:9
BRF:0
BRH:0
end_of_record
TN:
SF:src/services/appointmentService.js
FN:8,(anonymous_0)
FN:16,(anonymous_1)
FN:20,(anonymous_2)
FNF:3
FNH:3
FNDA:2,(anonymous_0)
FNDA:1,(anonymous_1)
FNDA:3,(anonymous_2)
DA:1,6
DA:2,6
DA:3,6
DA:4,6
DA:5,6
DA:9,2
DA:10,1
DA:13,1
DA:17,1
DA:21,3
DA:22,3
DA:23,1
DA:26,2
DA:27,2
DA:28,1
DA:31,1
DA:32,1
DA:47,1
DA:51,6
LF:19
LH:19
BRDA:9,0,0,1
BRDA:9,0,1,1
BRDA:22,1,0,1
BRDA:22,1,1,2
BRDA:27,2,0,1
BRDA:27,2,1,1
BRDA:33,3,0,1
BRDA:33,3,1,1
BRDA:40,4,0,1
BRDA:40,4,1,0
BRDA:41,5,0,1
BRDA:41,5,1,0
BRDA:44,6,0,1
BRDA:44,6,1,0
BRF:14
BRH:11
end_of_record
TN:
SF:src/services/historyService.js
FN:5,(anonymous_0)
FN:75,(anonymous_1)
FNF:2
FNH:2
FNDA:1,(anonymous_0)
FNDA:1,(anonymous_1)
DA:1,6
DA:2,6
DA:6,1
DA:8,1
DA:9,1
DA:20,1
DA:23,1
DA:26,1
DA:27,1
DA:59,1
DA:76,1
DA:77,1
DA:94,1
DA:98,6
LF:14
LH:14
BRDA:8,0,0,1
BRDA:8,0,1,0
BRDA:8,0,2,0
BRDA:20,1,0,1
BRDA:20,1,1,0
BRDA:23,2,0,1
BRDA:23,2,1,1
BRDA:24,3,0,1
BRDA:24,3,1,0
BRDA:24,4,0,1
BRDA:24,4,1,0
BRDA:24,4,2,0
BRDA:24,5,0,1
BRDA:24,5,1,0
BRDA:24,5,2,0
BRDA:31,6,0,1
BRDA:31,6,1,0
BRDA:32,7,0,0
BRDA:32,7,1,1
BRDA:34,8,0,1
BRDA:34,8,1,0
BRDA:62,9,0,1
BRDA:62,9,1,0
BRDA:63,10,0,1
BRDA:63,10,1,1
BRDA:64,11,0,1
BRDA:64,11,1,0
BRF:27
BRH:14
end_of_record
TN:
SF:src/services/notificationService.js
FN:3,createNotification
FN:20,notifyQueueJoined
FN:32,notifyAlmostReady
FN:43,notifyNowServing
FNF:4
FNH:4
FNDA:4,createNotification
FNDA:1,notifyQueueJoined
FNDA:1,notifyAlmostReady
FNDA:1,notifyNowServing
DA:1,5
DA:4,4
DA:15,4
DA:16,4
DA:21,1
DA:33,1
DA:44,1
DA:54,5
LF:8
LH:8
BRDA:3,0,0,0
BRF:1
BRH:0
end_of_record
TN:
SF:src/services/queueService.js
FN:9,(anonymous_0)
FN:20,(anonymous_1)
FN:21,(anonymous_2)
FN:31,(anonymous_3)
FN:33,(anonymous_4)
FN:37,(anonymous_5)
FN:41,(anonymous_6)
FN:44,(anonymous_7)
FN:50,(anonymous_8)
FN:65,(anonymous_9)
FN:71,(anonymous_10)
FN:92,(anonymous_11)
FN:167,(anonymous_12)
FN:185,(anonymous_13)
FN:214,(anonymous_14)
FN:262,(anonymous_15)
FN:291,(anonymous_16)
FNF:17
FNH:15
FNDA:24,(anonymous_0)
FNDA:4,(anonymous_1)
FNDA:12,(anonymous_2)
FNDA:4,(anonymous_3)
FNDA:12,(anonymous_4)
FNDA:1,(anonymous_5)
FNDA:3,(anonymous_6)
FNDA:3,(anonymous_7)
FNDA:3,(anonymous_8)
FNDA:0,(anonymous_9)
FNDA:0,(anonymous_10)
FNDA:2,(anonymous_11)
FNDA:3,(anonymous_12)
FNDA:2,(anonymous_13)
FNDA:3,(anonymous_14)
FNDA:3,(anonymous_15)
FNDA:2,(anonymous_16)
DA:1,5
DA:2,5
DA:3,5
DA:4,5
DA:5,5
DA:6,5
DA:10,24
DA:17,24
DA:21,4
DA:23,12
DA:25,12
DA:27,5
DA:32,4
DA:33,12
DA:34,4
DA:38,1
DA:39,1
DA:40,1
DA:41,3
DA:44,1
DA:45,3
DA:46,3
DA:49,1
DA:50,1
DA:52,3
DA:54,3
DA:56,3
DA:66,0
DA:67,0
DA:70,0
DA:71,0
DA:72,0
DA:74,0
DA:93,2
DA:94,2
DA:95,0
DA:99,2
DA:102,2
DA:107,2
DA:110,2
DA:113,2
DA:117,2
DA:119,2
DA:123,1
DA:127,1
DA:131,1
DA:143,1
DA:145,1
DA:146,1
DA:157,1
DA:158,1
DA:159,1
DA:160,1
DA:161,1
DA:166,1
DA:167,3
DA:168,1
DA:169,1
DA:171,1
DA:177,1
DA:186,2
DA:187,2
DA:188,0
DA:191,2
DA:192,1
DA:195,1
DA:199,1
DA:200,1
DA:211,1
DA:215,3
DA:216,3
DA:217,1
DA:220,2
DA:221,2
DA:222,1
DA:226,1
DA:227,1
DA:228,1
DA:229,1
DA:231,0
DA:234,1
DA:239,1
DA:240,1
DA:241,1
DA:242,1
DA:244,0
DA:247,1
DA:248,1
DA:259,1
DA:263,3
DA:264,3
DA:265,0
DA:268,3
DA:269,1
DA:272,2
DA:276,2
DA:277,2
DA:288,2
DA:292,2
DA:293,2
DA:294,0
DA:297,2
DA:298,1
DA:301,1
DA:305,1
DA:306,1
DA:317,1
DA:321,5
LF:108
LH:96
BRDA:17,0,0,24
BRDA:17,0,1,0
BRDA:25,1,0,7
BRDA:25,1,1,5
BRDA:33,2,0,12
BRDA:33,2,1,0
BRDA:41,3,0,3
BRDA:41,3,1,0
BRDA:46,4,0,3
BRDA:46,4,1,0
BRDA:46,5,0,3
BRDA:46,5,1,3
BRDA:52,6,0,0
BRDA:52,6,1,3
BRDA:66,7,0,0
BRDA:66,7,1,0
BRDA:66,8,0,0
BRDA:66,8,1,0
BRDA:72,9,0,0
BRDA:72,9,1,0
BRDA:94,10,0,0
BRDA:94,10,1,2
BRDA:99,11,0,2
BRDA:99,11,1,0
BRDA:102,12,0,2
BRDA:102,12,1,0
BRDA:102,13,0,2
BRDA:102,13,1,2
BRDA:107,14,0,2
BRDA:107,14,1,0
BRDA:110,15,0,2
BRDA:110,15,1,0
BRDA:113,16,0,2
BRDA:113,16,1,0
BRDA:113,17,0,2
BRDA:113,17,1,2
BRDA:119,18,0,1
BRDA:119,18,1,1
BRDA:120,19,0,2
BRDA:120,19,1,1
BRDA:120,19,2,0
BRDA:127,20,0,0
BRDA:127,20,1,1
BRDA:127,21,0,1
BRDA:127,21,1,0
BRDA:138,22,0,1
BRDA:138,22,1,0
BRDA:140,23,0,0
BRDA:140,23,1,1
BRDA:161,24,0,1
BRDA:161,24,1,0
BRDA:168,25,0,1
BRDA:168,25,1,1
BRDA:169,26,0,1
BRDA:169,26,1,1
BRDA:187,27,0,0
BRDA:187,27,1,2
BRDA:191,28,0,1
BRDA:191,28,1,1
BRDA:216,29,0,1
BRDA:216,29,1,2
BRDA:221,30,0,1
BRDA:221,30,1,1
BRDA:229,31,0,1
BRDA:229,31,1,0
BRDA:242,32,0,1
BRDA:242,32,1,0
BRDA:264,33,0,0
BRDA:264,33,1,3
BRDA:268,34,0,1
BRDA:268,34,1,2
BRDA:268,35,0,3
BRDA:268,35,1,2
BRDA:293,36,0,0
BRDA:293,36,1,2
BRDA:297,37,0,1
BRDA:297,37,1,1
BRF:77
BRH:49
end_of_record
TN:
SF:src/services/serviceCatalogService.js
FN:4,(anonymous_0)
FN:8,(anonymous_1)
FN:12,(anonymous_2)
FN:24,(anonymous_3)
FN:35,(anonymous_4)
FNF:5
FNH:5
FNDA:3,(anonymous_0)
FNDA:2,(anonymous_1)
FNDA:2,(anonymous_2)
FNDA:2,(anonymous_3)
FNDA:2,(anonymous_4)
DA:1,6
DA:5,3
DA:9,2
DA:13,2
DA:14,2
DA:15,2
DA:25,2
DA:26,2
DA:27,2
DA:36,2
DA:40,6
LF:11
LH:11
BRDA:13,0,0,2
BRDA:13,0,1,1
BRDA:13,0,2,1
BRDA:14,1,0,2
BRDA:14,1,1,1
BRDA:17,2,0,2
BRDA:17,2,1,1
BRDA:19,3,0,0
BRDA:19,3,1,2
BRDA:25,4,0,2
BRDA:25,4,1,1
BRDA:31,5,0,1
BRDA:31,5,1,1
BRF:13
BRH:12
end_of_record
TN:
SF:src/services/user.service.js
FN:9,(anonymous_0)
FN:17,(anonymous_1)
FN:22,(anonymous_2)
FN:26,(anonymous_3)
FNF:4
FNH:3
FNDA:1,(anonymous_0)
FNDA:1,(anonymous_1)
FNDA:0,(anonymous_2)
FNDA:1,(anonymous_3)
DA:1,7
DA:2,7
DA:4,7
DA:10,1
DA:18,1
DA:23,0
DA:27,1
DA:28,1
DA:37,7
LF:9
LH:8
BRDA:31,0,0,1
BRDA:31,0,1,0
BRDA:32,1,0,0
BRDA:32,1,1,1
BRF:4
BRH:2
end_of_record
TN:
SF:src/utils/codeGenerator.js
FN:1,nextCode
FN:7,userCode
FN:11,serviceCode
FN:15,queueCode
FN:19,queueEntryCode
FN:23,appointmentCode
FN:27,eventCode
FNF:7
FNH:7
FNDA:9,nextCode
FNDA:2,userCode
FNDA:1,serviceCode
FNDA:1,queueCode
FNDA:1,queueEntryCode
FNDA:2,appointmentCode
FNDA:2,eventCode
DA:2,9
DA:3,9
DA:4,9
DA:8,2
DA:12,1
DA:16,1
DA:20,1
DA:24,2
DA:28,2
DA:31,12
LF:10
LH:10
BRF:0
BRH:0
end_of_record
TN:
SF:src/utils/httpError.js
FN:1,httpError
FNF:1
FNH:1
FNDA:9,httpError
DA:2,9
DA:3,9
DA:4,9
DA:8,8
LF:4
LH:4
BRF:0
BRH:0
end_of_record
TN:
SF:src/utils/idGenerator.js
FN:1,generateQueueId
FNF:1
FNH:1
FNDA:1,generateQueueId
DA:2,1
DA:5,5
LF:2
LH:2
BRF:0
BRH:0
end_of_record
TN:
SF:src/validators/appointmentValidators.js
FN:1,validateCreateAppointmentPayload
FNF:1
FNH:1
FNDA:11,validateCreateAppointmentPayload
DA:2,11
DA:4,11
DA:5,2
DA:6,9
DA:7,1
DA:10,11
DA:11,2
DA:14,11
DA:15,2
DA:18,11
DA:19,2
DA:22,11
DA:23,2
DA:26,11
DA:27,1
DA:30,11
DA:33,7
LF:17
LH:17
BRDA:4,0,0,2
BRDA:4,0,1,9
BRDA:4,1,0,11
BRDA:4,1,1,9
BRDA:4,1,2,9
BRDA:6,2,0,1
BRDA:6,2,1,8
BRDA:10,3,0,2
BRDA:10,3,1,9
BRDA:10,4,0,11
BRDA:10,4,1,9
BRDA:14,5,0,2
BRDA:14,5,1,9
BRDA:14,6,0,11
BRDA:14,6,1,9
BRDA:18,7,0,2
BRDA:18,7,1,9
BRDA:18,8,0,11
BRDA:18,8,1,9
BRDA:22,9,0,2
BRDA:22,9,1,9
BRDA:22,10,0,11
BRDA:22,10,1,9
BRDA:26,11,0,1
BRDA:26,11,1,10
BRDA:26,12,0,11
BRDA:26,12,1,3
BRF:27
BRH:27
end_of_record
TN:
SF:src/validators/queueValidators.js
FN:3,validateJoinQueuePayload
FNF:1
FNH:1
FNDA:10,validateJoinQueuePayload
DA:1,6
DA:4,10
DA:7,10
DA:8,1
DA:12,10
DA:13,1
DA:14,9
DA:15,0
DA:16,9
DA:17,1
DA:21,10
DA:22,0
DA:26,10
DA:27,1
DA:31,10
DA:32,9
DA:33,0
DA:34,9
DA:35,0
DA:36,9
DA:37,0
DA:42,10
DA:43,4
DA:47,1
DA:51,10
DA:52,0
DA:53,0
DA:54,0
DA:55,0
DA:59,10
DA:62,6
LF:31
LH:22
BRDA:7,0,0,1
BRDA:7,0,1,9
BRDA:7,1,0,10
BRDA:7,1,1,9
BRDA:12,2,0,1
BRDA:12,2,1,9
BRDA:12,3,0,10
BRDA:12,3,1,9
BRDA:14,4,0,0
BRDA:14,4,1,9
BRDA:16,5,0,1
BRDA:16,5,1,8
BRDA:21,6,0,0
BRDA:21,6,1,10
BRDA:21,7,0,10
BRDA:21,7,1,9
BRDA:26,8,0,1
BRDA:26,8,1,9
BRDA:26,9,0,10
BRDA:26,9,1,9
BRDA:31,10,0,9
BRDA:31,10,1,1
BRDA:32,11,0,0
BRDA:32,11,1,9
BRDA:34,12,0,0
BRDA:34,12,1,9
BRDA:36,13,0,0
BRDA:36,13,1,9
BRDA:42,14,0,4
BRDA:42,14,1,6
BRDA:43,15,0,1
BRDA:43,15,1,3
BRDA:44,16,0,4
BRDA:44,16,1,4
BRDA:51,17,0,0
BRDA:51,17,1,10
BRDA:52,18,0,0
BRDA:52,18,1,0
BRDA:54,19,0,0
BRDA:54,19,1,0
BRF:40
BRH:30
end_of_record
TN:
SF:tests/_helpers/mockMssql.js
FN:1,buildMockRequest
FN:3,(anonymous_1)
FN:4,(anonymous_2)
FN:9,buildMockPool
FN:11,(anonymous_4)
FNF:5
FNH:4
FNDA:21,buildMockRequest
FNDA:48,(anonymous_1)
FNDA:0,(anonymous_2)
FNDA:22,buildMockPool
FNDA:21,(anonymous_4)
DA:2,21
DA:3,48
DA:4,0
DA:6,21
DA:10,22
DA:11,21
DA:15,6
LF:7
LH:6
BRF:0
BRH:0
end_of_record
